{"/Users/fcasarotto/Workspace/usp_tcc/GeocodingAPI/controllers/confidenceRate.js": {"path":"/Users/fcasarotto/Workspace/usp_tcc/GeocodingAPI/controllers/confidenceRate.js","all":false,"statementMap":{"0":{"start":{"line":1,"column":0},"end":{"line":1,"column":33}},"1":{"start":{"line":2,"column":0},"end":{"line":2,"column":33}},"2":{"start":{"line":3,"column":0},"end":{"line":3,"column":0}},"3":{"start":{"line":4,"column":0},"end":{"line":4,"column":52}},"4":{"start":{"line":5,"column":0},"end":{"line":5,"column":4}},"5":{"start":{"line":6,"column":0},"end":{"line":6,"column":23}},"6":{"start":{"line":7,"column":0},"end":{"line":7,"column":41}},"7":{"start":{"line":8,"column":0},"end":{"line":8,"column":25}},"8":{"start":{"line":9,"column":0},"end":{"line":9,"column":24}},"9":{"start":{"line":10,"column":0},"end":{"line":10,"column":0}},"10":{"start":{"line":11,"column":0},"end":{"line":11,"column":25}},"11":{"start":{"line":12,"column":0},"end":{"line":12,"column":81}},"12":{"start":{"line":13,"column":0},"end":{"line":13,"column":81}},"13":{"start":{"line":14,"column":0},"end":{"line":14,"column":4}},"14":{"start":{"line":15,"column":0},"end":{"line":15,"column":21}},"15":{"start":{"line":16,"column":0},"end":{"line":16,"column":37}},"16":{"start":{"line":17,"column":0},"end":{"line":17,"column":101}},"17":{"start":{"line":18,"column":0},"end":{"line":18,"column":99}},"18":{"start":{"line":19,"column":0},"end":{"line":19,"column":0}},"19":{"start":{"line":20,"column":0},"end":{"line":20,"column":16}},"20":{"start":{"line":21,"column":0},"end":{"line":21,"column":91}},"21":{"start":{"line":22,"column":0},"end":{"line":22,"column":0}},"22":{"start":{"line":23,"column":0},"end":{"line":23,"column":21}},"23":{"start":{"line":24,"column":0},"end":{"line":24,"column":25}},"24":{"start":{"line":25,"column":0},"end":{"line":25,"column":1}},"25":{"start":{"line":26,"column":0},"end":{"line":26,"column":0}},"26":{"start":{"line":27,"column":0},"end":{"line":27,"column":46}},"27":{"start":{"line":28,"column":0},"end":{"line":28,"column":4}},"28":{"start":{"line":29,"column":0},"end":{"line":29,"column":21}},"29":{"start":{"line":30,"column":0},"end":{"line":30,"column":12}},"30":{"start":{"line":31,"column":0},"end":{"line":31,"column":0}},"31":{"start":{"line":32,"column":0},"end":{"line":32,"column":1}},"32":{"start":{"line":33,"column":0},"end":{"line":33,"column":0}},"33":{"start":{"line":34,"column":0},"end":{"line":34,"column":20}},"34":{"start":{"line":35,"column":0},"end":{"line":35,"column":51}},"35":{"start":{"line":36,"column":0},"end":{"line":36,"column":70}},"36":{"start":{"line":37,"column":0},"end":{"line":37,"column":1}}},"s":{"0":1,"1":1,"2":1,"3":1,"4":1,"5":1,"6":1,"7":1,"8":1,"9":1,"10":1,"11":1,"12":1,"13":1,"14":1,"15":1,"16":1,"17":1,"18":1,"19":1,"20":1,"21":1,"22":1,"23":1,"24":1,"25":1,"26":1,"27":0,"28":0,"29":0,"30":0,"31":0,"32":1,"33":1,"34":1,"35":4,"36":4},"branchMap":{"0":{"type":"branch","line":4,"loc":{"start":{"line":4,"column":29},"end":{"line":25,"column":1}},"locations":[{"start":{"line":4,"column":29},"end":{"line":25,"column":1}}]},"1":{"type":"branch","line":35,"loc":{"start":{"line":35,"column":18},"end":{"line":37,"column":1}},"locations":[{"start":{"line":35,"column":18},"end":{"line":37,"column":1}}]}},"b":{"0":[1],"1":[4]},"fnMap":{"0":{"name":"Object.<anonymous>.exports.confidenceRateCode","decl":{"start":{"line":4,"column":29},"end":{"line":25,"column":1}},"loc":{"start":{"line":4,"column":29},"end":{"line":25,"column":1}},"line":4},"1":{"name":"Object.<anonymous>.exports.confidenceRateLocate","decl":{"start":{"line":27,"column":31},"end":{"line":32,"column":1}},"loc":{"start":{"line":27,"column":31},"end":{"line":32,"column":1}},"line":27},"2":{"name":"getDistance","decl":{"start":{"line":35,"column":18},"end":{"line":37,"column":1}},"loc":{"start":{"line":35,"column":18},"end":{"line":37,"column":1}},"line":35}},"f":{"0":1,"1":0,"2":4}}
,"/Users/fcasarotto/Workspace/usp_tcc/GeocodingAPI/controllers/dictionary.js": {"path":"/Users/fcasarotto/Workspace/usp_tcc/GeocodingAPI/controllers/dictionary.js","all":false,"statementMap":{"0":{"start":{"line":1,"column":0},"end":{"line":1,"column":21}},"1":{"start":{"line":2,"column":0},"end":{"line":2,"column":42}},"2":{"start":{"line":3,"column":0},"end":{"line":3,"column":18}},"3":{"start":{"line":4,"column":0},"end":{"line":4,"column":19}},"4":{"start":{"line":5,"column":0},"end":{"line":5,"column":20}},"5":{"start":{"line":6,"column":0},"end":{"line":6,"column":22}},"6":{"start":{"line":7,"column":0},"end":{"line":7,"column":23}},"7":{"start":{"line":8,"column":0},"end":{"line":8,"column":23}},"8":{"start":{"line":9,"column":0},"end":{"line":9,"column":24}},"9":{"start":{"line":10,"column":0},"end":{"line":10,"column":24}},"10":{"start":{"line":11,"column":0},"end":{"line":11,"column":25}},"11":{"start":{"line":12,"column":0},"end":{"line":12,"column":20}},"12":{"start":{"line":13,"column":0},"end":{"line":13,"column":22}},"13":{"start":{"line":14,"column":0},"end":{"line":14,"column":24}},"14":{"start":{"line":15,"column":0},"end":{"line":15,"column":5}},"15":{"start":{"line":16,"column":0},"end":{"line":16,"column":37}},"16":{"start":{"line":17,"column":0},"end":{"line":17,"column":29}},"17":{"start":{"line":18,"column":0},"end":{"line":18,"column":33}},"18":{"start":{"line":19,"column":0},"end":{"line":19,"column":37}},"19":{"start":{"line":20,"column":0},"end":{"line":20,"column":41}},"20":{"start":{"line":21,"column":0},"end":{"line":21,"column":13}},"21":{"start":{"line":22,"column":0},"end":{"line":22,"column":9}},"22":{"start":{"line":23,"column":0},"end":{"line":23,"column":5}},"23":{"start":{"line":24,"column":0},"end":{"line":24,"column":27}},"24":{"start":{"line":25,"column":0},"end":{"line":25,"column":1}}},"s":{"0":1,"1":1,"2":0,"3":0,"4":0,"5":0,"6":0,"7":0,"8":0,"9":0,"10":0,"11":0,"12":0,"13":0,"14":0,"15":0,"16":0,"17":0,"18":0,"19":0,"20":0,"21":0,"22":0,"23":0,"24":0},"branchMap":{},"b":{},"fnMap":{"0":{"name":"Object.<anonymous>.exports.dictionary","decl":{"start":{"line":2,"column":21},"end":{"line":25,"column":1}},"loc":{"start":{"line":2,"column":21},"end":{"line":25,"column":1}},"line":2}},"f":{"0":0}}
,"/Users/fcasarotto/Workspace/usp_tcc/GeocodingAPI/controllers/lineLocate.js": {"path":"/Users/fcasarotto/Workspace/usp_tcc/GeocodingAPI/controllers/lineLocate.js","all":false,"statementMap":{"0":{"start":{"line":1,"column":0},"end":{"line":1,"column":26}},"1":{"start":{"line":2,"column":0},"end":{"line":2,"column":28}},"2":{"start":{"line":3,"column":0},"end":{"line":3,"column":0}},"3":{"start":{"line":4,"column":0},"end":{"line":4,"column":43}},"4":{"start":{"line":5,"column":0},"end":{"line":5,"column":4}},"5":{"start":{"line":6,"column":0},"end":{"line":6,"column":40}},"6":{"start":{"line":7,"column":0},"end":{"line":7,"column":55}},"7":{"start":{"line":8,"column":0},"end":{"line":8,"column":59}},"8":{"start":{"line":9,"column":0},"end":{"line":9,"column":0}},"9":{"start":{"line":10,"column":0},"end":{"line":10,"column":40}},"10":{"start":{"line":11,"column":0},"end":{"line":11,"column":52}},"11":{"start":{"line":12,"column":0},"end":{"line":12,"column":56}},"12":{"start":{"line":13,"column":0},"end":{"line":13,"column":0}},"13":{"start":{"line":14,"column":0},"end":{"line":14,"column":37}},"14":{"start":{"line":15,"column":0},"end":{"line":15,"column":41}},"15":{"start":{"line":16,"column":0},"end":{"line":16,"column":4}},"16":{"start":{"line":17,"column":0},"end":{"line":17,"column":23}},"17":{"start":{"line":18,"column":0},"end":{"line":18,"column":23}},"18":{"start":{"line":19,"column":0},"end":{"line":19,"column":22}},"19":{"start":{"line":20,"column":0},"end":{"line":20,"column":27}},"20":{"start":{"line":21,"column":0},"end":{"line":21,"column":18}},"21":{"start":{"line":22,"column":0},"end":{"line":22,"column":24}},"22":{"start":{"line":23,"column":0},"end":{"line":23,"column":4}},"23":{"start":{"line":24,"column":0},"end":{"line":24,"column":35}},"24":{"start":{"line":25,"column":0},"end":{"line":25,"column":49}},"25":{"start":{"line":26,"column":0},"end":{"line":26,"column":0}},"26":{"start":{"line":27,"column":0},"end":{"line":27,"column":49}},"27":{"start":{"line":28,"column":0},"end":{"line":28,"column":163}},"28":{"start":{"line":29,"column":0},"end":{"line":29,"column":45}},"29":{"start":{"line":30,"column":0},"end":{"line":30,"column":0}},"30":{"start":{"line":31,"column":0},"end":{"line":31,"column":55}},"31":{"start":{"line":32,"column":0},"end":{"line":32,"column":152}},"32":{"start":{"line":33,"column":0},"end":{"line":33,"column":146}},"33":{"start":{"line":34,"column":0},"end":{"line":34,"column":19}},"34":{"start":{"line":35,"column":0},"end":{"line":35,"column":9}},"35":{"start":{"line":36,"column":0},"end":{"line":36,"column":5}},"36":{"start":{"line":37,"column":0},"end":{"line":37,"column":8}},"37":{"start":{"line":38,"column":0},"end":{"line":38,"column":55}},"38":{"start":{"line":39,"column":0},"end":{"line":39,"column":18}},"39":{"start":{"line":40,"column":0},"end":{"line":40,"column":0}},"40":{"start":{"line":41,"column":0},"end":{"line":41,"column":89}},"41":{"start":{"line":42,"column":0},"end":{"line":42,"column":156}},"42":{"start":{"line":43,"column":0},"end":{"line":43,"column":7}},"43":{"start":{"line":44,"column":0},"end":{"line":44,"column":29}},"44":{"start":{"line":45,"column":0},"end":{"line":45,"column":40}},"45":{"start":{"line":46,"column":0},"end":{"line":46,"column":0}},"46":{"start":{"line":47,"column":0},"end":{"line":47,"column":10}},"47":{"start":{"line":48,"column":0},"end":{"line":48,"column":4}},"48":{"start":{"line":49,"column":0},"end":{"line":49,"column":79}},"49":{"start":{"line":50,"column":0},"end":{"line":50,"column":41}},"50":{"start":{"line":51,"column":0},"end":{"line":51,"column":12}},"51":{"start":{"line":52,"column":0},"end":{"line":52,"column":44}},"52":{"start":{"line":53,"column":0},"end":{"line":53,"column":180}},"53":{"start":{"line":54,"column":0},"end":{"line":54,"column":0}},"54":{"start":{"line":55,"column":0},"end":{"line":55,"column":9}},"55":{"start":{"line":56,"column":0},"end":{"line":56,"column":0}},"56":{"start":{"line":57,"column":0},"end":{"line":57,"column":89}},"57":{"start":{"line":58,"column":0},"end":{"line":58,"column":168}},"58":{"start":{"line":59,"column":0},"end":{"line":59,"column":8}},"59":{"start":{"line":60,"column":0},"end":{"line":60,"column":29}},"60":{"start":{"line":61,"column":0},"end":{"line":61,"column":40}},"61":{"start":{"line":62,"column":0},"end":{"line":62,"column":5}},"62":{"start":{"line":63,"column":0},"end":{"line":63,"column":0}},"63":{"start":{"line":64,"column":0},"end":{"line":64,"column":1}},"64":{"start":{"line":65,"column":0},"end":{"line":65,"column":0}},"65":{"start":{"line":66,"column":0},"end":{"line":66,"column":20}},"66":{"start":{"line":67,"column":0},"end":{"line":67,"column":43}},"67":{"start":{"line":68,"column":0},"end":{"line":68,"column":54}},"68":{"start":{"line":69,"column":0},"end":{"line":69,"column":1}},"69":{"start":{"line":70,"column":0},"end":{"line":70,"column":0}},"70":{"start":{"line":71,"column":0},"end":{"line":71,"column":41}},"71":{"start":{"line":72,"column":0},"end":{"line":72,"column":4}},"72":{"start":{"line":73,"column":0},"end":{"line":73,"column":44}},"73":{"start":{"line":74,"column":0},"end":{"line":74,"column":56}},"74":{"start":{"line":75,"column":0},"end":{"line":75,"column":60}},"75":{"start":{"line":76,"column":0},"end":{"line":76,"column":4}},"76":{"start":{"line":77,"column":0},"end":{"line":77,"column":44}},"77":{"start":{"line":78,"column":0},"end":{"line":78,"column":59}},"78":{"start":{"line":79,"column":0},"end":{"line":79,"column":63}},"79":{"start":{"line":80,"column":0},"end":{"line":80,"column":4}},"80":{"start":{"line":81,"column":0},"end":{"line":81,"column":27}},"81":{"start":{"line":82,"column":0},"end":{"line":82,"column":27}},"82":{"start":{"line":83,"column":0},"end":{"line":83,"column":26}},"83":{"start":{"line":84,"column":0},"end":{"line":84,"column":31}},"84":{"start":{"line":85,"column":0},"end":{"line":85,"column":4}},"85":{"start":{"line":86,"column":0},"end":{"line":86,"column":34}},"86":{"start":{"line":87,"column":0},"end":{"line":87,"column":47}},"87":{"start":{"line":88,"column":0},"end":{"line":88,"column":4}},"88":{"start":{"line":89,"column":0},"end":{"line":89,"column":41}},"89":{"start":{"line":90,"column":0},"end":{"line":90,"column":45}},"90":{"start":{"line":91,"column":0},"end":{"line":91,"column":9}},"91":{"start":{"line":92,"column":0},"end":{"line":92,"column":39}},"92":{"start":{"line":93,"column":0},"end":{"line":93,"column":53}},"93":{"start":{"line":94,"column":0},"end":{"line":94,"column":4}},"94":{"start":{"line":95,"column":0},"end":{"line":95,"column":53}},"95":{"start":{"line":96,"column":0},"end":{"line":96,"column":167}},"96":{"start":{"line":97,"column":0},"end":{"line":97,"column":49}},"97":{"start":{"line":98,"column":0},"end":{"line":98,"column":4}},"98":{"start":{"line":99,"column":0},"end":{"line":99,"column":59}},"99":{"start":{"line":100,"column":0},"end":{"line":100,"column":160}},"100":{"start":{"line":101,"column":0},"end":{"line":101,"column":157}},"101":{"start":{"line":102,"column":0},"end":{"line":102,"column":26}},"102":{"start":{"line":103,"column":0},"end":{"line":103,"column":13}},"103":{"start":{"line":104,"column":0},"end":{"line":104,"column":9}},"104":{"start":{"line":105,"column":0},"end":{"line":105,"column":4}},"105":{"start":{"line":106,"column":0},"end":{"line":106,"column":28}},"106":{"start":{"line":107,"column":0},"end":{"line":107,"column":19}},"107":{"start":{"line":108,"column":0},"end":{"line":108,"column":38}},"108":{"start":{"line":109,"column":0},"end":{"line":109,"column":38}},"109":{"start":{"line":110,"column":0},"end":{"line":110,"column":4}},"110":{"start":{"line":111,"column":0},"end":{"line":111,"column":28}},"111":{"start":{"line":112,"column":0},"end":{"line":112,"column":19}},"112":{"start":{"line":113,"column":0},"end":{"line":113,"column":50}},"113":{"start":{"line":114,"column":0},"end":{"line":114,"column":50}},"114":{"start":{"line":115,"column":0},"end":{"line":115,"column":4}},"115":{"start":{"line":116,"column":0},"end":{"line":116,"column":8}},"116":{"start":{"line":117,"column":0},"end":{"line":117,"column":28}},"117":{"start":{"line":118,"column":0},"end":{"line":118,"column":19}},"118":{"start":{"line":119,"column":0},"end":{"line":119,"column":48}},"119":{"start":{"line":120,"column":0},"end":{"line":120,"column":48}},"120":{"start":{"line":121,"column":0},"end":{"line":121,"column":8}},"121":{"start":{"line":122,"column":0},"end":{"line":122,"column":29}},"122":{"start":{"line":123,"column":0},"end":{"line":123,"column":20}},"123":{"start":{"line":124,"column":0},"end":{"line":124,"column":25}},"124":{"start":{"line":125,"column":0},"end":{"line":125,"column":25}},"125":{"start":{"line":126,"column":0},"end":{"line":126,"column":4}},"126":{"start":{"line":127,"column":0},"end":{"line":127,"column":33}},"127":{"start":{"line":128,"column":0},"end":{"line":128,"column":20}},"128":{"start":{"line":129,"column":0},"end":{"line":129,"column":25}},"129":{"start":{"line":130,"column":0},"end":{"line":130,"column":25}},"130":{"start":{"line":131,"column":0},"end":{"line":131,"column":4}},"131":{"start":{"line":132,"column":0},"end":{"line":132,"column":41}},"132":{"start":{"line":133,"column":0},"end":{"line":133,"column":40}},"133":{"start":{"line":134,"column":0},"end":{"line":134,"column":42}},"134":{"start":{"line":135,"column":0},"end":{"line":135,"column":28}},"135":{"start":{"line":136,"column":0},"end":{"line":136,"column":8}},"136":{"start":{"line":137,"column":0},"end":{"line":137,"column":83}},"137":{"start":{"line":138,"column":0},"end":{"line":138,"column":76}},"138":{"start":{"line":139,"column":0},"end":{"line":139,"column":76}},"139":{"start":{"line":140,"column":0},"end":{"line":140,"column":4}},"140":{"start":{"line":141,"column":0},"end":{"line":141,"column":65}},"141":{"start":{"line":142,"column":0},"end":{"line":142,"column":64}},"142":{"start":{"line":143,"column":0},"end":{"line":143,"column":8}},"143":{"start":{"line":144,"column":0},"end":{"line":144,"column":1}}},"s":{"0":1,"1":1,"2":1,"3":1,"4":2,"5":2,"6":2,"7":2,"8":2,"9":2,"10":2,"11":2,"12":2,"13":2,"14":2,"15":2,"16":2,"17":2,"18":2,"19":2,"20":2,"21":2,"22":2,"23":2,"24":2,"25":36,"26":36,"27":36,"28":36,"29":36,"30":36,"31":36,"32":31,"33":31,"34":31,"35":36,"36":2,"37":2,"38":2,"39":0,"40":0,"41":0,"42":0,"43":0,"44":0,"45":0,"46":2,"47":2,"48":2,"49":2,"50":29,"51":29,"52":29,"53":29,"54":29,"55":2,"56":2,"57":2,"58":2,"59":2,"60":2,"61":2,"62":2,"63":2,"64":1,"65":1,"66":1,"67":134,"68":134,"69":1,"70":1,"71":0,"72":0,"73":0,"74":0,"75":0,"76":0,"77":0,"78":0,"79":0,"80":0,"81":0,"82":0,"83":0,"84":0,"85":0,"86":0,"87":0,"88":0,"89":0,"90":0,"91":0,"92":0,"93":0,"94":0,"95":0,"96":0,"97":0,"98":0,"99":0,"100":0,"101":0,"102":0,"103":0,"104":0,"105":0,"106":0,"107":0,"108":0,"109":0,"110":0,"111":0,"112":0,"113":0,"114":0,"115":0,"116":0,"117":0,"118":0,"119":0,"120":0,"121":0,"122":0,"123":0,"124":0,"125":0,"126":0,"127":0,"128":0,"129":0,"130":0,"131":0,"132":0,"133":0,"134":0,"135":0,"136":0,"137":0,"138":0,"139":0,"140":0,"141":0,"142":0,"143":0},"branchMap":{"0":{"type":"branch","line":4,"loc":{"start":{"line":4,"column":21},"end":{"line":64,"column":1}},"locations":[{"start":{"line":4,"column":21},"end":{"line":64,"column":1}}]},"1":{"type":"branch","line":25,"loc":{"start":{"line":25,"column":48},"end":{"line":36,"column":5}},"locations":[{"start":{"line":25,"column":48},"end":{"line":36,"column":5}}]},"2":{"type":"branch","line":32,"loc":{"start":{"line":32,"column":151},"end":{"line":35,"column":9}},"locations":[{"start":{"line":32,"column":151},"end":{"line":35,"column":9}}]},"3":{"type":"branch","line":39,"loc":{"start":{"line":39,"column":17},"end":{"line":47,"column":5}},"locations":[{"start":{"line":39,"column":17},"end":{"line":47,"column":5}}]},"4":{"type":"branch","line":50,"loc":{"start":{"line":50,"column":40},"end":{"line":55,"column":9}},"locations":[{"start":{"line":50,"column":40},"end":{"line":55,"column":9}}]},"5":{"type":"branch","line":67,"loc":{"start":{"line":67,"column":18},"end":{"line":69,"column":1}},"locations":[{"start":{"line":67,"column":18},"end":{"line":69,"column":1}}]}},"b":{"0":[2],"1":[36],"2":[31],"3":[0],"4":[29],"5":[134]},"fnMap":{"0":{"name":"Object.<anonymous>.exports.lineLocate","decl":{"start":{"line":4,"column":21},"end":{"line":64,"column":1}},"loc":{"start":{"line":4,"column":21},"end":{"line":64,"column":1}},"line":4},"1":{"name":"getDistance","decl":{"start":{"line":67,"column":18},"end":{"line":69,"column":1}},"loc":{"start":{"line":67,"column":18},"end":{"line":69,"column":1}},"line":67},"2":{"name":"closestPoint","decl":{"start":{"line":71,"column":19},"end":{"line":144,"column":1}},"loc":{"start":{"line":71,"column":19},"end":{"line":144,"column":1}},"line":71}},"f":{"0":2,"1":134,"2":0}}
,"/Users/fcasarotto/Workspace/usp_tcc/GeocodingAPI/controllers/lineSubstring.js": {"path":"/Users/fcasarotto/Workspace/usp_tcc/GeocodingAPI/controllers/lineSubstring.js","all":false,"statementMap":{"0":{"start":{"line":1,"column":0},"end":{"line":1,"column":28}},"1":{"start":{"line":2,"column":0},"end":{"line":2,"column":70}},"2":{"start":{"line":3,"column":0},"end":{"line":3,"column":69}},"3":{"start":{"line":4,"column":0},"end":{"line":4,"column":0}},"4":{"start":{"line":5,"column":0},"end":{"line":5,"column":69}},"5":{"start":{"line":6,"column":0},"end":{"line":6,"column":61}},"6":{"start":{"line":7,"column":0},"end":{"line":7,"column":0}},"7":{"start":{"line":8,"column":0},"end":{"line":8,"column":40}},"8":{"start":{"line":9,"column":0},"end":{"line":9,"column":58}},"9":{"start":{"line":10,"column":0},"end":{"line":10,"column":62}},"10":{"start":{"line":11,"column":0},"end":{"line":11,"column":4}},"11":{"start":{"line":12,"column":0},"end":{"line":12,"column":37}},"12":{"start":{"line":13,"column":0},"end":{"line":13,"column":43}},"13":{"start":{"line":14,"column":0},"end":{"line":14,"column":0}},"14":{"start":{"line":15,"column":0},"end":{"line":15,"column":24}},"15":{"start":{"line":16,"column":0},"end":{"line":16,"column":22}},"16":{"start":{"line":17,"column":0},"end":{"line":17,"column":24}},"17":{"start":{"line":18,"column":0},"end":{"line":18,"column":19}},"18":{"start":{"line":19,"column":0},"end":{"line":19,"column":19}},"19":{"start":{"line":20,"column":0},"end":{"line":20,"column":25}},"20":{"start":{"line":21,"column":0},"end":{"line":21,"column":23}},"21":{"start":{"line":22,"column":0},"end":{"line":22,"column":0}},"22":{"start":{"line":23,"column":0},"end":{"line":23,"column":39}},"23":{"start":{"line":24,"column":0},"end":{"line":24,"column":50}},"24":{"start":{"line":25,"column":0},"end":{"line":25,"column":0}},"25":{"start":{"line":26,"column":0},"end":{"line":26,"column":50}},"26":{"start":{"line":27,"column":0},"end":{"line":27,"column":166}},"27":{"start":{"line":28,"column":0},"end":{"line":28,"column":9}},"28":{"start":{"line":29,"column":0},"end":{"line":29,"column":52}},"29":{"start":{"line":30,"column":0},"end":{"line":30,"column":173}},"30":{"start":{"line":31,"column":0},"end":{"line":31,"column":9}},"31":{"start":{"line":32,"column":0},"end":{"line":32,"column":5}},"32":{"start":{"line":33,"column":0},"end":{"line":33,"column":4}},"33":{"start":{"line":34,"column":0},"end":{"line":34,"column":47}},"34":{"start":{"line":35,"column":0},"end":{"line":35,"column":0}},"35":{"start":{"line":36,"column":0},"end":{"line":36,"column":32}},"36":{"start":{"line":37,"column":0},"end":{"line":37,"column":48}},"37":{"start":{"line":38,"column":0},"end":{"line":38,"column":0}},"38":{"start":{"line":39,"column":0},"end":{"line":39,"column":55}},"39":{"start":{"line":40,"column":0},"end":{"line":40,"column":26}},"40":{"start":{"line":41,"column":0},"end":{"line":41,"column":0}},"41":{"start":{"line":42,"column":0},"end":{"line":42,"column":56}},"42":{"start":{"line":43,"column":0},"end":{"line":43,"column":37}},"43":{"start":{"line":44,"column":0},"end":{"line":44,"column":12}},"44":{"start":{"line":45,"column":0},"end":{"line":45,"column":23}},"45":{"start":{"line":46,"column":0},"end":{"line":46,"column":48}},"46":{"start":{"line":47,"column":0},"end":{"line":47,"column":9}},"47":{"start":{"line":48,"column":0},"end":{"line":48,"column":0}},"48":{"start":{"line":49,"column":0},"end":{"line":49,"column":16}},"49":{"start":{"line":50,"column":0},"end":{"line":50,"column":38}},"50":{"start":{"line":51,"column":0},"end":{"line":51,"column":5}},"51":{"start":{"line":52,"column":0},"end":{"line":52,"column":0}},"52":{"start":{"line":53,"column":0},"end":{"line":53,"column":36}},"53":{"start":{"line":54,"column":0},"end":{"line":54,"column":48}},"54":{"start":{"line":55,"column":0},"end":{"line":55,"column":0}},"55":{"start":{"line":56,"column":0},"end":{"line":56,"column":33}},"56":{"start":{"line":57,"column":0},"end":{"line":57,"column":35}},"57":{"start":{"line":58,"column":0},"end":{"line":58,"column":0}},"58":{"start":{"line":59,"column":0},"end":{"line":59,"column":31}},"59":{"start":{"line":60,"column":0},"end":{"line":60,"column":34}},"60":{"start":{"line":61,"column":0},"end":{"line":61,"column":10}},"61":{"start":{"line":62,"column":0},"end":{"line":62,"column":8}},"62":{"start":{"line":63,"column":0},"end":{"line":63,"column":47}},"63":{"start":{"line":64,"column":0},"end":{"line":64,"column":36}},"64":{"start":{"line":65,"column":0},"end":{"line":65,"column":12}},"65":{"start":{"line":66,"column":0},"end":{"line":66,"column":31}},"66":{"start":{"line":67,"column":0},"end":{"line":67,"column":28}},"67":{"start":{"line":68,"column":0},"end":{"line":68,"column":18}},"68":{"start":{"line":69,"column":0},"end":{"line":69,"column":0}},"69":{"start":{"line":70,"column":0},"end":{"line":70,"column":32}},"70":{"start":{"line":71,"column":0},"end":{"line":71,"column":37}},"71":{"start":{"line":72,"column":0},"end":{"line":72,"column":0}},"72":{"start":{"line":73,"column":0},"end":{"line":73,"column":68}},"73":{"start":{"line":74,"column":0},"end":{"line":74,"column":92}},"74":{"start":{"line":75,"column":0},"end":{"line":75,"column":10}},"75":{"start":{"line":76,"column":0},"end":{"line":76,"column":5}},"76":{"start":{"line":77,"column":0},"end":{"line":77,"column":1}},"77":{"start":{"line":78,"column":0},"end":{"line":78,"column":0}},"78":{"start":{"line":79,"column":0},"end":{"line":79,"column":20}},"79":{"start":{"line":80,"column":0},"end":{"line":80,"column":43}},"80":{"start":{"line":81,"column":0},"end":{"line":81,"column":54}},"81":{"start":{"line":82,"column":0},"end":{"line":82,"column":1}}},"s":{"0":1,"1":1,"2":1,"3":1,"4":1,"5":1,"6":1,"7":1,"8":1,"9":1,"10":1,"11":1,"12":1,"13":1,"14":1,"15":1,"16":1,"17":1,"18":1,"19":1,"20":1,"21":1,"22":1,"23":1,"24":18,"25":18,"26":18,"27":18,"28":18,"29":18,"30":18,"31":18,"32":1,"33":1,"34":1,"35":1,"36":1,"37":19,"38":19,"39":19,"40":19,"41":19,"42":19,"43":171,"44":171,"45":171,"46":171,"47":19,"48":19,"49":19,"50":19,"51":1,"52":1,"53":1,"54":17,"55":17,"56":17,"57":1,"58":1,"59":1,"60":1,"61":16,"62":16,"63":17,"64":0,"65":0,"66":0,"67":0,"68":16,"69":16,"70":17,"71":0,"72":0,"73":0,"74":0,"75":17,"76":1,"77":1,"78":1,"79":1,"80":36,"81":36},"branchMap":{"0":{"type":"branch","line":5,"loc":{"start":{"line":5,"column":24},"end":{"line":77,"column":1}},"locations":[{"start":{"line":5,"column":24},"end":{"line":77,"column":1}}]},"1":{"type":"branch","line":24,"loc":{"start":{"line":24,"column":49},"end":{"line":32,"column":5}},"locations":[{"start":{"line":24,"column":49},"end":{"line":32,"column":5}}]},"2":{"type":"branch","line":37,"loc":{"start":{"line":37,"column":47},"end":{"line":51,"column":5}},"locations":[{"start":{"line":37,"column":47},"end":{"line":51,"column":5}}]},"3":{"type":"branch","line":43,"loc":{"start":{"line":43,"column":36},"end":{"line":47,"column":9}},"locations":[{"start":{"line":43,"column":36},"end":{"line":47,"column":9}}]},"4":{"type":"branch","line":54,"loc":{"start":{"line":54,"column":47},"end":{"line":76,"column":5}},"locations":[{"start":{"line":54,"column":47},"end":{"line":76,"column":5}}]},"5":{"type":"branch","line":57,"loc":{"start":{"line":57,"column":34},"end":{"line":61,"column":10}},"locations":[{"start":{"line":57,"column":34},"end":{"line":61,"column":10}}]},"6":{"type":"branch","line":61,"loc":{"start":{"line":61,"column":8},"end":{"line":64,"column":35}},"locations":[{"start":{"line":61,"column":8},"end":{"line":64,"column":35}}]},"7":{"type":"branch","line":64,"loc":{"start":{"line":64,"column":35},"end":{"line":68,"column":18}},"locations":[{"start":{"line":64,"column":35},"end":{"line":68,"column":18}}]},"8":{"type":"branch","line":68,"loc":{"start":{"line":68,"column":8},"end":{"line":71,"column":36}},"locations":[{"start":{"line":68,"column":8},"end":{"line":71,"column":36}}]},"9":{"type":"branch","line":71,"loc":{"start":{"line":71,"column":36},"end":{"line":75,"column":10}},"locations":[{"start":{"line":71,"column":36},"end":{"line":75,"column":10}}]},"10":{"type":"branch","line":80,"loc":{"start":{"line":80,"column":18},"end":{"line":82,"column":1}},"locations":[{"start":{"line":80,"column":18},"end":{"line":82,"column":1}}]}},"b":{"0":[1],"1":[18],"2":[19],"3":[171],"4":[17],"5":[1],"6":[16],"7":[0],"8":[16],"9":[0],"10":[36]},"fnMap":{"0":{"name":"Object.<anonymous>.exports.lineSubstring","decl":{"start":{"line":5,"column":24},"end":{"line":77,"column":1}},"loc":{"start":{"line":5,"column":24},"end":{"line":77,"column":1}},"line":5},"1":{"name":"getDistance","decl":{"start":{"line":80,"column":18},"end":{"line":82,"column":1}},"loc":{"start":{"line":80,"column":18},"end":{"line":82,"column":1}},"line":80}},"f":{"0":1,"1":36}}
,"/Users/fcasarotto/Workspace/usp_tcc/GeocodingAPI/controllers/searchPoint.js": {"path":"/Users/fcasarotto/Workspace/usp_tcc/GeocodingAPI/controllers/searchPoint.js","all":false,"statementMap":{"0":{"start":{"line":1,"column":0},"end":{"line":1,"column":34}},"1":{"start":{"line":2,"column":0},"end":{"line":2,"column":49}},"2":{"start":{"line":3,"column":0},"end":{"line":3,"column":47}},"3":{"start":{"line":4,"column":0},"end":{"line":4,"column":30}},"4":{"start":{"line":5,"column":0},"end":{"line":5,"column":0}},"5":{"start":{"line":6,"column":0},"end":{"line":6,"column":51}},"6":{"start":{"line":7,"column":0},"end":{"line":7,"column":0}},"7":{"start":{"line":8,"column":0},"end":{"line":8,"column":26}},"8":{"start":{"line":9,"column":0},"end":{"line":9,"column":56}},"9":{"start":{"line":10,"column":0},"end":{"line":10,"column":75}},"10":{"start":{"line":11,"column":0},"end":{"line":11,"column":10}},"11":{"start":{"line":12,"column":0},"end":{"line":12,"column":114}},"12":{"start":{"line":13,"column":0},"end":{"line":13,"column":65}},"13":{"start":{"line":14,"column":0},"end":{"line":14,"column":10}},"14":{"start":{"line":15,"column":0},"end":{"line":15,"column":0}},"15":{"start":{"line":16,"column":0},"end":{"line":16,"column":34}},"16":{"start":{"line":17,"column":0},"end":{"line":17,"column":56}},"17":{"start":{"line":18,"column":0},"end":{"line":18,"column":48}},"18":{"start":{"line":19,"column":0},"end":{"line":19,"column":0}},"19":{"start":{"line":20,"column":0},"end":{"line":20,"column":31}},"20":{"start":{"line":21,"column":0},"end":{"line":21,"column":22}},"21":{"start":{"line":22,"column":0},"end":{"line":22,"column":33}},"22":{"start":{"line":23,"column":0},"end":{"line":23,"column":4}},"23":{"start":{"line":24,"column":0},"end":{"line":24,"column":63}},"24":{"start":{"line":25,"column":0},"end":{"line":25,"column":55}},"25":{"start":{"line":26,"column":0},"end":{"line":26,"column":69}},"26":{"start":{"line":27,"column":0},"end":{"line":27,"column":4}},"27":{"start":{"line":28,"column":0},"end":{"line":28,"column":61}},"28":{"start":{"line":29,"column":0},"end":{"line":29,"column":23}},"29":{"start":{"line":30,"column":0},"end":{"line":30,"column":39}},"30":{"start":{"line":31,"column":0},"end":{"line":31,"column":17}},"31":{"start":{"line":32,"column":0},"end":{"line":32,"column":27}},"32":{"start":{"line":33,"column":0},"end":{"line":33,"column":14}},"33":{"start":{"line":34,"column":0},"end":{"line":34,"column":38}},"34":{"start":{"line":35,"column":0},"end":{"line":35,"column":36}},"35":{"start":{"line":36,"column":0},"end":{"line":36,"column":113}},"36":{"start":{"line":37,"column":0},"end":{"line":37,"column":36}},"37":{"start":{"line":38,"column":0},"end":{"line":38,"column":9}},"38":{"start":{"line":39,"column":0},"end":{"line":39,"column":5}},"39":{"start":{"line":40,"column":0},"end":{"line":40,"column":0}},"40":{"start":{"line":41,"column":0},"end":{"line":41,"column":64}},"41":{"start":{"line":42,"column":0},"end":{"line":42,"column":35}},"42":{"start":{"line":43,"column":0},"end":{"line":43,"column":0}},"43":{"start":{"line":44,"column":0},"end":{"line":44,"column":40}},"44":{"start":{"line":45,"column":0},"end":{"line":45,"column":0}},"45":{"start":{"line":46,"column":0},"end":{"line":46,"column":57}},"46":{"start":{"line":47,"column":0},"end":{"line":47,"column":4}},"47":{"start":{"line":48,"column":0},"end":{"line":48,"column":58}},"48":{"start":{"line":49,"column":0},"end":{"line":49,"column":1}},"49":{"start":{"line":50,"column":0},"end":{"line":50,"column":0}},"50":{"start":{"line":51,"column":0},"end":{"line":51,"column":20}},"51":{"start":{"line":52,"column":0},"end":{"line":52,"column":47}},"52":{"start":{"line":53,"column":0},"end":{"line":53,"column":30}},"53":{"start":{"line":54,"column":0},"end":{"line":54,"column":58}},"54":{"start":{"line":55,"column":0},"end":{"line":55,"column":122}},"55":{"start":{"line":56,"column":0},"end":{"line":56,"column":5}},"56":{"start":{"line":57,"column":0},"end":{"line":57,"column":0}},"57":{"start":{"line":58,"column":0},"end":{"line":58,"column":55}},"58":{"start":{"line":59,"column":0},"end":{"line":59,"column":77}},"59":{"start":{"line":60,"column":0},"end":{"line":60,"column":17}},"60":{"start":{"line":61,"column":0},"end":{"line":61,"column":58}},"61":{"start":{"line":62,"column":0},"end":{"line":62,"column":32}},"62":{"start":{"line":63,"column":0},"end":{"line":63,"column":33}},"63":{"start":{"line":64,"column":0},"end":{"line":64,"column":25}},"64":{"start":{"line":65,"column":0},"end":{"line":65,"column":13}},"65":{"start":{"line":66,"column":0},"end":{"line":66,"column":9}},"66":{"start":{"line":67,"column":0},"end":{"line":67,"column":19}},"67":{"start":{"line":68,"column":0},"end":{"line":68,"column":5}},"68":{"start":{"line":69,"column":0},"end":{"line":69,"column":0}},"69":{"start":{"line":70,"column":0},"end":{"line":70,"column":66}},"70":{"start":{"line":71,"column":0},"end":{"line":71,"column":8}},"71":{"start":{"line":72,"column":0},"end":{"line":72,"column":20}},"72":{"start":{"line":73,"column":0},"end":{"line":73,"column":0}},"73":{"start":{"line":74,"column":0},"end":{"line":74,"column":41}},"74":{"start":{"line":75,"column":0},"end":{"line":75,"column":32}},"75":{"start":{"line":76,"column":0},"end":{"line":76,"column":9}},"76":{"start":{"line":77,"column":0},"end":{"line":77,"column":0}},"77":{"start":{"line":78,"column":0},"end":{"line":78,"column":39}},"78":{"start":{"line":79,"column":0},"end":{"line":79,"column":63}},"79":{"start":{"line":80,"column":0},"end":{"line":80,"column":0}},"80":{"start":{"line":81,"column":0},"end":{"line":81,"column":43}},"81":{"start":{"line":82,"column":0},"end":{"line":82,"column":41}},"82":{"start":{"line":83,"column":0},"end":{"line":83,"column":0}},"83":{"start":{"line":84,"column":0},"end":{"line":84,"column":85}},"84":{"start":{"line":85,"column":0},"end":{"line":85,"column":85}},"85":{"start":{"line":86,"column":0},"end":{"line":86,"column":0}},"86":{"start":{"line":87,"column":0},"end":{"line":87,"column":16}},"87":{"start":{"line":88,"column":0},"end":{"line":88,"column":39}},"88":{"start":{"line":89,"column":0},"end":{"line":89,"column":10}},"89":{"start":{"line":90,"column":0},"end":{"line":90,"column":5}}},"s":{"0":1,"1":1,"2":1,"3":1,"4":1,"5":1,"6":1,"7":1,"8":1,"9":0,"10":0,"11":1,"12":0,"13":0,"14":1,"15":1,"16":1,"17":1,"18":1,"19":1,"20":1,"21":1,"22":1,"23":1,"24":1,"25":1,"26":1,"27":1,"28":1,"29":1,"30":2,"31":1,"32":1,"33":1,"34":1,"35":1,"36":1,"37":1,"38":2,"39":1,"40":1,"41":1,"42":1,"43":1,"44":1,"45":1,"46":1,"47":1,"48":1,"49":1,"50":1,"51":1,"52":1,"53":1,"54":1,"55":1,"56":1,"57":1,"58":1,"59":1,"60":1,"61":2,"62":0,"63":0,"64":0,"65":2,"66":1,"67":1,"68":1,"69":1,"70":1,"71":1,"72":1,"73":1,"74":2,"75":2,"76":1,"77":1,"78":1,"79":1,"80":1,"81":1,"82":1,"83":1,"84":1,"85":1,"86":1,"87":1,"88":1,"89":1},"branchMap":{"0":{"type":"branch","line":6,"loc":{"start":{"line":6,"column":19},"end":{"line":49,"column":1}},"locations":[{"start":{"line":6,"column":19},"end":{"line":49,"column":1}}]},"1":{"type":"branch","line":9,"loc":{"start":{"line":9,"column":47},"end":{"line":11,"column":10}},"locations":[{"start":{"line":9,"column":47},"end":{"line":11,"column":10}}]},"2":{"type":"branch","line":12,"loc":{"start":{"line":12,"column":106},"end":{"line":14,"column":10}},"locations":[{"start":{"line":12,"column":106},"end":{"line":14,"column":10}}]},"3":{"type":"branch","line":25,"loc":{"start":{"line":25,"column":15},"end":{"line":25,"column":55}},"locations":[{"start":{"line":25,"column":15},"end":{"line":25,"column":55}}]},"4":{"type":"branch","line":26,"loc":{"start":{"line":26,"column":15},"end":{"line":26,"column":69}},"locations":[{"start":{"line":26,"column":15},"end":{"line":26,"column":69}}]},"5":{"type":"branch","line":30,"loc":{"start":{"line":30,"column":38},"end":{"line":39,"column":5}},"locations":[{"start":{"line":30,"column":38},"end":{"line":39,"column":5}}]},"6":{"type":"branch","line":31,"loc":{"start":{"line":31,"column":16},"end":{"line":38,"column":9}},"locations":[{"start":{"line":31,"column":16},"end":{"line":38,"column":9}}]},"7":{"type":"branch","line":52,"loc":{"start":{"line":52,"column":22},"end":{"line":56,"column":5}},"locations":[{"start":{"line":52,"column":22},"end":{"line":56,"column":5}}]},"8":{"type":"branch","line":58,"loc":{"start":{"line":58,"column":22},"end":{"line":68,"column":5}},"locations":[{"start":{"line":58,"column":22},"end":{"line":68,"column":5}}]},"9":{"type":"branch","line":61,"loc":{"start":{"line":61,"column":57},"end":{"line":66,"column":9}},"locations":[{"start":{"line":61,"column":57},"end":{"line":66,"column":9}}]},"10":{"type":"branch","line":62,"loc":{"start":{"line":62,"column":31},"end":{"line":65,"column":13}},"locations":[{"start":{"line":62,"column":31},"end":{"line":65,"column":13}}]},"11":{"type":"branch","line":70,"loc":{"start":{"line":70,"column":17},"end":{"line":90,"column":5}},"locations":[{"start":{"line":70,"column":17},"end":{"line":90,"column":5}}]},"12":{"type":"branch","line":74,"loc":{"start":{"line":74,"column":39},"end":{"line":76,"column":9}},"locations":[{"start":{"line":74,"column":39},"end":{"line":76,"column":9}}]}},"b":{"0":[1],"1":[0],"2":[0],"3":[0],"4":[0],"5":[2],"6":[1],"7":[1],"8":[1],"9":[2],"10":[0],"11":[1],"12":[2]},"fnMap":{"0":{"name":"Object.<anonymous>.exports.getPoint","decl":{"start":{"line":6,"column":19},"end":{"line":49,"column":1}},"loc":{"start":{"line":6,"column":19},"end":{"line":49,"column":1}},"line":6},"1":{"name":"getDistance","decl":{"start":{"line":52,"column":22},"end":{"line":56,"column":5}},"loc":{"start":{"line":52,"column":22},"end":{"line":56,"column":5}},"line":52},"2":{"name":"getInterval","decl":{"start":{"line":58,"column":22},"end":{"line":68,"column":5}},"loc":{"start":{"line":58,"column":22},"end":{"line":68,"column":5}},"line":58},"3":{"name":"getRes","decl":{"start":{"line":70,"column":17},"end":{"line":90,"column":5}},"loc":{"start":{"line":70,"column":17},"end":{"line":90,"column":5}},"line":70}},"f":{"0":1,"1":1,"2":1,"3":1}}
,"/Users/fcasarotto/Workspace/usp_tcc/GeocodingAPI/routes/index.js": {"path":"/Users/fcasarotto/Workspace/usp_tcc/GeocodingAPI/routes/index.js","all":false,"statementMap":{"0":{"start":{"line":1,"column":0},"end":{"line":1,"column":80}},"1":{"start":{"line":2,"column":0},"end":{"line":2,"column":80}},"2":{"start":{"line":3,"column":0},"end":{"line":3,"column":80}},"3":{"start":{"line":4,"column":0},"end":{"line":4,"column":80}},"4":{"start":{"line":5,"column":0},"end":{"line":5,"column":80}},"5":{"start":{"line":6,"column":0},"end":{"line":6,"column":0}},"6":{"start":{"line":7,"column":0},"end":{"line":7,"column":53}},"7":{"start":{"line":8,"column":0},"end":{"line":8,"column":53}},"8":{"start":{"line":9,"column":0},"end":{"line":9,"column":53}},"9":{"start":{"line":10,"column":0},"end":{"line":10,"column":8}},"10":{"start":{"line":11,"column":0},"end":{"line":11,"column":111}},"11":{"start":{"line":12,"column":0},"end":{"line":12,"column":13}},"12":{"start":{"line":13,"column":0},"end":{"line":13,"column":62}},"13":{"start":{"line":14,"column":0},"end":{"line":14,"column":0}},"14":{"start":{"line":15,"column":0},"end":{"line":15,"column":18}},"15":{"start":{"line":16,"column":0},"end":{"line":16,"column":58}},"16":{"start":{"line":17,"column":0},"end":{"line":17,"column":0}},"17":{"start":{"line":18,"column":0},"end":{"line":18,"column":52}},"18":{"start":{"line":19,"column":0},"end":{"line":19,"column":43}},"19":{"start":{"line":20,"column":0},"end":{"line":20,"column":72}},"20":{"start":{"line":21,"column":0},"end":{"line":21,"column":1}},"21":{"start":{"line":22,"column":0},"end":{"line":22,"column":0}},"22":{"start":{"line":23,"column":0},"end":{"line":23,"column":53}},"23":{"start":{"line":24,"column":0},"end":{"line":24,"column":0}},"24":{"start":{"line":25,"column":0},"end":{"line":25,"column":33}},"25":{"start":{"line":26,"column":0},"end":{"line":26,"column":30}},"26":{"start":{"line":27,"column":0},"end":{"line":27,"column":51}},"27":{"start":{"line":28,"column":0},"end":{"line":28,"column":50}},"28":{"start":{"line":29,"column":0},"end":{"line":29,"column":53}},"29":{"start":{"line":30,"column":0},"end":{"line":30,"column":49}},"30":{"start":{"line":31,"column":0},"end":{"line":31,"column":57}},"31":{"start":{"line":32,"column":0},"end":{"line":32,"column":33}},"32":{"start":{"line":33,"column":0},"end":{"line":33,"column":0}},"33":{"start":{"line":34,"column":0},"end":{"line":34,"column":53}},"34":{"start":{"line":35,"column":0},"end":{"line":35,"column":53}},"35":{"start":{"line":36,"column":0},"end":{"line":36,"column":53}},"36":{"start":{"line":37,"column":0},"end":{"line":37,"column":25}},"37":{"start":{"line":38,"column":0},"end":{"line":38,"column":0}},"38":{"start":{"line":39,"column":0},"end":{"line":39,"column":56}},"39":{"start":{"line":40,"column":0},"end":{"line":40,"column":56}},"40":{"start":{"line":41,"column":0},"end":{"line":41,"column":57}},"41":{"start":{"line":42,"column":0},"end":{"line":42,"column":57}},"42":{"start":{"line":43,"column":0},"end":{"line":43,"column":0}},"43":{"start":{"line":44,"column":0},"end":{"line":44,"column":26}},"44":{"start":{"line":45,"column":0},"end":{"line":45,"column":18}},"45":{"start":{"line":46,"column":0},"end":{"line":46,"column":15}},"46":{"start":{"line":47,"column":0},"end":{"line":47,"column":18}},"47":{"start":{"line":48,"column":0},"end":{"line":48,"column":22}},"48":{"start":{"line":49,"column":0},"end":{"line":49,"column":21}},"49":{"start":{"line":50,"column":0},"end":{"line":50,"column":1}},"50":{"start":{"line":51,"column":0},"end":{"line":51,"column":0}},"51":{"start":{"line":52,"column":0},"end":{"line":52,"column":47}},"52":{"start":{"line":53,"column":0},"end":{"line":53,"column":0}},"53":{"start":{"line":54,"column":0},"end":{"line":54,"column":17}},"54":{"start":{"line":55,"column":0},"end":{"line":55,"column":0}},"55":{"start":{"line":56,"column":0},"end":{"line":56,"column":52}},"56":{"start":{"line":57,"column":0},"end":{"line":57,"column":52}},"57":{"start":{"line":58,"column":0},"end":{"line":58,"column":52}},"58":{"start":{"line":59,"column":0},"end":{"line":59,"column":24}},"59":{"start":{"line":60,"column":0},"end":{"line":60,"column":26}},"60":{"start":{"line":61,"column":0},"end":{"line":61,"column":31}},"61":{"start":{"line":62,"column":0},"end":{"line":62,"column":41}},"62":{"start":{"line":63,"column":0},"end":{"line":63,"column":32}},"63":{"start":{"line":64,"column":0},"end":{"line":64,"column":38}},"64":{"start":{"line":65,"column":0},"end":{"line":65,"column":32}},"65":{"start":{"line":66,"column":0},"end":{"line":66,"column":38}},"66":{"start":{"line":67,"column":0},"end":{"line":67,"column":34}},"67":{"start":{"line":68,"column":0},"end":{"line":68,"column":36}},"68":{"start":{"line":69,"column":0},"end":{"line":69,"column":44}},"69":{"start":{"line":70,"column":0},"end":{"line":70,"column":29}},"70":{"start":{"line":71,"column":0},"end":{"line":71,"column":38}},"71":{"start":{"line":72,"column":0},"end":{"line":72,"column":79}},"72":{"start":{"line":73,"column":0},"end":{"line":73,"column":1}},"73":{"start":{"line":74,"column":0},"end":{"line":74,"column":0}},"74":{"start":{"line":75,"column":0},"end":{"line":75,"column":31}},"75":{"start":{"line":76,"column":0},"end":{"line":76,"column":38}},"76":{"start":{"line":77,"column":0},"end":{"line":77,"column":39}},"77":{"start":{"line":78,"column":0},"end":{"line":78,"column":25}},"78":{"start":{"line":79,"column":0},"end":{"line":79,"column":29}},"79":{"start":{"line":80,"column":0},"end":{"line":80,"column":1}},"80":{"start":{"line":81,"column":0},"end":{"line":81,"column":0}},"81":{"start":{"line":82,"column":0},"end":{"line":82,"column":25}},"82":{"start":{"line":83,"column":0},"end":{"line":83,"column":31}},"83":{"start":{"line":84,"column":0},"end":{"line":84,"column":33}},"84":{"start":{"line":85,"column":0},"end":{"line":85,"column":22}},"85":{"start":{"line":86,"column":0},"end":{"line":86,"column":16}},"86":{"start":{"line":87,"column":0},"end":{"line":87,"column":1}},"87":{"start":{"line":88,"column":0},"end":{"line":88,"column":0}},"88":{"start":{"line":89,"column":0},"end":{"line":89,"column":26}},"89":{"start":{"line":90,"column":0},"end":{"line":90,"column":38}},"90":{"start":{"line":91,"column":0},"end":{"line":91,"column":29}},"91":{"start":{"line":92,"column":0},"end":{"line":92,"column":1}},"92":{"start":{"line":93,"column":0},"end":{"line":93,"column":0}},"93":{"start":{"line":94,"column":0},"end":{"line":94,"column":76}},"94":{"start":{"line":95,"column":0},"end":{"line":95,"column":76}},"95":{"start":{"line":96,"column":0},"end":{"line":96,"column":76}},"96":{"start":{"line":97,"column":0},"end":{"line":97,"column":76}},"97":{"start":{"line":98,"column":0},"end":{"line":98,"column":76}},"98":{"start":{"line":99,"column":0},"end":{"line":99,"column":0}},"99":{"start":{"line":100,"column":0},"end":{"line":100,"column":50}},"100":{"start":{"line":101,"column":0},"end":{"line":101,"column":50}},"101":{"start":{"line":102,"column":0},"end":{"line":102,"column":50}},"102":{"start":{"line":103,"column":0},"end":{"line":103,"column":38}},"103":{"start":{"line":104,"column":0},"end":{"line":104,"column":22}},"104":{"start":{"line":105,"column":0},"end":{"line":105,"column":23}},"105":{"start":{"line":106,"column":0},"end":{"line":106,"column":0}},"106":{"start":{"line":107,"column":0},"end":{"line":107,"column":52}},"107":{"start":{"line":108,"column":0},"end":{"line":108,"column":57}},"108":{"start":{"line":109,"column":0},"end":{"line":109,"column":0}},"109":{"start":{"line":110,"column":0},"end":{"line":110,"column":34}},"110":{"start":{"line":111,"column":0},"end":{"line":111,"column":18}},"111":{"start":{"line":112,"column":0},"end":{"line":112,"column":19}},"112":{"start":{"line":113,"column":0},"end":{"line":113,"column":29}},"113":{"start":{"line":114,"column":0},"end":{"line":114,"column":41}},"114":{"start":{"line":115,"column":0},"end":{"line":115,"column":31}},"115":{"start":{"line":116,"column":0},"end":{"line":116,"column":25}},"116":{"start":{"line":117,"column":0},"end":{"line":117,"column":15}},"117":{"start":{"line":118,"column":0},"end":{"line":118,"column":16}},"118":{"start":{"line":119,"column":0},"end":{"line":119,"column":18}},"119":{"start":{"line":120,"column":0},"end":{"line":120,"column":9}},"120":{"start":{"line":121,"column":0},"end":{"line":121,"column":7}},"121":{"start":{"line":122,"column":0},"end":{"line":122,"column":0}},"122":{"start":{"line":123,"column":0},"end":{"line":123,"column":25}},"123":{"start":{"line":124,"column":0},"end":{"line":124,"column":394}},"124":{"start":{"line":125,"column":0},"end":{"line":125,"column":305}},"125":{"start":{"line":126,"column":0},"end":{"line":126,"column":0}},"126":{"start":{"line":127,"column":0},"end":{"line":127,"column":23}},"127":{"start":{"line":128,"column":0},"end":{"line":128,"column":54}},"128":{"start":{"line":129,"column":0},"end":{"line":129,"column":0}},"129":{"start":{"line":130,"column":0},"end":{"line":130,"column":18}},"130":{"start":{"line":131,"column":0},"end":{"line":131,"column":31}},"131":{"start":{"line":132,"column":0},"end":{"line":132,"column":34}},"132":{"start":{"line":133,"column":0},"end":{"line":133,"column":0}},"133":{"start":{"line":134,"column":0},"end":{"line":134,"column":33}},"134":{"start":{"line":135,"column":0},"end":{"line":135,"column":83}},"135":{"start":{"line":136,"column":0},"end":{"line":136,"column":20}},"136":{"start":{"line":137,"column":0},"end":{"line":137,"column":84}},"137":{"start":{"line":138,"column":0},"end":{"line":138,"column":13}},"138":{"start":{"line":139,"column":0},"end":{"line":139,"column":11}},"139":{"start":{"line":140,"column":0},"end":{"line":140,"column":0}},"140":{"start":{"line":141,"column":0},"end":{"line":141,"column":73}},"141":{"start":{"line":142,"column":0},"end":{"line":142,"column":31}},"142":{"start":{"line":143,"column":0},"end":{"line":143,"column":20}},"143":{"start":{"line":144,"column":0},"end":{"line":144,"column":37}},"144":{"start":{"line":145,"column":0},"end":{"line":145,"column":0}},"145":{"start":{"line":146,"column":0},"end":{"line":146,"column":11}},"146":{"start":{"line":147,"column":0},"end":{"line":147,"column":12}},"147":{"start":{"line":148,"column":0},"end":{"line":148,"column":21}},"148":{"start":{"line":149,"column":0},"end":{"line":149,"column":5}},"149":{"start":{"line":150,"column":0},"end":{"line":150,"column":1}},"150":{"start":{"line":151,"column":0},"end":{"line":151,"column":0}},"151":{"start":{"line":152,"column":0},"end":{"line":152,"column":47}},"152":{"start":{"line":153,"column":0},"end":{"line":153,"column":39}},"153":{"start":{"line":154,"column":0},"end":{"line":154,"column":3}},"154":{"start":{"line":155,"column":0},"end":{"line":155,"column":0}},"155":{"start":{"line":156,"column":0},"end":{"line":156,"column":50}},"156":{"start":{"line":157,"column":0},"end":{"line":157,"column":50}},"157":{"start":{"line":158,"column":0},"end":{"line":158,"column":50}},"158":{"start":{"line":159,"column":0},"end":{"line":159,"column":35}},"159":{"start":{"line":160,"column":0},"end":{"line":160,"column":22}},"160":{"start":{"line":161,"column":0},"end":{"line":161,"column":23}},"161":{"start":{"line":162,"column":0},"end":{"line":162,"column":0}},"162":{"start":{"line":163,"column":0},"end":{"line":163,"column":52}},"163":{"start":{"line":164,"column":0},"end":{"line":164,"column":57}},"164":{"start":{"line":165,"column":0},"end":{"line":165,"column":0}},"165":{"start":{"line":166,"column":0},"end":{"line":166,"column":34}},"166":{"start":{"line":167,"column":0},"end":{"line":167,"column":18}},"167":{"start":{"line":168,"column":0},"end":{"line":168,"column":19}},"168":{"start":{"line":169,"column":0},"end":{"line":169,"column":29}},"169":{"start":{"line":170,"column":0},"end":{"line":170,"column":41}},"170":{"start":{"line":171,"column":0},"end":{"line":171,"column":31}},"171":{"start":{"line":172,"column":0},"end":{"line":172,"column":25}},"172":{"start":{"line":173,"column":0},"end":{"line":173,"column":15}},"173":{"start":{"line":174,"column":0},"end":{"line":174,"column":16}},"174":{"start":{"line":175,"column":0},"end":{"line":175,"column":19}},"175":{"start":{"line":176,"column":0},"end":{"line":176,"column":9}},"176":{"start":{"line":177,"column":0},"end":{"line":177,"column":7}},"177":{"start":{"line":178,"column":0},"end":{"line":178,"column":0}},"178":{"start":{"line":179,"column":0},"end":{"line":179,"column":25}},"179":{"start":{"line":180,"column":0},"end":{"line":180,"column":622}},"180":{"start":{"line":181,"column":0},"end":{"line":181,"column":317}},"181":{"start":{"line":182,"column":0},"end":{"line":182,"column":0}},"182":{"start":{"line":183,"column":0},"end":{"line":183,"column":23}},"183":{"start":{"line":184,"column":0},"end":{"line":184,"column":54}},"184":{"start":{"line":185,"column":0},"end":{"line":185,"column":0}},"185":{"start":{"line":186,"column":0},"end":{"line":186,"column":18}},"186":{"start":{"line":187,"column":0},"end":{"line":187,"column":31}},"187":{"start":{"line":188,"column":0},"end":{"line":188,"column":34}},"188":{"start":{"line":189,"column":0},"end":{"line":189,"column":31}},"189":{"start":{"line":190,"column":0},"end":{"line":190,"column":30}},"190":{"start":{"line":191,"column":0},"end":{"line":191,"column":45}},"191":{"start":{"line":192,"column":0},"end":{"line":192,"column":45}},"192":{"start":{"line":193,"column":0},"end":{"line":193,"column":44}},"193":{"start":{"line":194,"column":0},"end":{"line":194,"column":35}},"194":{"start":{"line":195,"column":0},"end":{"line":195,"column":45}},"195":{"start":{"line":196,"column":0},"end":{"line":196,"column":51}},"196":{"start":{"line":197,"column":0},"end":{"line":197,"column":41}},"197":{"start":{"line":198,"column":0},"end":{"line":198,"column":40}},"198":{"start":{"line":199,"column":0},"end":{"line":199,"column":19}},"199":{"start":{"line":200,"column":0},"end":{"line":200,"column":13}},"200":{"start":{"line":201,"column":0},"end":{"line":201,"column":18}},"201":{"start":{"line":202,"column":0},"end":{"line":202,"column":30}},"202":{"start":{"line":203,"column":0},"end":{"line":203,"column":45}},"203":{"start":{"line":204,"column":0},"end":{"line":204,"column":45}},"204":{"start":{"line":205,"column":0},"end":{"line":205,"column":44}},"205":{"start":{"line":206,"column":0},"end":{"line":206,"column":35}},"206":{"start":{"line":207,"column":0},"end":{"line":207,"column":45}},"207":{"start":{"line":208,"column":0},"end":{"line":208,"column":51}},"208":{"start":{"line":209,"column":0},"end":{"line":209,"column":49}},"209":{"start":{"line":210,"column":0},"end":{"line":210,"column":40}},"210":{"start":{"line":211,"column":0},"end":{"line":211,"column":19}},"211":{"start":{"line":212,"column":0},"end":{"line":212,"column":13}},"212":{"start":{"line":213,"column":0},"end":{"line":213,"column":11}},"213":{"start":{"line":214,"column":0},"end":{"line":214,"column":0}},"214":{"start":{"line":215,"column":0},"end":{"line":215,"column":73}},"215":{"start":{"line":216,"column":0},"end":{"line":216,"column":31}},"216":{"start":{"line":217,"column":0},"end":{"line":217,"column":0}},"217":{"start":{"line":218,"column":0},"end":{"line":218,"column":20}},"218":{"start":{"line":219,"column":0},"end":{"line":219,"column":37}},"219":{"start":{"line":220,"column":0},"end":{"line":220,"column":0}},"220":{"start":{"line":221,"column":0},"end":{"line":221,"column":11}},"221":{"start":{"line":222,"column":0},"end":{"line":222,"column":12}},"222":{"start":{"line":223,"column":0},"end":{"line":223,"column":21}},"223":{"start":{"line":224,"column":0},"end":{"line":224,"column":5}},"224":{"start":{"line":225,"column":0},"end":{"line":225,"column":1}},"225":{"start":{"line":226,"column":0},"end":{"line":226,"column":0}},"226":{"start":{"line":227,"column":0},"end":{"line":227,"column":43}},"227":{"start":{"line":228,"column":0},"end":{"line":228,"column":35}},"228":{"start":{"line":229,"column":0},"end":{"line":229,"column":3}},"229":{"start":{"line":230,"column":0},"end":{"line":230,"column":0}},"230":{"start":{"line":231,"column":0},"end":{"line":231,"column":50}},"231":{"start":{"line":232,"column":0},"end":{"line":232,"column":50}},"232":{"start":{"line":233,"column":0},"end":{"line":233,"column":50}},"233":{"start":{"line":234,"column":0},"end":{"line":234,"column":35}},"234":{"start":{"line":235,"column":0},"end":{"line":235,"column":22}},"235":{"start":{"line":236,"column":0},"end":{"line":236,"column":23}},"236":{"start":{"line":237,"column":0},"end":{"line":237,"column":0}},"237":{"start":{"line":238,"column":0},"end":{"line":238,"column":52}},"238":{"start":{"line":239,"column":0},"end":{"line":239,"column":57}},"239":{"start":{"line":240,"column":0},"end":{"line":240,"column":0}},"240":{"start":{"line":241,"column":0},"end":{"line":241,"column":34}},"241":{"start":{"line":242,"column":0},"end":{"line":242,"column":18}},"242":{"start":{"line":243,"column":0},"end":{"line":243,"column":19}},"243":{"start":{"line":244,"column":0},"end":{"line":244,"column":29}},"244":{"start":{"line":245,"column":0},"end":{"line":245,"column":41}},"245":{"start":{"line":246,"column":0},"end":{"line":246,"column":31}},"246":{"start":{"line":247,"column":0},"end":{"line":247,"column":25}},"247":{"start":{"line":248,"column":0},"end":{"line":248,"column":15}},"248":{"start":{"line":249,"column":0},"end":{"line":249,"column":16}},"249":{"start":{"line":250,"column":0},"end":{"line":250,"column":19}},"250":{"start":{"line":251,"column":0},"end":{"line":251,"column":9}},"251":{"start":{"line":252,"column":0},"end":{"line":252,"column":7}},"252":{"start":{"line":253,"column":0},"end":{"line":253,"column":0}},"253":{"start":{"line":254,"column":0},"end":{"line":254,"column":33}},"254":{"start":{"line":255,"column":0},"end":{"line":255,"column":168}},"255":{"start":{"line":256,"column":0},"end":{"line":256,"column":273}},"256":{"start":{"line":257,"column":0},"end":{"line":257,"column":0}},"257":{"start":{"line":258,"column":0},"end":{"line":258,"column":23}},"258":{"start":{"line":259,"column":0},"end":{"line":259,"column":54}},"259":{"start":{"line":260,"column":0},"end":{"line":260,"column":0}},"260":{"start":{"line":261,"column":0},"end":{"line":261,"column":18}},"261":{"start":{"line":262,"column":0},"end":{"line":262,"column":31}},"262":{"start":{"line":263,"column":0},"end":{"line":263,"column":34}},"263":{"start":{"line":264,"column":0},"end":{"line":264,"column":70}},"264":{"start":{"line":265,"column":0},"end":{"line":265,"column":26}},"265":{"start":{"line":266,"column":0},"end":{"line":266,"column":27}},"266":{"start":{"line":267,"column":0},"end":{"line":267,"column":38}},"267":{"start":{"line":268,"column":0},"end":{"line":268,"column":38}},"268":{"start":{"line":269,"column":0},"end":{"line":269,"column":48}},"269":{"start":{"line":270,"column":0},"end":{"line":270,"column":45}},"270":{"start":{"line":271,"column":0},"end":{"line":271,"column":15}},"271":{"start":{"line":272,"column":0},"end":{"line":272,"column":11}},"272":{"start":{"line":273,"column":0},"end":{"line":273,"column":0}},"273":{"start":{"line":274,"column":0},"end":{"line":274,"column":73}},"274":{"start":{"line":275,"column":0},"end":{"line":275,"column":31}},"275":{"start":{"line":276,"column":0},"end":{"line":276,"column":0}},"276":{"start":{"line":277,"column":0},"end":{"line":277,"column":20}},"277":{"start":{"line":278,"column":0},"end":{"line":278,"column":37}},"278":{"start":{"line":279,"column":0},"end":{"line":279,"column":0}},"279":{"start":{"line":280,"column":0},"end":{"line":280,"column":11}},"280":{"start":{"line":281,"column":0},"end":{"line":281,"column":12}},"281":{"start":{"line":282,"column":0},"end":{"line":282,"column":21}},"282":{"start":{"line":283,"column":0},"end":{"line":283,"column":5}},"283":{"start":{"line":284,"column":0},"end":{"line":284,"column":1}},"284":{"start":{"line":285,"column":0},"end":{"line":285,"column":0}},"285":{"start":{"line":286,"column":0},"end":{"line":286,"column":44}},"286":{"start":{"line":287,"column":0},"end":{"line":287,"column":36}},"287":{"start":{"line":288,"column":0},"end":{"line":288,"column":3}},"288":{"start":{"line":289,"column":0},"end":{"line":289,"column":0}},"289":{"start":{"line":290,"column":0},"end":{"line":290,"column":53}},"290":{"start":{"line":291,"column":0},"end":{"line":291,"column":53}},"291":{"start":{"line":292,"column":0},"end":{"line":292,"column":53}},"292":{"start":{"line":293,"column":0},"end":{"line":293,"column":26}},"293":{"start":{"line":294,"column":0},"end":{"line":294,"column":63}},"294":{"start":{"line":295,"column":0},"end":{"line":295,"column":22}},"295":{"start":{"line":296,"column":0},"end":{"line":296,"column":16}},"296":{"start":{"line":297,"column":0},"end":{"line":297,"column":1}},"297":{"start":{"line":298,"column":0},"end":{"line":298,"column":0}},"298":{"start":{"line":299,"column":0},"end":{"line":299,"column":90}},"299":{"start":{"line":300,"column":0},"end":{"line":300,"column":54}},"300":{"start":{"line":301,"column":0},"end":{"line":301,"column":75}},"301":{"start":{"line":302,"column":0},"end":{"line":302,"column":0}},"302":{"start":{"line":303,"column":0},"end":{"line":303,"column":49}},"303":{"start":{"line":304,"column":0},"end":{"line":304,"column":52}},"304":{"start":{"line":305,"column":0},"end":{"line":305,"column":0}},"305":{"start":{"line":306,"column":0},"end":{"line":306,"column":53}},"306":{"start":{"line":307,"column":0},"end":{"line":307,"column":69}},"307":{"start":{"line":308,"column":0},"end":{"line":308,"column":0}},"308":{"start":{"line":309,"column":0},"end":{"line":309,"column":53}},"309":{"start":{"line":310,"column":0},"end":{"line":310,"column":74}},"310":{"start":{"line":311,"column":0},"end":{"line":311,"column":0}},"311":{"start":{"line":312,"column":0},"end":{"line":312,"column":53}},"312":{"start":{"line":313,"column":0},"end":{"line":313,"column":75}},"313":{"start":{"line":314,"column":0},"end":{"line":314,"column":0}},"314":{"start":{"line":315,"column":0},"end":{"line":315,"column":32}},"315":{"start":{"line":316,"column":0},"end":{"line":316,"column":23}},"316":{"start":{"line":317,"column":0},"end":{"line":317,"column":0}},"317":{"start":{"line":318,"column":0},"end":{"line":318,"column":36}},"318":{"start":{"line":319,"column":0},"end":{"line":319,"column":52}},"319":{"start":{"line":320,"column":0},"end":{"line":320,"column":51}},"320":{"start":{"line":321,"column":0},"end":{"line":321,"column":5}},"321":{"start":{"line":322,"column":0},"end":{"line":322,"column":0}},"322":{"start":{"line":323,"column":0},"end":{"line":323,"column":42}},"323":{"start":{"line":324,"column":0},"end":{"line":324,"column":66}},"324":{"start":{"line":325,"column":0},"end":{"line":325,"column":0}},"325":{"start":{"line":326,"column":0},"end":{"line":326,"column":28}},"326":{"start":{"line":327,"column":0},"end":{"line":327,"column":24}},"327":{"start":{"line":328,"column":0},"end":{"line":328,"column":14}},"328":{"start":{"line":329,"column":0},"end":{"line":329,"column":0}},"329":{"start":{"line":330,"column":0},"end":{"line":330,"column":36}},"330":{"start":{"line":331,"column":0},"end":{"line":331,"column":41}},"331":{"start":{"line":332,"column":0},"end":{"line":332,"column":0}},"332":{"start":{"line":333,"column":0},"end":{"line":333,"column":79}},"333":{"start":{"line":334,"column":0},"end":{"line":334,"column":30}},"334":{"start":{"line":335,"column":0},"end":{"line":335,"column":0}},"335":{"start":{"line":336,"column":0},"end":{"line":336,"column":46}},"336":{"start":{"line":337,"column":0},"end":{"line":337,"column":45}},"337":{"start":{"line":338,"column":0},"end":{"line":338,"column":0}},"338":{"start":{"line":339,"column":0},"end":{"line":339,"column":34}},"339":{"start":{"line":340,"column":0},"end":{"line":340,"column":51}},"340":{"start":{"line":341,"column":0},"end":{"line":341,"column":20}},"341":{"start":{"line":342,"column":0},"end":{"line":342,"column":13}},"342":{"start":{"line":343,"column":0},"end":{"line":343,"column":0}},"343":{"start":{"line":344,"column":0},"end":{"line":344,"column":82}},"344":{"start":{"line":345,"column":0},"end":{"line":345,"column":16}},"345":{"start":{"line":346,"column":0},"end":{"line":346,"column":0}},"346":{"start":{"line":347,"column":0},"end":{"line":347,"column":46}},"347":{"start":{"line":348,"column":0},"end":{"line":348,"column":45}},"348":{"start":{"line":349,"column":0},"end":{"line":349,"column":0}},"349":{"start":{"line":350,"column":0},"end":{"line":350,"column":34}},"350":{"start":{"line":351,"column":0},"end":{"line":351,"column":51}},"351":{"start":{"line":352,"column":0},"end":{"line":352,"column":20}},"352":{"start":{"line":353,"column":0},"end":{"line":353,"column":13}},"353":{"start":{"line":354,"column":0},"end":{"line":354,"column":9}},"354":{"start":{"line":355,"column":0},"end":{"line":355,"column":5}},"355":{"start":{"line":356,"column":0},"end":{"line":356,"column":0}},"356":{"start":{"line":357,"column":0},"end":{"line":357,"column":19}},"357":{"start":{"line":358,"column":0},"end":{"line":358,"column":78}},"358":{"start":{"line":359,"column":0},"end":{"line":359,"column":0}},"359":{"start":{"line":360,"column":0},"end":{"line":360,"column":42}},"360":{"start":{"line":361,"column":0},"end":{"line":361,"column":66}},"361":{"start":{"line":362,"column":0},"end":{"line":362,"column":0}},"362":{"start":{"line":363,"column":0},"end":{"line":363,"column":29}},"363":{"start":{"line":364,"column":0},"end":{"line":364,"column":24}},"364":{"start":{"line":365,"column":0},"end":{"line":365,"column":10}},"365":{"start":{"line":366,"column":0},"end":{"line":366,"column":0}},"366":{"start":{"line":367,"column":0},"end":{"line":367,"column":36}},"367":{"start":{"line":368,"column":0},"end":{"line":368,"column":41}},"368":{"start":{"line":369,"column":0},"end":{"line":369,"column":0}},"369":{"start":{"line":370,"column":0},"end":{"line":370,"column":30}},"370":{"start":{"line":371,"column":0},"end":{"line":371,"column":41}},"371":{"start":{"line":372,"column":0},"end":{"line":372,"column":0}},"372":{"start":{"line":373,"column":0},"end":{"line":373,"column":79}},"373":{"start":{"line":374,"column":0},"end":{"line":374,"column":30}},"374":{"start":{"line":375,"column":0},"end":{"line":375,"column":0}},"375":{"start":{"line":376,"column":0},"end":{"line":376,"column":46}},"376":{"start":{"line":377,"column":0},"end":{"line":377,"column":45}},"377":{"start":{"line":378,"column":0},"end":{"line":378,"column":0}},"378":{"start":{"line":379,"column":0},"end":{"line":379,"column":46}},"379":{"start":{"line":380,"column":0},"end":{"line":380,"column":51}},"380":{"start":{"line":381,"column":0},"end":{"line":381,"column":20}},"381":{"start":{"line":382,"column":0},"end":{"line":382,"column":13}},"382":{"start":{"line":383,"column":0},"end":{"line":383,"column":0}},"383":{"start":{"line":384,"column":0},"end":{"line":384,"column":82}},"384":{"start":{"line":385,"column":0},"end":{"line":385,"column":16}},"385":{"start":{"line":386,"column":0},"end":{"line":386,"column":0}},"386":{"start":{"line":387,"column":0},"end":{"line":387,"column":46}},"387":{"start":{"line":388,"column":0},"end":{"line":388,"column":45}},"388":{"start":{"line":389,"column":0},"end":{"line":389,"column":0}},"389":{"start":{"line":390,"column":0},"end":{"line":390,"column":46}},"390":{"start":{"line":391,"column":0},"end":{"line":391,"column":51}},"391":{"start":{"line":392,"column":0},"end":{"line":392,"column":20}},"392":{"start":{"line":393,"column":0},"end":{"line":393,"column":13}},"393":{"start":{"line":394,"column":0},"end":{"line":394,"column":9}},"394":{"start":{"line":395,"column":0},"end":{"line":395,"column":5}},"395":{"start":{"line":396,"column":0},"end":{"line":396,"column":0}},"396":{"start":{"line":397,"column":0},"end":{"line":397,"column":19}},"397":{"start":{"line":398,"column":0},"end":{"line":398,"column":78}},"398":{"start":{"line":399,"column":0},"end":{"line":399,"column":0}},"399":{"start":{"line":400,"column":0},"end":{"line":400,"column":29}},"400":{"start":{"line":401,"column":0},"end":{"line":401,"column":19}},"401":{"start":{"line":402,"column":0},"end":{"line":402,"column":17}},"402":{"start":{"line":403,"column":0},"end":{"line":403,"column":0}},"403":{"start":{"line":404,"column":0},"end":{"line":404,"column":29}},"404":{"start":{"line":405,"column":0},"end":{"line":405,"column":19}},"405":{"start":{"line":406,"column":0},"end":{"line":406,"column":17}},"406":{"start":{"line":407,"column":0},"end":{"line":407,"column":0}},"407":{"start":{"line":408,"column":0},"end":{"line":408,"column":30}},"408":{"start":{"line":409,"column":0},"end":{"line":409,"column":30}},"409":{"start":{"line":410,"column":0},"end":{"line":410,"column":30}},"410":{"start":{"line":411,"column":0},"end":{"line":411,"column":43}},"411":{"start":{"line":412,"column":0},"end":{"line":412,"column":0}},"412":{"start":{"line":413,"column":0},"end":{"line":413,"column":16}},"413":{"start":{"line":414,"column":0},"end":{"line":414,"column":22}},"414":{"start":{"line":415,"column":0},"end":{"line":415,"column":36}},"415":{"start":{"line":416,"column":0},"end":{"line":416,"column":163}},"416":{"start":{"line":417,"column":0},"end":{"line":417,"column":21}},"417":{"start":{"line":418,"column":0},"end":{"line":418,"column":11}},"418":{"start":{"line":419,"column":0},"end":{"line":419,"column":0}},"419":{"start":{"line":420,"column":0},"end":{"line":420,"column":22}},"420":{"start":{"line":421,"column":0},"end":{"line":421,"column":19}},"421":{"start":{"line":422,"column":0},"end":{"line":422,"column":37}},"422":{"start":{"line":423,"column":0},"end":{"line":423,"column":23}},"423":{"start":{"line":424,"column":0},"end":{"line":424,"column":11}},"424":{"start":{"line":425,"column":0},"end":{"line":425,"column":0}},"425":{"start":{"line":426,"column":0},"end":{"line":426,"column":19}},"426":{"start":{"line":427,"column":0},"end":{"line":427,"column":27}},"427":{"start":{"line":428,"column":0},"end":{"line":428,"column":0}},"428":{"start":{"line":429,"column":0},"end":{"line":429,"column":38}},"429":{"start":{"line":430,"column":0},"end":{"line":430,"column":36}},"430":{"start":{"line":431,"column":0},"end":{"line":431,"column":34}},"431":{"start":{"line":432,"column":0},"end":{"line":432,"column":16}},"432":{"start":{"line":433,"column":0},"end":{"line":433,"column":24}},"433":{"start":{"line":434,"column":0},"end":{"line":434,"column":9}},"434":{"start":{"line":435,"column":0},"end":{"line":435,"column":0}},"435":{"start":{"line":436,"column":0},"end":{"line":436,"column":5}},"436":{"start":{"line":437,"column":0},"end":{"line":437,"column":0}},"437":{"start":{"line":438,"column":0},"end":{"line":438,"column":30}},"438":{"start":{"line":439,"column":0},"end":{"line":439,"column":30}},"439":{"start":{"line":440,"column":0},"end":{"line":440,"column":30}},"440":{"start":{"line":441,"column":0},"end":{"line":441,"column":47}},"441":{"start":{"line":442,"column":0},"end":{"line":442,"column":0}},"442":{"start":{"line":443,"column":0},"end":{"line":443,"column":46}},"443":{"start":{"line":444,"column":0},"end":{"line":444,"column":74}},"444":{"start":{"line":445,"column":0},"end":{"line":445,"column":0}},"445":{"start":{"line":446,"column":0},"end":{"line":446,"column":46}},"446":{"start":{"line":447,"column":0},"end":{"line":447,"column":40}},"447":{"start":{"line":448,"column":0},"end":{"line":448,"column":63}},"448":{"start":{"line":449,"column":0},"end":{"line":449,"column":0}},"449":{"start":{"line":450,"column":0},"end":{"line":450,"column":32}},"450":{"start":{"line":451,"column":0},"end":{"line":451,"column":23}},"451":{"start":{"line":452,"column":0},"end":{"line":452,"column":18}},"452":{"start":{"line":453,"column":0},"end":{"line":453,"column":0}},"453":{"start":{"line":454,"column":0},"end":{"line":454,"column":40}},"454":{"start":{"line":455,"column":0},"end":{"line":455,"column":49}},"455":{"start":{"line":456,"column":0},"end":{"line":456,"column":0}},"456":{"start":{"line":457,"column":0},"end":{"line":457,"column":34}},"457":{"start":{"line":458,"column":0},"end":{"line":458,"column":45}},"458":{"start":{"line":459,"column":0},"end":{"line":459,"column":0}},"459":{"start":{"line":460,"column":0},"end":{"line":460,"column":83}},"460":{"start":{"line":461,"column":0},"end":{"line":461,"column":34}},"461":{"start":{"line":462,"column":0},"end":{"line":462,"column":0}},"462":{"start":{"line":463,"column":0},"end":{"line":463,"column":54}},"463":{"start":{"line":464,"column":0},"end":{"line":464,"column":49}},"464":{"start":{"line":465,"column":0},"end":{"line":465,"column":0}},"465":{"start":{"line":466,"column":0},"end":{"line":466,"column":50}},"466":{"start":{"line":467,"column":0},"end":{"line":467,"column":59}},"467":{"start":{"line":468,"column":0},"end":{"line":468,"column":23}},"468":{"start":{"line":469,"column":0},"end":{"line":469,"column":17}},"469":{"start":{"line":470,"column":0},"end":{"line":470,"column":0}},"470":{"start":{"line":471,"column":0},"end":{"line":471,"column":86}},"471":{"start":{"line":472,"column":0},"end":{"line":472,"column":20}},"472":{"start":{"line":473,"column":0},"end":{"line":473,"column":0}},"473":{"start":{"line":474,"column":0},"end":{"line":474,"column":54}},"474":{"start":{"line":475,"column":0},"end":{"line":475,"column":49}},"475":{"start":{"line":476,"column":0},"end":{"line":476,"column":0}},"476":{"start":{"line":477,"column":0},"end":{"line":477,"column":49}},"477":{"start":{"line":478,"column":0},"end":{"line":478,"column":59}},"478":{"start":{"line":479,"column":0},"end":{"line":479,"column":24}},"479":{"start":{"line":480,"column":0},"end":{"line":480,"column":17}},"480":{"start":{"line":481,"column":0},"end":{"line":481,"column":13}},"481":{"start":{"line":482,"column":0},"end":{"line":482,"column":9}},"482":{"start":{"line":483,"column":0},"end":{"line":483,"column":0}},"483":{"start":{"line":484,"column":0},"end":{"line":484,"column":43}},"484":{"start":{"line":485,"column":0},"end":{"line":485,"column":86}},"485":{"start":{"line":486,"column":0},"end":{"line":486,"column":0}},"486":{"start":{"line":487,"column":0},"end":{"line":487,"column":5}},"487":{"start":{"line":488,"column":0},"end":{"line":488,"column":0}},"488":{"start":{"line":489,"column":0},"end":{"line":489,"column":39}},"489":{"start":{"line":490,"column":0},"end":{"line":490,"column":35}},"490":{"start":{"line":491,"column":0},"end":{"line":491,"column":35}},"491":{"start":{"line":492,"column":0},"end":{"line":492,"column":0}},"492":{"start":{"line":493,"column":0},"end":{"line":493,"column":27}},"493":{"start":{"line":494,"column":0},"end":{"line":494,"column":62}},"494":{"start":{"line":495,"column":0},"end":{"line":495,"column":0}},"495":{"start":{"line":496,"column":0},"end":{"line":496,"column":25}},"496":{"start":{"line":497,"column":0},"end":{"line":497,"column":60}},"497":{"start":{"line":498,"column":0},"end":{"line":498,"column":0}},"498":{"start":{"line":499,"column":0},"end":{"line":499,"column":39}},"499":{"start":{"line":500,"column":0},"end":{"line":500,"column":38}},"500":{"start":{"line":501,"column":0},"end":{"line":501,"column":0}},"501":{"start":{"line":502,"column":0},"end":{"line":502,"column":39}},"502":{"start":{"line":503,"column":0},"end":{"line":503,"column":88}},"503":{"start":{"line":504,"column":0},"end":{"line":504,"column":0}},"504":{"start":{"line":505,"column":0},"end":{"line":505,"column":42}},"505":{"start":{"line":506,"column":0},"end":{"line":506,"column":12}},"506":{"start":{"line":507,"column":0},"end":{"line":507,"column":0}},"507":{"start":{"line":508,"column":0},"end":{"line":508,"column":39}},"508":{"start":{"line":509,"column":0},"end":{"line":509,"column":88}},"509":{"start":{"line":510,"column":0},"end":{"line":510,"column":0}},"510":{"start":{"line":511,"column":0},"end":{"line":511,"column":5}},"511":{"start":{"line":512,"column":0},"end":{"line":512,"column":0}},"512":{"start":{"line":513,"column":0},"end":{"line":513,"column":37}},"513":{"start":{"line":514,"column":0},"end":{"line":514,"column":55}},"514":{"start":{"line":515,"column":0},"end":{"line":515,"column":54}},"515":{"start":{"line":516,"column":0},"end":{"line":516,"column":23}},"516":{"start":{"line":517,"column":0},"end":{"line":517,"column":0}},"517":{"start":{"line":518,"column":0},"end":{"line":518,"column":37}},"518":{"start":{"line":519,"column":0},"end":{"line":519,"column":55}},"519":{"start":{"line":520,"column":0},"end":{"line":520,"column":54}},"520":{"start":{"line":521,"column":0},"end":{"line":521,"column":23}},"521":{"start":{"line":522,"column":0},"end":{"line":522,"column":0}},"522":{"start":{"line":523,"column":0},"end":{"line":523,"column":29}},"523":{"start":{"line":524,"column":0},"end":{"line":524,"column":31}},"524":{"start":{"line":525,"column":0},"end":{"line":525,"column":0}},"525":{"start":{"line":526,"column":0},"end":{"line":526,"column":31}},"526":{"start":{"line":527,"column":0},"end":{"line":527,"column":78}},"527":{"start":{"line":528,"column":0},"end":{"line":528,"column":0}},"528":{"start":{"line":529,"column":0},"end":{"line":529,"column":12}},"529":{"start":{"line":530,"column":0},"end":{"line":530,"column":29}},"530":{"start":{"line":531,"column":0},"end":{"line":531,"column":0}},"531":{"start":{"line":532,"column":0},"end":{"line":532,"column":35}},"532":{"start":{"line":533,"column":0},"end":{"line":533,"column":82}},"533":{"start":{"line":534,"column":0},"end":{"line":534,"column":0}},"534":{"start":{"line":535,"column":0},"end":{"line":535,"column":16}},"535":{"start":{"line":536,"column":0},"end":{"line":536,"column":0}},"536":{"start":{"line":537,"column":0},"end":{"line":537,"column":35}},"537":{"start":{"line":538,"column":0},"end":{"line":538,"column":98}},"538":{"start":{"line":539,"column":0},"end":{"line":539,"column":0}},"539":{"start":{"line":540,"column":0},"end":{"line":540,"column":9}},"540":{"start":{"line":541,"column":0},"end":{"line":541,"column":5}},"541":{"start":{"line":542,"column":0},"end":{"line":542,"column":0}},"542":{"start":{"line":543,"column":0},"end":{"line":543,"column":38}},"543":{"start":{"line":544,"column":0},"end":{"line":544,"column":32}},"544":{"start":{"line":545,"column":0},"end":{"line":545,"column":32}},"545":{"start":{"line":546,"column":0},"end":{"line":546,"column":31}},"546":{"start":{"line":547,"column":0},"end":{"line":547,"column":0}},"547":{"start":{"line":548,"column":0},"end":{"line":548,"column":31}},"548":{"start":{"line":549,"column":0},"end":{"line":549,"column":18}},"549":{"start":{"line":550,"column":0},"end":{"line":550,"column":33}},"550":{"start":{"line":551,"column":0},"end":{"line":551,"column":108}},"551":{"start":{"line":552,"column":0},"end":{"line":552,"column":89}},"552":{"start":{"line":553,"column":0},"end":{"line":553,"column":17}},"553":{"start":{"line":554,"column":0},"end":{"line":554,"column":7}},"554":{"start":{"line":555,"column":0},"end":{"line":555,"column":0}},"555":{"start":{"line":556,"column":0},"end":{"line":556,"column":18}},"556":{"start":{"line":557,"column":0},"end":{"line":557,"column":15}},"557":{"start":{"line":558,"column":0},"end":{"line":558,"column":33}},"558":{"start":{"line":559,"column":0},"end":{"line":559,"column":19}},"559":{"start":{"line":560,"column":0},"end":{"line":560,"column":7}},"560":{"start":{"line":561,"column":0},"end":{"line":561,"column":0}},"561":{"start":{"line":562,"column":0},"end":{"line":562,"column":15}},"562":{"start":{"line":563,"column":0},"end":{"line":563,"column":23}},"563":{"start":{"line":564,"column":0},"end":{"line":564,"column":0}},"564":{"start":{"line":565,"column":0},"end":{"line":565,"column":34}},"565":{"start":{"line":566,"column":0},"end":{"line":566,"column":32}},"566":{"start":{"line":567,"column":0},"end":{"line":567,"column":30}},"567":{"start":{"line":568,"column":0},"end":{"line":568,"column":12}},"568":{"start":{"line":569,"column":0},"end":{"line":569,"column":20}},"569":{"start":{"line":570,"column":0},"end":{"line":570,"column":5}},"570":{"start":{"line":571,"column":0},"end":{"line":571,"column":1}},"571":{"start":{"line":572,"column":0},"end":{"line":572,"column":0}},"572":{"start":{"line":573,"column":0},"end":{"line":573,"column":47}},"573":{"start":{"line":574,"column":0},"end":{"line":574,"column":23}},"574":{"start":{"line":575,"column":0},"end":{"line":575,"column":21}},"575":{"start":{"line":576,"column":0},"end":{"line":576,"column":18}},"576":{"start":{"line":577,"column":0},"end":{"line":577,"column":0}},"577":{"start":{"line":578,"column":0},"end":{"line":578,"column":23}},"578":{"start":{"line":579,"column":0},"end":{"line":579,"column":12}},"579":{"start":{"line":580,"column":0},"end":{"line":580,"column":18}},"580":{"start":{"line":581,"column":0},"end":{"line":581,"column":13}},"581":{"start":{"line":582,"column":0},"end":{"line":582,"column":15}},"582":{"start":{"line":583,"column":0},"end":{"line":583,"column":0}},"583":{"start":{"line":584,"column":0},"end":{"line":584,"column":24}},"584":{"start":{"line":585,"column":0},"end":{"line":585,"column":32}},"585":{"start":{"line":586,"column":0},"end":{"line":586,"column":73}},"586":{"start":{"line":587,"column":0},"end":{"line":587,"column":48}},"587":{"start":{"line":588,"column":0},"end":{"line":588,"column":52}},"588":{"start":{"line":589,"column":0},"end":{"line":589,"column":12}},"589":{"start":{"line":590,"column":0},"end":{"line":590,"column":34}},"590":{"start":{"line":591,"column":0},"end":{"line":591,"column":24}},"591":{"start":{"line":592,"column":0},"end":{"line":592,"column":28}},"592":{"start":{"line":593,"column":0},"end":{"line":593,"column":5}},"593":{"start":{"line":594,"column":0},"end":{"line":594,"column":0}},"594":{"start":{"line":595,"column":0},"end":{"line":595,"column":17}},"595":{"start":{"line":596,"column":0},"end":{"line":596,"colum
[...]
":0,"538":0,"539":0,"540":0,"541":1,"542":1,"543":1,"544":1,"545":1,"546":1,"547":1,"548":1,"549":1,"550":1,"551":1,"552":1,"553":1,"554":1,"555":1,"556":1,"557":1,"558":1,"559":1,"560":1,"561":1,"562":1,"563":1,"564":1,"565":7,"566":0,"567":7,"568":1,"569":1,"570":7,"571":1,"572":22,"573":22,"574":22,"575":22,"576":22,"577":22,"578":22,"579":22,"580":22,"581":22,"582":22,"583":22,"584":22,"585":0,"586":0,"587":0,"588":22,"589":22,"590":22,"591":22,"592":22,"593":22,"594":22,"595":22,"596":22,"597":22,"598":22,"599":22,"600":22,"601":22,"602":22,"603":22,"604":22,"605":22,"606":22,"607":22,"608":0,"609":22,"610":22,"611":22,"612":22,"613":22,"614":22,"615":22,"616":22,"617":22,"618":4,"619":4,"620":4,"621":4,"622":4,"623":4,"624":4,"625":4,"626":4,"627":4,"628":4,"629":4,"630":4,"631":4,"632":4,"633":4,"634":4,"635":4,"636":4,"637":0,"638":4,"639":4,"640":4,"641":4,"642":18,"643":18,"644":18,"645":18,"646":18,"647":18,"648":18,"649":18,"650":18,"651":18,"652":22,"653":1,"654":1,"655":1,"656":1,"657":1,"658":1,"659":1,"660":1,"661":1,"662":1,"663":1,"664":1,"665":1,"666":1,"667":1,"668":1,"669":1,"670":1,"671":1,"672":1,"673":0,"674":1,"675":1,"676":1,"677":1,"678":1,"679":1,"680":17,"681":17,"682":17,"683":17,"684":17,"685":17,"686":17,"687":17,"688":948,"689":17,"690":17,"691":17,"692":17,"693":17,"694":17,"695":4,"696":4,"697":4,"698":4,"699":4,"700":0,"701":0,"702":0,"703":0,"704":0,"705":0,"706":0,"707":0,"708":0,"709":0,"710":0,"711":0,"712":0,"713":0,"714":0,"715":0,"716":0,"717":0,"718":0,"719":0,"720":0,"721":0,"722":0,"723":0,"724":0,"725":0,"726":4,"727":12,"728":12,"729":12,"730":12,"731":17,"732":5,"733":5,"734":5,"735":5,"736":0,"737":5,"738":5,"739":5,"740":5,"741":5,"742":5,"743":5,"744":0,"745":0,"746":0,"747":0,"748":0,"749":0,"750":0,"751":0,"752":0,"753":0,"754":0,"755":0,"756":0,"757":0,"758":0,"759":0,"760":0,"761":0,"762":0,"763":0,"764":0,"765":0,"766":0,"767":5,"768":5,"769":10,"770":10,"771":10,"772":10,"773":10,"774":10,"775":10,"776":10,"777":10,"778":10,"779":10,"780":10,"781":5,"782":5,"783":5,"784":5,"785":17,"786":7,"787":7,"788":7,"789":7,"790":7,"791":7,"792":7,"793":7,"794":0,"795":0,"796":0,"797":0,"798":0,"799":0,"800":0,"801":0,"802":0,"803":7,"804":7,"805":7,"806":7,"807":7,"808":17,"809":22,"810":0,"811":0,"812":0,"813":22,"814":22,"815":13,"816":13,"817":1,"818":1,"819":0,"820":1,"821":1,"822":1,"823":1,"824":1,"825":1,"826":1},"branchMap":{"0":{"type":"branch","line":19,"loc":{"start":{"line":19,"column":20},"end":{"line":19,"column":40}},"locations":[{"start":{"line":19,"column":20},"end":{"line":19,"column":40}}]},"1":{"type":"branch","line":19,"loc":{"start":{"line":19,"column":42},"end":{"line":21,"column":1}},"locations":[{"start":{"line":19,"column":42},"end":{"line":21,"column":1}}]},"2":{"type":"branch","line":826,"loc":{"start":{"line":826,"column":28},"end":{"line":826,"column":70}},"locations":[{"start":{"line":826,"column":28},"end":{"line":826,"column":70}}]},"3":{"type":"branch","line":59,"loc":{"start":{"line":59,"column":0},"end":{"line":73,"column":1}},"locations":[{"start":{"line":59,"column":0},"end":{"line":73,"column":1}}]},"4":{"type":"branch","line":62,"loc":{"start":{"line":62,"column":21},"end":{"line":62,"column":27}},"locations":[{"start":{"line":62,"column":21},"end":{"line":62,"column":27}}]},"5":{"type":"branch","line":64,"loc":{"start":{"line":64,"column":19},"end":{"line":64,"column":25}},"locations":[{"start":{"line":64,"column":19},"end":{"line":64,"column":25}}]},"6":{"type":"branch","line":66,"loc":{"start":{"line":66,"column":19},"end":{"line":66,"column":25}},"locations":[{"start":{"line":66,"column":19},"end":{"line":66,"column":25}}]},"7":{"type":"branch","line":66,"loc":{"start":{"line":66,"column":25},"end":{"line":66,"column":30}},"locations":[{"start":{"line":66,"column":25},"end":{"line":66,"column":30}}]},"8":{"type":"branch","line":69,"loc":{"start":{"line":69,"column":23},"end":{"line":69,"column":29}},"locations":[{"start":{"line":69,"column":23},"end":{"line":69,"column":29}}]},"9":{"type":"branch","line":71,"loc":{"start":{"line":71,"column":19},"end":{"line":71,"column":25}},"locations":[{"start":{"line":71,"column":19},"end":{"line":71,"column":25}}]},"10":{"type":"branch","line":103,"loc":{"start":{"line":103,"column":0},"end":{"line":150,"column":1}},"locations":[{"start":{"line":103,"column":0},"end":{"line":150,"column":1}}]},"11":{"type":"branch","line":131,"loc":{"start":{"line":131,"column":30},"end":{"line":147,"column":5}},"locations":[{"start":{"line":131,"column":30},"end":{"line":147,"column":5}}]},"12":{"type":"branch","line":159,"loc":{"start":{"line":159,"column":0},"end":{"line":225,"column":1}},"locations":[{"start":{"line":159,"column":0},"end":{"line":225,"column":1}}]},"13":{"type":"branch","line":187,"loc":{"start":{"line":187,"column":30},"end":{"line":222,"column":5}},"locations":[{"start":{"line":187,"column":30},"end":{"line":222,"column":5}}]},"14":{"type":"branch","line":234,"loc":{"start":{"line":234,"column":0},"end":{"line":284,"column":1}},"locations":[{"start":{"line":234,"column":0},"end":{"line":284,"column":1}}]},"15":{"type":"branch","line":262,"loc":{"start":{"line":262,"column":30},"end":{"line":281,"column":5}},"locations":[{"start":{"line":262,"column":30},"end":{"line":281,"column":5}}]},"16":{"type":"branch","line":299,"loc":{"start":{"line":299,"column":0},"end":{"line":571,"column":1}},"locations":[{"start":{"line":299,"column":0},"end":{"line":571,"column":1}}]},"17":{"type":"branch","line":319,"loc":{"start":{"line":319,"column":51},"end":{"line":321,"column":5}},"locations":[{"start":{"line":319,"column":51},"end":{"line":321,"column":5}}]},"18":{"type":"branch","line":331,"loc":{"start":{"line":331,"column":40},"end":{"line":355,"column":5}},"locations":[{"start":{"line":331,"column":40},"end":{"line":355,"column":5}}]},"19":{"type":"branch","line":334,"loc":{"start":{"line":334,"column":29},"end":{"line":345,"column":9}},"locations":[{"start":{"line":334,"column":29},"end":{"line":345,"column":9}}]},"20":{"type":"branch","line":339,"loc":{"start":{"line":339,"column":33},"end":{"line":342,"column":13}},"locations":[{"start":{"line":339,"column":33},"end":{"line":342,"column":13}}]},"21":{"type":"branch","line":345,"loc":{"start":{"line":345,"column":9},"end":{"line":354,"column":9}},"locations":[{"start":{"line":345,"column":9},"end":{"line":354,"column":9}}]},"22":{"type":"branch","line":350,"loc":{"start":{"line":350,"column":33},"end":{"line":353,"column":13}},"locations":[{"start":{"line":350,"column":33},"end":{"line":353,"column":13}}]},"23":{"type":"branch","line":368,"loc":{"start":{"line":368,"column":40},"end":{"line":395,"column":5}},"locations":[{"start":{"line":368,"column":40},"end":{"line":395,"column":5}}]},"24":{"type":"branch","line":374,"loc":{"start":{"line":374,"column":29},"end":{"line":385,"column":9}},"locations":[{"start":{"line":374,"column":29},"end":{"line":385,"column":9}}]},"25":{"type":"branch","line":379,"loc":{"start":{"line":379,"column":45},"end":{"line":382,"column":13}},"locations":[{"start":{"line":379,"column":45},"end":{"line":382,"column":13}}]},"26":{"type":"branch","line":385,"loc":{"start":{"line":385,"column":9},"end":{"line":394,"column":9}},"locations":[{"start":{"line":385,"column":9},"end":{"line":394,"column":9}}]},"27":{"type":"branch","line":390,"loc":{"start":{"line":390,"column":45},"end":{"line":393,"column":13}},"locations":[{"start":{"line":390,"column":45},"end":{"line":393,"column":13}}]},"28":{"type":"branch","line":411,"loc":{"start":{"line":411,"column":22},"end":{"line":411,"column":40}},"locations":[{"start":{"line":411,"column":22},"end":{"line":411,"column":40}}]},"29":{"type":"branch","line":411,"loc":{"start":{"line":411,"column":42},"end":{"line":436,"column":5}},"locations":[{"start":{"line":411,"column":42},"end":{"line":436,"column":5}}]},"30":{"type":"branch","line":430,"loc":{"start":{"line":430,"column":35},"end":{"line":432,"column":9}},"locations":[{"start":{"line":430,"column":35},"end":{"line":432,"column":9}}]},"31":{"type":"branch","line":436,"loc":{"start":{"line":436,"column":4},"end":{"line":441,"column":46}},"locations":[{"start":{"line":436,"column":4},"end":{"line":441,"column":46}}]},"32":{"type":"branch","line":441,"loc":{"start":{"line":441,"column":46},"end":{"line":487,"column":5}},"locations":[{"start":{"line":441,"column":46},"end":{"line":487,"column":5}}]},"33":{"type":"branch","line":487,"loc":{"start":{"line":487,"column":4},"end":{"line":500,"column":37}},"locations":[{"start":{"line":487,"column":4},"end":{"line":500,"column":37}}]},"34":{"type":"branch","line":500,"loc":{"start":{"line":500,"column":37},"end":{"line":506,"column":5}},"locations":[{"start":{"line":500,"column":37},"end":{"line":506,"column":5}}]},"35":{"type":"branch","line":506,"loc":{"start":{"line":506,"column":5},"end":{"line":529,"column":5}},"locations":[{"start":{"line":506,"column":5},"end":{"line":529,"column":5}}]},"36":{"type":"branch","line":529,"loc":{"start":{"line":529,"column":5},"end":{"line":541,"column":5}},"locations":[{"start":{"line":529,"column":5},"end":{"line":541,"column":5}}]},"37":{"type":"branch","line":541,"loc":{"start":{"line":541,"column":4},"end":{"line":566,"column":31}},"locations":[{"start":{"line":541,"column":4},"end":{"line":566,"column":31}}]},"38":{"type":"branch","line":566,"loc":{"start":{"line":566,"column":31},"end":{"line":568,"column":5}},"locations":[{"start":{"line":566,"column":31},"end":{"line":568,"column":5}}]},"39":{"type":"branch","line":568,"loc":{"start":{"line":568,"column":5},"end":{"line":570,"column":5}},"locations":[{"start":{"line":568,"column":5},"end":{"line":570,"column":5}}]},"40":{"type":"branch","line":301,"loc":{"start":{"line":301,"column":40},"end":{"line":301,"column":73}},"locations":[{"start":{"line":301,"column":40},"end":{"line":301,"column":73}}]},"41":{"type":"branch","line":307,"loc":{"start":{"line":307,"column":34},"end":{"line":307,"column":67}},"locations":[{"start":{"line":307,"column":34},"end":{"line":307,"column":67}}]},"42":{"type":"branch","line":310,"loc":{"start":{"line":310,"column":41},"end":{"line":310,"column":72}},"locations":[{"start":{"line":310,"column":41},"end":{"line":310,"column":72}}]},"43":{"type":"branch","line":313,"loc":{"start":{"line":313,"column":41},"end":{"line":313,"column":73}},"locations":[{"start":{"line":313,"column":41},"end":{"line":313,"column":73}}]},"44":{"type":"branch","line":324,"loc":{"start":{"line":324,"column":34},"end":{"line":324,"column":64}},"locations":[{"start":{"line":324,"column":34},"end":{"line":324,"column":64}}]},"45":{"type":"branch","line":358,"loc":{"start":{"line":358,"column":19},"end":{"line":358,"column":76}},"locations":[{"start":{"line":358,"column":19},"end":{"line":358,"column":76}}]},"46":{"type":"branch","line":361,"loc":{"start":{"line":361,"column":34},"end":{"line":361,"column":64}},"locations":[{"start":{"line":361,"column":34},"end":{"line":361,"column":64}}]},"47":{"type":"branch","line":398,"loc":{"start":{"line":398,"column":19},"end":{"line":398,"column":76}},"locations":[{"start":{"line":398,"column":19},"end":{"line":398,"column":76}}]},"48":{"type":"branch","line":573,"loc":{"start":{"line":573,"column":0},"end":{"line":817,"column":1}},"locations":[{"start":{"line":573,"column":0},"end":{"line":817,"column":1}}]},"49":{"type":"branch","line":585,"loc":{"start":{"line":585,"column":31},"end":{"line":589,"column":5}},"locations":[{"start":{"line":585,"column":31},"end":{"line":589,"column":5}}]},"50":{"type":"branch","line":815,"loc":{"start":{"line":815,"column":6},"end":{"line":817,"column":1}},"locations":[{"start":{"line":815,"column":6},"end":{"line":817,"column":1}}]},"51":{"type":"branch","line":603,"loc":{"start":{"line":603,"column":37},"end":{"line":815,"column":5}},"locations":[{"start":{"line":603,"column":37},"end":{"line":815,"column":5}}]},"52":{"type":"branch","line":604,"loc":{"start":{"line":604,"column":21},"end":{"line":814,"column":9}},"locations":[{"start":{"line":604,"column":21},"end":{"line":814,"column":9}}]},"53":{"type":"branch","line":608,"loc":{"start":{"line":608,"column":43},"end":{"line":610,"column":17}},"locations":[{"start":{"line":608,"column":43},"end":{"line":610,"column":17}}]},"54":{"type":"branch","line":618,"loc":{"start":{"line":618,"column":47},"end":{"line":642,"column":17}},"locations":[{"start":{"line":618,"column":47},"end":{"line":642,"column":17}}]},"55":{"type":"branch","line":637,"loc":{"start":{"line":637,"column":47},"end":{"line":639,"column":21}},"locations":[{"start":{"line":637,"column":47},"end":{"line":639,"column":21}}]},"56":{"type":"branch","line":642,"loc":{"start":{"line":642,"column":16},"end":{"line":653,"column":47}},"locations":[{"start":{"line":642,"column":16},"end":{"line":653,"column":47}}]},"57":{"type":"branch","line":653,"loc":{"start":{"line":653,"column":47},"end":{"line":680,"column":17}},"locations":[{"start":{"line":653,"column":47},"end":{"line":680,"column":17}}]},"58":{"type":"branch","line":673,"loc":{"start":{"line":673,"column":47},"end":{"line":675,"column":21}},"locations":[{"start":{"line":673,"column":47},"end":{"line":675,"column":21}}]},"59":{"type":"branch","line":681,"loc":{"start":{"line":681,"column":-1},"end":{"line":809,"column":17}},"locations":[{"start":{"line":681,"column":-1},"end":{"line":809,"column":17}}]},"60":{"type":"branch","line":695,"loc":{"start":{"line":695,"column":99},"end":{"line":727,"column":21}},"locations":[{"start":{"line":695,"column":99},"end":{"line":727,"column":21}}]},"61":{"type":"branch","line":700,"loc":{"start":{"line":700,"column":92},"end":{"line":726,"column":25}},"locations":[{"start":{"line":700,"column":92},"end":{"line":726,"column":25}}]},"62":{"type":"branch","line":727,"loc":{"start":{"line":727,"column":20},"end":{"line":732,"column":37}},"locations":[{"start":{"line":727,"column":20},"end":{"line":732,"column":37}}]},"63":{"type":"branch","line":732,"loc":{"start":{"line":732,"column":37},"end":{"line":786,"column":21}},"locations":[{"start":{"line":732,"column":37},"end":{"line":786,"column":21}}]},"64":{"type":"branch","line":736,"loc":{"start":{"line":736,"column":51},"end":{"line":738,"column":25}},"locations":[{"start":{"line":736,"column":51},"end":{"line":738,"column":25}}]},"65":{"type":"branch","line":744,"loc":{"start":{"line":744,"column":54},"end":{"line":768,"column":25}},"locations":[{"start":{"line":744,"column":54},"end":{"line":768,"column":25}}]},"66":{"type":"branch","line":769,"loc":{"start":{"line":769,"column":70},"end":{"line":781,"column":29}},"locations":[{"start":{"line":769,"column":70},"end":{"line":781,"column":29}}]},"67":{"type":"branch","line":786,"loc":{"start":{"line":786,"column":21},"end":{"line":808,"column":21}},"locations":[{"start":{"line":786,"column":21},"end":{"line":808,"column":21}}]},"68":{"type":"branch","line":794,"loc":{"start":{"line":794,"column":52},"end":{"line":804,"column":25}},"locations":[{"start":{"line":794,"column":52},"end":{"line":804,"column":25}}]},"69":{"type":"branch","line":811,"loc":{"start":{"line":811,"column":-1},"end":{"line":813,"column":13}},"locations":[{"start":{"line":811,"column":-1},"end":{"line":813,"column":13}}]},"70":{"type":"branch","line":615,"loc":{"start":{"line":615,"column":50},"end":{"line":615,"column":83}},"locations":[{"start":{"line":615,"column":50},"end":{"line":615,"column":83}}]},"71":{"type":"branch","line":646,"loc":{"start":{"line":646,"column":53},"end":{"line":646,"column":85}},"locations":[{"start":{"line":646,"column":53},"end":{"line":646,"column":85}}]},"72":{"type":"branch","line":647,"loc":{"start":{"line":647,"column":53},"end":{"line":647,"column":84}},"locations":[{"start":{"line":647,"column":53},"end":{"line":647,"column":84}}]},"73":{"type":"branch","line":648,"loc":{"start":{"line":648,"column":53},"end":{"line":648,"column":84}},"locations":[{"start":{"line":648,"column":53},"end":{"line":648,"column":84}}]},"74":{"type":"branch","line":683,"loc":{"start":{"line":683,"column":50},"end":{"line":683,"column":83}},"locations":[{"start":{"line":683,"column":50},"end":{"line":683,"column":83}}]},"75":{"type":"branch","line":685,"loc":{"start":{"line":685,"column":57},"end":{"line":685,"column":88}},"locations":[{"start":{"line":685,"column":57},"end":{"line":685,"column":88}}]},"76":{"type":"branch","line":686,"loc":{"start":{"line":686,"column":57},"end":{"line":686,"column":89}},"locations":[{"start":{"line":686,"column":57},"end":{"line":686,"column":89}}]},"77":{"type":"branch","line":688,"loc":{"start":{"line":688,"column":39},"end":{"line":690,"column":21}},"locations":[{"start":{"line":688,"column":39},"end":{"line":690,"column":21}}]},"78":{"type":"branch","line":696,"loc":{"start":{"line":696,"column":54},"end":{"line":696,"column":87}},"locations":[{"start":{"line":696,"column":54},"end":{"line":696,"column":87}}]},"79":{"type":"branch","line":697,"loc":{"start":{"line":697,"column":61},"end":{"line":697,"column":148}},"locations":[{"start":{"line":697,"column":61},"end":{"line":697,"column":148}}]}},"b":{"0":[0],"1":[0],"2":[0],"3":[22],"4":[0],"5":[0],"6":[3],"7":[19],"8":[0],"9":[0],"10":[1],"11":[0],"12":[1],"13":[0],"14":[1],"15":[0],"16":[7],"17":[203],"18":[87],"19":[58],"20":[29],"21":[29],"22":[14],"23":[85],"24":[56],"25":[31],"26":[29],"27":[13],"28":[4],"29":[6],"30":[0],"31":[1],"32":[0],"33":[1],"34":[0],"35":[1],"36":[0],"37":[1],"38":[0],"39":[1],"40":[21],"41":[392],"42":[378],"43":[378],"44":[203],"45":[87],"46":[203],"47":[85],"48":[22],"49":[0],"50":[13],"51":[22],"52":[22],"53":[0],"54":[4],"55":[0],"56":[18],"57":[1],"58":[0],"59":[17],"60":[4],"61":[0],"62":[12],"63":[5],"64":[0],"65":[0],"66":[10],"67":[7],"68":[0],"69":[0],"70":[1232],"71":[972],"72":[502],"73":[317],"74":[952],"75":[918],"76":[679],"77":[948],"78":[224],"79":[216]},"fnMap":{"0":{"name":"getDateTime","decl":{"start":{"line":59,"column":0},"end":{"line":73,"column":1}},"loc":{"start":{"line":59,"column":0},"end":{"line":73,"column":1}},"line":59},"1":{"name":"validateConnection","decl":{"start":{"line":75,"column":0},"end":{"line":80,"column":1}},"loc":{"start":{"line":75,"column":0},"end":{"line":80,"column":1}},"line":75},"2":{"name":"validatePool","decl":{"start":{"line":82,"column":0},"end":{"line":87,"column":1}},"loc":{"start":{"line":82,"column":0},"end":{"line":87,"column":1}},"line":82},"3":{"name":"validateQuery","decl":{"start":{"line":89,"column":0},"end":{"line":92,"column":1}},"loc":{"start":{"line":89,"column":0},"end":{"line":92,"column":1}},"line":89},"4":{"name":"handlerPlaceslist","decl":{"start":{"line":103,"column":0},"end":{"line":150,"column":1}},"loc":{"start":{"line":103,"column":0},"end":{"line":150,"column":1}},"line":103},"5":{"name":"handlerPlaces","decl":{"start":{"line":159,"column":0},"end":{"line":225,"column":1}},"loc":{"start":{"line":159,"column":0},"end":{"line":225,"column":1}},"line":159},"6":{"name":"handlerStreets","decl":{"start":{"line":234,"column":0},"end":{"line":284,"column":1}},"loc":{"start":{"line":234,"column":0},"end":{"line":284,"column":1}},"line":234},"7":{"name":"test","decl":{"start":{"line":293,"column":0},"end":{"line":297,"column":1}},"loc":{"start":{"line":293,"column":0},"end":{"line":297,"column":1}},"line":293},"8":{"name":"ifEarlierThan1931","decl":{"start":{"line":299,"column":0},"end":{"line":571,"column":1}},"loc":{"start":{"line":299,"column":0},"end":{"line":571,"column":1}},"line":299},"9":{"name":"handlerGeocolocation","decl":{"start":{"line":573,"column":0},"end":{"line":817,"column":1}},"loc":{"start":{"line":573,"column":0},"end":{"line":817,"column":1}},"line":573},"10":{"name":"trying","decl":{"start":{"line":603,"column":37},"end":{"line":815,"column":5}},"loc":{"start":{"line":603,"column":37},"end":{"line":815,"column":5}},"line":603}},"f":{"0":22,"1":0,"2":0,"3":0,"4":1,"5":1,"6":1,"7":0,"8":7,"9":22,"10":22}}
}
