{"/Users/fcasarotto/Workspace/usp_tcc/GeocodingAPI/controllers/confidenceRate.js": {"path":"/Users/fcasarotto/Workspace/usp_tcc/GeocodingAPI/controllers/confidenceRate.js","all":false,"statementMap":{"0":{"start":{"line":1,"column":0},"end":{"line":1,"column":33}},"1":{"start":{"line":2,"column":0},"end":{"line":2,"column":33}},"2":{"start":{"line":3,"column":0},"end":{"line":3,"column":0}},"3":{"start":{"line":4,"column":0},"end":{"line":4,"column":52}},"4":{"start":{"line":5,"column":0},"end":{"line":5,"column":4}},"5":{"start":{"line":6,"column":0},"end":{"line":6,"column":23}},"6":{"start":{"line":7,"column":0},"end":{"line":7,"column":41}},"7":{"start":{"line":8,"column":0},"end":{"line":8,"column":25}},"8":{"start":{"line":9,"column":0},"end":{"line":9,"column":24}},"9":{"start":{"line":10,"column":0},"end":{"line":10,"column":0}},"10":{"start":{"line":11,"column":0},"end":{"line":11,"column":25}},"11":{"start":{"line":12,"column":0},"end":{"line":12,"column":81}},"12":{"start":{"line":13,"column":0},"end":{"line":13,"column":81}},"13":{"start":{"line":14,"column":0},"end":{"line":14,"column":4}},"14":{"start":{"line":15,"column":0},"end":{"line":15,"column":21}},"15":{"start":{"line":16,"column":0},"end":{"line":16,"column":37}},"16":{"start":{"line":17,"column":0},"end":{"line":17,"column":101}},"17":{"start":{"line":18,"column":0},"end":{"line":18,"column":99}},"18":{"start":{"line":19,"column":0},"end":{"line":19,"column":0}},"19":{"start":{"line":20,"column":0},"end":{"line":20,"column":16}},"20":{"start":{"line":21,"column":0},"end":{"line":21,"column":91}},"21":{"start":{"line":22,"column":0},"end":{"line":22,"column":0}},"22":{"start":{"line":23,"column":0},"end":{"line":23,"column":21}},"23":{"start":{"line":24,"column":0},"end":{"line":24,"column":25}},"24":{"start":{"line":25,"column":0},"end":{"line":25,"column":1}},"25":{"start":{"line":26,"column":0},"end":{"line":26,"column":0}},"26":{"start":{"line":27,"column":0},"end":{"line":27,"column":46}},"27":{"start":{"line":28,"column":0},"end":{"line":28,"column":4}},"28":{"start":{"line":29,"column":0},"end":{"line":29,"column":21}},"29":{"start":{"line":30,"column":0},"end":{"line":30,"column":12}},"30":{"start":{"line":31,"column":0},"end":{"line":31,"column":0}},"31":{"start":{"line":32,"column":0},"end":{"line":32,"column":1}},"32":{"start":{"line":33,"column":0},"end":{"line":33,"column":0}},"33":{"start":{"line":34,"column":0},"end":{"line":34,"column":20}},"34":{"start":{"line":35,"column":0},"end":{"line":35,"column":51}},"35":{"start":{"line":36,"column":0},"end":{"line":36,"column":70}},"36":{"start":{"line":37,"column":0},"end":{"line":37,"column":1}}},"s":{"0":1,"1":1,"2":1,"3":1,"4":1,"5":1,"6":1,"7":1,"8":1,"9":1,"10":1,"11":1,"12":1,"13":1,"14":1,"15":1,"16":1,"17":1,"18":1,"19":1,"20":1,"21":1,"22":1,"23":1,"24":1,"25":1,"26":1,"27":0,"28":0,"29":0,"30":0,"31":0,"32":1,"33":1,"34":1,"35":4,"36":4},"branchMap":{"0":{"type":"branch","line":4,"loc":{"start":{"line":4,"column":29},"end":{"line":25,"column":1}},"locations":[{"start":{"line":4,"column":29},"end":{"line":25,"column":1}}]},"1":{"type":"branch","line":35,"loc":{"start":{"line":35,"column":18},"end":{"line":37,"column":1}},"locations":[{"start":{"line":35,"column":18},"end":{"line":37,"column":1}}]}},"b":{"0":[1],"1":[4]},"fnMap":{"0":{"name":"Object.<anonymous>.exports.confidenceRateCode","decl":{"start":{"line":4,"column":29},"end":{"line":25,"column":1}},"loc":{"start":{"line":4,"column":29},"end":{"line":25,"column":1}},"line":4},"1":{"name":"Object.<anonymous>.exports.confidenceRateLocate","decl":{"start":{"line":27,"column":31},"end":{"line":32,"column":1}},"loc":{"start":{"line":27,"column":31},"end":{"line":32,"column":1}},"line":27},"2":{"name":"getDistance","decl":{"start":{"line":35,"column":18},"end":{"line":37,"column":1}},"loc":{"start":{"line":35,"column":18},"end":{"line":37,"column":1}},"line":35}},"f":{"0":1,"1":0,"2":4}}
,"/Users/fcasarotto/Workspace/usp_tcc/GeocodingAPI/controllers/dictionary.js": {"path":"/Users/fcasarotto/Workspace/usp_tcc/GeocodingAPI/controllers/dictionary.js","all":false,"statementMap":{"0":{"start":{"line":1,"column":0},"end":{"line":1,"column":21}},"1":{"start":{"line":2,"column":0},"end":{"line":2,"column":42}},"2":{"start":{"line":3,"column":0},"end":{"line":3,"column":18}},"3":{"start":{"line":4,"column":0},"end":{"line":4,"column":19}},"4":{"start":{"line":5,"column":0},"end":{"line":5,"column":20}},"5":{"start":{"line":6,"column":0},"end":{"line":6,"column":22}},"6":{"start":{"line":7,"column":0},"end":{"line":7,"column":23}},"7":{"start":{"line":8,"column":0},"end":{"line":8,"column":23}},"8":{"start":{"line":9,"column":0},"end":{"line":9,"column":24}},"9":{"start":{"line":10,"column":0},"end":{"line":10,"column":24}},"10":{"start":{"line":11,"column":0},"end":{"line":11,"column":25}},"11":{"start":{"line":12,"column":0},"end":{"line":12,"column":20}},"12":{"start":{"line":13,"column":0},"end":{"line":13,"column":22}},"13":{"start":{"line":14,"column":0},"end":{"line":14,"column":24}},"14":{"start":{"line":15,"column":0},"end":{"line":15,"column":5}},"15":{"start":{"line":16,"column":0},"end":{"line":16,"column":37}},"16":{"start":{"line":17,"column":0},"end":{"line":17,"column":29}},"17":{"start":{"line":18,"column":0},"end":{"line":18,"column":33}},"18":{"start":{"line":19,"column":0},"end":{"line":19,"column":37}},"19":{"start":{"line":20,"column":0},"end":{"line":20,"column":41}},"20":{"start":{"line":21,"column":0},"end":{"line":21,"column":13}},"21":{"start":{"line":22,"column":0},"end":{"line":22,"column":9}},"22":{"start":{"line":23,"column":0},"end":{"line":23,"column":5}},"23":{"start":{"line":24,"column":0},"end":{"line":24,"column":27}},"24":{"start":{"line":25,"column":0},"end":{"line":25,"column":1}}},"s":{"0":1,"1":1,"2":0,"3":0,"4":0,"5":0,"6":0,"7":0,"8":0,"9":0,"10":0,"11":0,"12":0,"13":0,"14":0,"15":0,"16":0,"17":0,"18":0,"19":0,"20":0,"21":0,"22":0,"23":0,"24":0},"branchMap":{},"b":{},"fnMap":{"0":{"name":"Object.<anonymous>.exports.dictionary","decl":{"start":{"line":2,"column":21},"end":{"line":25,"column":1}},"loc":{"start":{"line":2,"column":21},"end":{"line":25,"column":1}},"line":2}},"f":{"0":0}}
,"/Users/fcasarotto/Workspace/usp_tcc/GeocodingAPI/controllers/lineLocate.js": {"path":"/Users/fcasarotto/Workspace/usp_tcc/GeocodingAPI/controllers/lineLocate.js","all":false,"statementMap":{"0":{"start":{"line":1,"column":0},"end":{"line":1,"column":26}},"1":{"start":{"line":2,"column":0},"end":{"line":2,"column":28}},"2":{"start":{"line":3,"column":0},"end":{"line":3,"column":0}},"3":{"start":{"line":4,"column":0},"end":{"line":4,"column":43}},"4":{"start":{"line":5,"column":0},"end":{"line":5,"column":4}},"5":{"start":{"line":6,"column":0},"end":{"line":6,"column":40}},"6":{"start":{"line":7,"column":0},"end":{"line":7,"column":55}},"7":{"start":{"line":8,"column":0},"end":{"line":8,"column":59}},"8":{"start":{"line":9,"column":0},"end":{"line":9,"column":0}},"9":{"start":{"line":10,"column":0},"end":{"line":10,"column":40}},"10":{"start":{"line":11,"column":0},"end":{"line":11,"column":52}},"11":{"start":{"line":12,"column":0},"end":{"line":12,"column":56}},"12":{"start":{"line":13,"column":0},"end":{"line":13,"column":0}},"13":{"start":{"line":14,"column":0},"end":{"line":14,"column":37}},"14":{"start":{"line":15,"column":0},"end":{"line":15,"column":41}},"15":{"start":{"line":16,"column":0},"end":{"line":16,"column":4}},"16":{"start":{"line":17,"column":0},"end":{"line":17,"column":23}},"17":{"start":{"line":18,"column":0},"end":{"line":18,"column":23}},"18":{"start":{"line":19,"column":0},"end":{"line":19,"column":22}},"19":{"start":{"line":20,"column":0},"end":{"line":20,"column":27}},"20":{"start":{"line":21,"column":0},"end":{"line":21,"column":18}},"21":{"start":{"line":22,"column":0},"end":{"line":22,"column":24}},"22":{"start":{"line":23,"column":0},"end":{"line":23,"column":4}},"23":{"start":{"line":24,"column":0},"end":{"line":24,"column":35}},"24":{"start":{"line":25,"column":0},"end":{"line":25,"column":49}},"25":{"start":{"line":26,"column":0},"end":{"line":26,"column":0}},"26":{"start":{"line":27,"column":0},"end":{"line":27,"column":49}},"27":{"start":{"line":28,"column":0},"end":{"line":28,"column":163}},"28":{"start":{"line":29,"column":0},"end":{"line":29,"column":45}},"29":{"start":{"line":30,"column":0},"end":{"line":30,"column":0}},"30":{"start":{"line":31,"column":0},"end":{"line":31,"column":55}},"31":{"start":{"line":32,"column":0},"end":{"line":32,"column":152}},"32":{"start":{"line":33,"column":0},"end":{"line":33,"column":146}},"33":{"start":{"line":34,"column":0},"end":{"line":34,"column":19}},"34":{"start":{"line":35,"column":0},"end":{"line":35,"column":9}},"35":{"start":{"line":36,"column":0},"end":{"line":36,"column":5}},"36":{"start":{"line":37,"column":0},"end":{"line":37,"column":8}},"37":{"start":{"line":38,"column":0},"end":{"line":38,"column":55}},"38":{"start":{"line":39,"column":0},"end":{"line":39,"column":18}},"39":{"start":{"line":40,"column":0},"end":{"line":40,"column":0}},"40":{"start":{"line":41,"column":0},"end":{"line":41,"column":89}},"41":{"start":{"line":42,"column":0},"end":{"line":42,"column":156}},"42":{"start":{"line":43,"column":0},"end":{"line":43,"column":7}},"43":{"start":{"line":44,"column":0},"end":{"line":44,"column":29}},"44":{"start":{"line":45,"column":0},"end":{"line":45,"column":40}},"45":{"start":{"line":46,"column":0},"end":{"line":46,"column":0}},"46":{"start":{"line":47,"column":0},"end":{"line":47,"column":10}},"47":{"start":{"line":48,"column":0},"end":{"line":48,"column":4}},"48":{"start":{"line":49,"column":0},"end":{"line":49,"column":79}},"49":{"start":{"line":50,"column":0},"end":{"line":50,"column":41}},"50":{"start":{"line":51,"column":0},"end":{"line":51,"column":12}},"51":{"start":{"line":52,"column":0},"end":{"line":52,"column":44}},"52":{"start":{"line":53,"column":0},"end":{"line":53,"column":180}},"53":{"start":{"line":54,"column":0},"end":{"line":54,"column":0}},"54":{"start":{"line":55,"column":0},"end":{"line":55,"column":9}},"55":{"start":{"line":56,"column":0},"end":{"line":56,"column":0}},"56":{"start":{"line":57,"column":0},"end":{"line":57,"column":89}},"57":{"start":{"line":58,"column":0},"end":{"line":58,"column":168}},"58":{"start":{"line":59,"column":0},"end":{"line":59,"column":8}},"59":{"start":{"line":60,"column":0},"end":{"line":60,"column":29}},"60":{"start":{"line":61,"column":0},"end":{"line":61,"column":40}},"61":{"start":{"line":62,"column":0},"end":{"line":62,"column":5}},"62":{"start":{"line":63,"column":0},"end":{"line":63,"column":0}},"63":{"start":{"line":64,"column":0},"end":{"line":64,"column":1}},"64":{"start":{"line":65,"column":0},"end":{"line":65,"column":0}},"65":{"start":{"line":66,"column":0},"end":{"line":66,"column":20}},"66":{"start":{"line":67,"column":0},"end":{"line":67,"column":43}},"67":{"start":{"line":68,"column":0},"end":{"line":68,"column":54}},"68":{"start":{"line":69,"column":0},"end":{"line":69,"column":1}},"69":{"start":{"line":70,"column":0},"end":{"line":70,"column":0}},"70":{"start":{"line":71,"column":0},"end":{"line":71,"column":41}},"71":{"start":{"line":72,"column":0},"end":{"line":72,"column":4}},"72":{"start":{"line":73,"column":0},"end":{"line":73,"column":44}},"73":{"start":{"line":74,"column":0},"end":{"line":74,"column":56}},"74":{"start":{"line":75,"column":0},"end":{"line":75,"column":60}},"75":{"start":{"line":76,"column":0},"end":{"line":76,"column":4}},"76":{"start":{"line":77,"column":0},"end":{"line":77,"column":44}},"77":{"start":{"line":78,"column":0},"end":{"line":78,"column":59}},"78":{"start":{"line":79,"column":0},"end":{"line":79,"column":63}},"79":{"start":{"line":80,"column":0},"end":{"line":80,"column":4}},"80":{"start":{"line":81,"column":0},"end":{"line":81,"column":27}},"81":{"start":{"line":82,"column":0},"end":{"line":82,"column":27}},"82":{"start":{"line":83,"column":0},"end":{"line":83,"column":26}},"83":{"start":{"line":84,"column":0},"end":{"line":84,"column":31}},"84":{"start":{"line":85,"column":0},"end":{"line":85,"column":4}},"85":{"start":{"line":86,"column":0},"end":{"line":86,"column":34}},"86":{"start":{"line":87,"column":0},"end":{"line":87,"column":47}},"87":{"start":{"line":88,"column":0},"end":{"line":88,"column":4}},"88":{"start":{"line":89,"column":0},"end":{"line":89,"column":41}},"89":{"start":{"line":90,"column":0},"end":{"line":90,"column":45}},"90":{"start":{"line":91,"column":0},"end":{"line":91,"column":9}},"91":{"start":{"line":92,"column":0},"end":{"line":92,"column":39}},"92":{"start":{"line":93,"column":0},"end":{"line":93,"column":53}},"93":{"start":{"line":94,"column":0},"end":{"line":94,"column":4}},"94":{"start":{"line":95,"column":0},"end":{"line":95,"column":53}},"95":{"start":{"line":96,"column":0},"end":{"line":96,"column":167}},"96":{"start":{"line":97,"column":0},"end":{"line":97,"column":49}},"97":{"start":{"line":98,"column":0},"end":{"line":98,"column":4}},"98":{"start":{"line":99,"column":0},"end":{"line":99,"column":59}},"99":{"start":{"line":100,"column":0},"end":{"line":100,"column":160}},"100":{"start":{"line":101,"column":0},"end":{"line":101,"column":157}},"101":{"start":{"line":102,"column":0},"end":{"line":102,"column":26}},"102":{"start":{"line":103,"column":0},"end":{"line":103,"column":13}},"103":{"start":{"line":104,"column":0},"end":{"line":104,"column":9}},"104":{"start":{"line":105,"column":0},"end":{"line":105,"column":4}},"105":{"start":{"line":106,"column":0},"end":{"line":106,"column":28}},"106":{"start":{"line":107,"column":0},"end":{"line":107,"column":19}},"107":{"start":{"line":108,"column":0},"end":{"line":108,"column":38}},"108":{"start":{"line":109,"column":0},"end":{"line":109,"column":38}},"109":{"start":{"line":110,"column":0},"end":{"line":110,"column":4}},"110":{"start":{"line":111,"column":0},"end":{"line":111,"column":28}},"111":{"start":{"line":112,"column":0},"end":{"line":112,"column":19}},"112":{"start":{"line":113,"column":0},"end":{"line":113,"column":50}},"113":{"start":{"line":114,"column":0},"end":{"line":114,"column":50}},"114":{"start":{"line":115,"column":0},"end":{"line":115,"column":4}},"115":{"start":{"line":116,"column":0},"end":{"line":116,"column":8}},"116":{"start":{"line":117,"column":0},"end":{"line":117,"column":28}},"117":{"start":{"line":118,"column":0},"end":{"line":118,"column":19}},"118":{"start":{"line":119,"column":0},"end":{"line":119,"column":48}},"119":{"start":{"line":120,"column":0},"end":{"line":120,"column":48}},"120":{"start":{"line":121,"column":0},"end":{"line":121,"column":8}},"121":{"start":{"line":122,"column":0},"end":{"line":122,"column":29}},"122":{"start":{"line":123,"column":0},"end":{"line":123,"column":20}},"123":{"start":{"line":124,"column":0},"end":{"line":124,"column":25}},"124":{"start":{"line":125,"column":0},"end":{"line":125,"column":25}},"125":{"start":{"line":126,"column":0},"end":{"line":126,"column":4}},"126":{"start":{"line":127,"column":0},"end":{"line":127,"column":33}},"127":{"start":{"line":128,"column":0},"end":{"line":128,"column":20}},"128":{"start":{"line":129,"column":0},"end":{"line":129,"column":25}},"129":{"start":{"line":130,"column":0},"end":{"line":130,"column":25}},"130":{"start":{"line":131,"column":0},"end":{"line":131,"column":4}},"131":{"start":{"line":132,"column":0},"end":{"line":132,"column":41}},"132":{"start":{"line":133,"column":0},"end":{"line":133,"column":40}},"133":{"start":{"line":134,"column":0},"end":{"line":134,"column":42}},"134":{"start":{"line":135,"column":0},"end":{"line":135,"column":28}},"135":{"start":{"line":136,"column":0},"end":{"line":136,"column":8}},"136":{"start":{"line":137,"column":0},"end":{"line":137,"column":83}},"137":{"start":{"line":138,"column":0},"end":{"line":138,"column":76}},"138":{"start":{"line":139,"column":0},"end":{"line":139,"column":76}},"139":{"start":{"line":140,"column":0},"end":{"line":140,"column":4}},"140":{"start":{"line":141,"column":0},"end":{"line":141,"column":65}},"141":{"start":{"line":142,"column":0},"end":{"line":142,"column":64}},"142":{"start":{"line":143,"column":0},"end":{"line":143,"column":8}},"143":{"start":{"line":144,"column":0},"end":{"line":144,"column":1}}},"s":{"0":1,"1":1,"2":1,"3":1,"4":2,"5":2,"6":2,"7":2,"8":2,"9":2,"10":2,"11":2,"12":2,"13":2,"14":2,"15":2,"16":2,"17":2,"18":2,"19":2,"20":2,"21":2,"22":2,"23":2,"24":2,"25":36,"26":36,"27":36,"28":36,"29":36,"30":36,"31":36,"32":31,"33":31,"34":31,"35":36,"36":2,"37":2,"38":2,"39":0,"40":0,"41":0,"42":0,"43":0,"44":0,"45":0,"46":2,"47":2,"48":2,"49":2,"50":29,"51":29,"52":29,"53":29,"54":29,"55":2,"56":2,"57":2,"58":2,"59":2,"60":2,"61":2,"62":2,"63":2,"64":1,"65":1,"66":1,"67":134,"68":134,"69":1,"70":1,"71":0,"72":0,"73":0,"74":0,"75":0,"76":0,"77":0,"78":0,"79":0,"80":0,"81":0,"82":0,"83":0,"84":0,"85":0,"86":0,"87":0,"88":0,"89":0,"90":0,"91":0,"92":0,"93":0,"94":0,"95":0,"96":0,"97":0,"98":0,"99":0,"100":0,"101":0,"102":0,"103":0,"104":0,"105":0,"106":0,"107":0,"108":0,"109":0,"110":0,"111":0,"112":0,"113":0,"114":0,"115":0,"116":0,"117":0,"118":0,"119":0,"120":0,"121":0,"122":0,"123":0,"124":0,"125":0,"126":0,"127":0,"128":0,"129":0,"130":0,"131":0,"132":0,"133":0,"134":0,"135":0,"136":0,"137":0,"138":0,"139":0,"140":0,"141":0,"142":0,"143":0},"branchMap":{"0":{"type":"branch","line":4,"loc":{"start":{"line":4,"column":21},"end":{"line":64,"column":1}},"locations":[{"start":{"line":4,"column":21},"end":{"line":64,"column":1}}]},"1":{"type":"branch","line":25,"loc":{"start":{"line":25,"column":48},"end":{"line":36,"column":5}},"locations":[{"start":{"line":25,"column":48},"end":{"line":36,"column":5}}]},"2":{"type":"branch","line":32,"loc":{"start":{"line":32,"column":151},"end":{"line":35,"column":9}},"locations":[{"start":{"line":32,"column":151},"end":{"line":35,"column":9}}]},"3":{"type":"branch","line":39,"loc":{"start":{"line":39,"column":17},"end":{"line":47,"column":5}},"locations":[{"start":{"line":39,"column":17},"end":{"line":47,"column":5}}]},"4":{"type":"branch","line":50,"loc":{"start":{"line":50,"column":40},"end":{"line":55,"column":9}},"locations":[{"start":{"line":50,"column":40},"end":{"line":55,"column":9}}]},"5":{"type":"branch","line":67,"loc":{"start":{"line":67,"column":18},"end":{"line":69,"column":1}},"locations":[{"start":{"line":67,"column":18},"end":{"line":69,"column":1}}]}},"b":{"0":[2],"1":[36],"2":[31],"3":[0],"4":[29],"5":[134]},"fnMap":{"0":{"name":"Object.<anonymous>.exports.lineLocate","decl":{"start":{"line":4,"column":21},"end":{"line":64,"column":1}},"loc":{"start":{"line":4,"column":21},"end":{"line":64,"column":1}},"line":4},"1":{"name":"getDistance","decl":{"start":{"line":67,"column":18},"end":{"line":69,"column":1}},"loc":{"start":{"line":67,"column":18},"end":{"line":69,"column":1}},"line":67},"2":{"name":"closestPoint","decl":{"start":{"line":71,"column":19},"end":{"line":144,"column":1}},"loc":{"start":{"line":71,"column":19},"end":{"line":144,"column":1}},"line":71}},"f":{"0":2,"1":134,"2":0}}
,"/Users/fcasarotto/Workspace/usp_tcc/GeocodingAPI/controllers/lineSubstring.js": {"path":"/Users/fcasarotto/Workspace/usp_tcc/GeocodingAPI/controllers/lineSubstring.js","all":false,"statementMap":{"0":{"start":{"line":1,"column":0},"end":{"line":1,"column":28}},"1":{"start":{"line":2,"column":0},"end":{"line":2,"column":70}},"2":{"start":{"line":3,"column":0},"end":{"line":3,"column":69}},"3":{"start":{"line":4,"column":0},"end":{"line":4,"column":0}},"4":{"start":{"line":5,"column":0},"end":{"line":5,"column":69}},"5":{"start":{"line":6,"column":0},"end":{"line":6,"column":61}},"6":{"start":{"line":7,"column":0},"end":{"line":7,"column":0}},"7":{"start":{"line":8,"column":0},"end":{"line":8,"column":40}},"8":{"start":{"line":9,"column":0},"end":{"line":9,"column":58}},"9":{"start":{"line":10,"column":0},"end":{"line":10,"column":62}},"10":{"start":{"line":11,"column":0},"end":{"line":11,"column":4}},"11":{"start":{"line":12,"column":0},"end":{"line":12,"column":37}},"12":{"start":{"line":13,"column":0},"end":{"line":13,"column":43}},"13":{"start":{"line":14,"column":0},"end":{"line":14,"column":0}},"14":{"start":{"line":15,"column":0},"end":{"line":15,"column":24}},"15":{"start":{"line":16,"column":0},"end":{"line":16,"column":22}},"16":{"start":{"line":17,"column":0},"end":{"line":17,"column":24}},"17":{"start":{"line":18,"column":0},"end":{"line":18,"column":19}},"18":{"start":{"line":19,"column":0},"end":{"line":19,"column":19}},"19":{"start":{"line":20,"column":0},"end":{"line":20,"column":25}},"20":{"start":{"line":21,"column":0},"end":{"line":21,"column":23}},"21":{"start":{"line":22,"column":0},"end":{"line":22,"column":0}},"22":{"start":{"line":23,"column":0},"end":{"line":23,"column":39}},"23":{"start":{"line":24,"column":0},"end":{"line":24,"column":50}},"24":{"start":{"line":25,"column":0},"end":{"line":25,"column":0}},"25":{"start":{"line":26,"column":0},"end":{"line":26,"column":50}},"26":{"start":{"line":27,"column":0},"end":{"line":27,"column":166}},"27":{"start":{"line":28,"column":0},"end":{"line":28,"column":9}},"28":{"start":{"line":29,"column":0},"end":{"line":29,"column":52}},"29":{"start":{"line":30,"column":0},"end":{"line":30,"column":173}},"30":{"start":{"line":31,"column":0},"end":{"line":31,"column":9}},"31":{"start":{"line":32,"column":0},"end":{"line":32,"column":5}},"32":{"start":{"line":33,"column":0},"end":{"line":33,"column":4}},"33":{"start":{"line":34,"column":0},"end":{"line":34,"column":47}},"34":{"start":{"line":35,"column":0},"end":{"line":35,"column":0}},"35":{"start":{"line":36,"column":0},"end":{"line":36,"column":32}},"36":{"start":{"line":37,"column":0},"end":{"line":37,"column":48}},"37":{"start":{"line":38,"column":0},"end":{"line":38,"column":0}},"38":{"start":{"line":39,"column":0},"end":{"line":39,"column":55}},"39":{"start":{"line":40,"column":0},"end":{"line":40,"column":26}},"40":{"start":{"line":41,"column":0},"end":{"line":41,"column":0}},"41":{"start":{"line":42,"column":0},"end":{"line":42,"column":56}},"42":{"start":{"line":43,"column":0},"end":{"line":43,"column":37}},"43":{"start":{"line":44,"column":0},"end":{"line":44,"column":12}},"44":{"start":{"line":45,"column":0},"end":{"line":45,"column":23}},"45":{"start":{"line":46,"column":0},"end":{"line":46,"column":48}},"46":{"start":{"line":47,"column":0},"end":{"line":47,"column":9}},"47":{"start":{"line":48,"column":0},"end":{"line":48,"column":0}},"48":{"start":{"line":49,"column":0},"end":{"line":49,"column":16}},"49":{"start":{"line":50,"column":0},"end":{"line":50,"column":38}},"50":{"start":{"line":51,"column":0},"end":{"line":51,"column":5}},"51":{"start":{"line":52,"column":0},"end":{"line":52,"column":0}},"52":{"start":{"line":53,"column":0},"end":{"line":53,"column":36}},"53":{"start":{"line":54,"column":0},"end":{"line":54,"column":48}},"54":{"start":{"line":55,"column":0},"end":{"line":55,"column":0}},"55":{"start":{"line":56,"column":0},"end":{"line":56,"column":33}},"56":{"start":{"line":57,"column":0},"end":{"line":57,"column":35}},"57":{"start":{"line":58,"column":0},"end":{"line":58,"column":0}},"58":{"start":{"line":59,"column":0},"end":{"line":59,"column":31}},"59":{"start":{"line":60,"column":0},"end":{"line":60,"column":34}},"60":{"start":{"line":61,"column":0},"end":{"line":61,"column":10}},"61":{"start":{"line":62,"column":0},"end":{"line":62,"column":8}},"62":{"start":{"line":63,"column":0},"end":{"line":63,"column":47}},"63":{"start":{"line":64,"column":0},"end":{"line":64,"column":36}},"64":{"start":{"line":65,"column":0},"end":{"line":65,"column":12}},"65":{"start":{"line":66,"column":0},"end":{"line":66,"column":31}},"66":{"start":{"line":67,"column":0},"end":{"line":67,"column":28}},"67":{"start":{"line":68,"column":0},"end":{"line":68,"column":18}},"68":{"start":{"line":69,"column":0},"end":{"line":69,"column":0}},"69":{"start":{"line":70,"column":0},"end":{"line":70,"column":32}},"70":{"start":{"line":71,"column":0},"end":{"line":71,"column":37}},"71":{"start":{"line":72,"column":0},"end":{"line":72,"column":0}},"72":{"start":{"line":73,"column":0},"end":{"line":73,"column":68}},"73":{"start":{"line":74,"column":0},"end":{"line":74,"column":92}},"74":{"start":{"line":75,"column":0},"end":{"line":75,"column":10}},"75":{"start":{"line":76,"column":0},"end":{"line":76,"column":5}},"76":{"start":{"line":77,"column":0},"end":{"line":77,"column":1}},"77":{"start":{"line":78,"column":0},"end":{"line":78,"column":0}},"78":{"start":{"line":79,"column":0},"end":{"line":79,"column":20}},"79":{"start":{"line":80,"column":0},"end":{"line":80,"column":43}},"80":{"start":{"line":81,"column":0},"end":{"line":81,"column":54}},"81":{"start":{"line":82,"column":0},"end":{"line":82,"column":1}}},"s":{"0":1,"1":1,"2":1,"3":1,"4":1,"5":1,"6":1,"7":1,"8":1,"9":1,"10":1,"11":1,"12":1,"13":1,"14":1,"15":1,"16":1,"17":1,"18":1,"19":1,"20":1,"21":1,"22":1,"23":1,"24":18,"25":18,"26":18,"27":18,"28":18,"29":18,"30":18,"31":18,"32":1,"33":1,"34":1,"35":1,"36":1,"37":19,"38":19,"39":19,"40":19,"41":19,"42":19,"43":171,"44":171,"45":171,"46":171,"47":19,"48":19,"49":19,"50":19,"51":1,"52":1,"53":1,"54":17,"55":17,"56":17,"57":1,"58":1,"59":1,"60":1,"61":16,"62":16,"63":17,"64":0,"65":0,"66":0,"67":0,"68":16,"69":16,"70":17,"71":0,"72":0,"73":0,"74":0,"75":17,"76":1,"77":1,"78":1,"79":1,"80":36,"81":36},"branchMap":{"0":{"type":"branch","line":5,"loc":{"start":{"line":5,"column":24},"end":{"line":77,"column":1}},"locations":[{"start":{"line":5,"column":24},"end":{"line":77,"column":1}}]},"1":{"type":"branch","line":24,"loc":{"start":{"line":24,"column":49},"end":{"line":32,"column":5}},"locations":[{"start":{"line":24,"column":49},"end":{"line":32,"column":5}}]},"2":{"type":"branch","line":37,"loc":{"start":{"line":37,"column":47},"end":{"line":51,"column":5}},"locations":[{"start":{"line":37,"column":47},"end":{"line":51,"column":5}}]},"3":{"type":"branch","line":43,"loc":{"start":{"line":43,"column":36},"end":{"line":47,"column":9}},"locations":[{"start":{"line":43,"column":36},"end":{"line":47,"column":9}}]},"4":{"type":"branch","line":54,"loc":{"start":{"line":54,"column":47},"end":{"line":76,"column":5}},"locations":[{"start":{"line":54,"column":47},"end":{"line":76,"column":5}}]},"5":{"type":"branch","line":57,"loc":{"start":{"line":57,"column":34},"end":{"line":61,"column":10}},"locations":[{"start":{"line":57,"column":34},"end":{"line":61,"column":10}}]},"6":{"type":"branch","line":61,"loc":{"start":{"line":61,"column":8},"end":{"line":64,"column":35}},"locations":[{"start":{"line":61,"column":8},"end":{"line":64,"column":35}}]},"7":{"type":"branch","line":64,"loc":{"start":{"line":64,"column":35},"end":{"line":68,"column":18}},"locations":[{"start":{"line":64,"column":35},"end":{"line":68,"column":18}}]},"8":{"type":"branch","line":68,"loc":{"start":{"line":68,"column":8},"end":{"line":71,"column":36}},"locations":[{"start":{"line":68,"column":8},"end":{"line":71,"column":36}}]},"9":{"type":"branch","line":71,"loc":{"start":{"line":71,"column":36},"end":{"line":75,"column":10}},"locations":[{"start":{"line":71,"column":36},"end":{"line":75,"column":10}}]},"10":{"type":"branch","line":80,"loc":{"start":{"line":80,"column":18},"end":{"line":82,"column":1}},"locations":[{"start":{"line":80,"column":18},"end":{"line":82,"column":1}}]}},"b":{"0":[1],"1":[18],"2":[19],"3":[171],"4":[17],"5":[1],"6":[16],"7":[0],"8":[16],"9":[0],"10":[36]},"fnMap":{"0":{"name":"Object.<anonymous>.exports.lineSubstring","decl":{"start":{"line":5,"column":24},"end":{"line":77,"column":1}},"loc":{"start":{"line":5,"column":24},"end":{"line":77,"column":1}},"line":5},"1":{"name":"getDistance","decl":{"start":{"line":80,"column":18},"end":{"line":82,"column":1}},"loc":{"start":{"line":80,"column":18},"end":{"line":82,"column":1}},"line":80}},"f":{"0":1,"1":36}}
,"/Users/fcasarotto/Workspace/usp_tcc/GeocodingAPI/controllers/searchPoint.js": {"path":"/Users/fcasarotto/Workspace/usp_tcc/GeocodingAPI/controllers/searchPoint.js","all":false,"statementMap":{"0":{"start":{"line":1,"column":0},"end":{"line":1,"column":34}},"1":{"start":{"line":2,"column":0},"end":{"line":2,"column":49}},"2":{"start":{"line":3,"column":0},"end":{"line":3,"column":47}},"3":{"start":{"line":4,"column":0},"end":{"line":4,"column":30}},"4":{"start":{"line":5,"column":0},"end":{"line":5,"column":0}},"5":{"start":{"line":6,"column":0},"end":{"line":6,"column":51}},"6":{"start":{"line":7,"column":0},"end":{"line":7,"column":0}},"7":{"start":{"line":8,"column":0},"end":{"line":8,"column":26}},"8":{"start":{"line":9,"column":0},"end":{"line":9,"column":56}},"9":{"start":{"line":10,"column":0},"end":{"line":10,"column":75}},"10":{"start":{"line":11,"column":0},"end":{"line":11,"column":10}},"11":{"start":{"line":12,"column":0},"end":{"line":12,"column":114}},"12":{"start":{"line":13,"column":0},"end":{"line":13,"column":65}},"13":{"start":{"line":14,"column":0},"end":{"line":14,"column":10}},"14":{"start":{"line":15,"column":0},"end":{"line":15,"column":0}},"15":{"start":{"line":16,"column":0},"end":{"line":16,"column":34}},"16":{"start":{"line":17,"column":0},"end":{"line":17,"column":56}},"17":{"start":{"line":18,"column":0},"end":{"line":18,"column":48}},"18":{"start":{"line":19,"column":0},"end":{"line":19,"column":0}},"19":{"start":{"line":20,"column":0},"end":{"line":20,"column":31}},"20":{"start":{"line":21,"column":0},"end":{"line":21,"column":22}},"21":{"start":{"line":22,"column":0},"end":{"line":22,"column":33}},"22":{"start":{"line":23,"column":0},"end":{"line":23,"column":4}},"23":{"start":{"line":24,"column":0},"end":{"line":24,"column":63}},"24":{"start":{"line":25,"column":0},"end":{"line":25,"column":55}},"25":{"start":{"line":26,"column":0},"end":{"line":26,"column":69}},"26":{"start":{"line":27,"column":0},"end":{"line":27,"column":4}},"27":{"start":{"line":28,"column":0},"end":{"line":28,"column":61}},"28":{"start":{"line":29,"column":0},"end":{"line":29,"column":23}},"29":{"start":{"line":30,"column":0},"end":{"line":30,"column":39}},"30":{"start":{"line":31,"column":0},"end":{"line":31,"column":17}},"31":{"start":{"line":32,"column":0},"end":{"line":32,"column":27}},"32":{"start":{"line":33,"column":0},"end":{"line":33,"column":14}},"33":{"start":{"line":34,"column":0},"end":{"line":34,"column":38}},"34":{"start":{"line":35,"column":0},"end":{"line":35,"column":36}},"35":{"start":{"line":36,"column":0},"end":{"line":36,"column":113}},"36":{"start":{"line":37,"column":0},"end":{"line":37,"column":36}},"37":{"start":{"line":38,"column":0},"end":{"line":38,"column":9}},"38":{"start":{"line":39,"column":0},"end":{"line":39,"column":5}},"39":{"start":{"line":40,"column":0},"end":{"line":40,"column":0}},"40":{"start":{"line":41,"column":0},"end":{"line":41,"column":64}},"41":{"start":{"line":42,"column":0},"end":{"line":42,"column":35}},"42":{"start":{"line":43,"column":0},"end":{"line":43,"column":0}},"43":{"start":{"line":44,"column":0},"end":{"line":44,"column":40}},"44":{"start":{"line":45,"column":0},"end":{"line":45,"column":0}},"45":{"start":{"line":46,"column":0},"end":{"line":46,"column":57}},"46":{"start":{"line":47,"column":0},"end":{"line":47,"column":4}},"47":{"start":{"line":48,"column":0},"end":{"line":48,"column":58}},"48":{"start":{"line":49,"column":0},"end":{"line":49,"column":1}},"49":{"start":{"line":50,"column":0},"end":{"line":50,"column":0}},"50":{"start":{"line":51,"column":0},"end":{"line":51,"column":20}},"51":{"start":{"line":52,"column":0},"end":{"line":52,"column":47}},"52":{"start":{"line":53,"column":0},"end":{"line":53,"column":30}},"53":{"start":{"line":54,"column":0},"end":{"line":54,"column":58}},"54":{"start":{"line":55,"column":0},"end":{"line":55,"column":122}},"55":{"start":{"line":56,"column":0},"end":{"line":56,"column":5}},"56":{"start":{"line":57,"column":0},"end":{"line":57,"column":0}},"57":{"start":{"line":58,"column":0},"end":{"line":58,"column":55}},"58":{"start":{"line":59,"column":0},"end":{"line":59,"column":77}},"59":{"start":{"line":60,"column":0},"end":{"line":60,"column":17}},"60":{"start":{"line":61,"column":0},"end":{"line":61,"column":58}},"61":{"start":{"line":62,"column":0},"end":{"line":62,"column":32}},"62":{"start":{"line":63,"column":0},"end":{"line":63,"column":33}},"63":{"start":{"line":64,"column":0},"end":{"line":64,"column":25}},"64":{"start":{"line":65,"column":0},"end":{"line":65,"column":13}},"65":{"start":{"line":66,"column":0},"end":{"line":66,"column":9}},"66":{"start":{"line":67,"column":0},"end":{"line":67,"column":19}},"67":{"start":{"line":68,"column":0},"end":{"line":68,"column":5}},"68":{"start":{"line":69,"column":0},"end":{"line":69,"column":0}},"69":{"start":{"line":70,"column":0},"end":{"line":70,"column":66}},"70":{"start":{"line":71,"column":0},"end":{"line":71,"column":8}},"71":{"start":{"line":72,"column":0},"end":{"line":72,"column":20}},"72":{"start":{"line":73,"column":0},"end":{"line":73,"column":0}},"73":{"start":{"line":74,"column":0},"end":{"line":74,"column":41}},"74":{"start":{"line":75,"column":0},"end":{"line":75,"column":32}},"75":{"start":{"line":76,"column":0},"end":{"line":76,"column":9}},"76":{"start":{"line":77,"column":0},"end":{"line":77,"column":0}},"77":{"start":{"line":78,"column":0},"end":{"line":78,"column":39}},"78":{"start":{"line":79,"column":0},"end":{"line":79,"column":63}},"79":{"start":{"line":80,"column":0},"end":{"line":80,"column":0}},"80":{"start":{"line":81,"column":0},"end":{"line":81,"column":43}},"81":{"start":{"line":82,"column":0},"end":{"line":82,"column":41}},"82":{"start":{"line":83,"column":0},"end":{"line":83,"column":0}},"83":{"start":{"line":84,"column":0},"end":{"line":84,"column":85}},"84":{"start":{"line":85,"column":0},"end":{"line":85,"column":85}},"85":{"start":{"line":86,"column":0},"end":{"line":86,"column":0}},"86":{"start":{"line":87,"column":0},"end":{"line":87,"column":16}},"87":{"start":{"line":88,"column":0},"end":{"line":88,"column":39}},"88":{"start":{"line":89,"column":0},"end":{"line":89,"column":10}},"89":{"start":{"line":90,"column":0},"end":{"line":90,"column":5}}},"s":{"0":1,"1":1,"2":1,"3":1,"4":1,"5":1,"6":1,"7":1,"8":1,"9":0,"10":0,"11":1,"12":0,"13":0,"14":1,"15":1,"16":1,"17":1,"18":1,"19":1,"20":1,"21":1,"22":1,"23":1,"24":1,"25":1,"26":1,"27":1,"28":1,"29":1,"30":2,"31":1,"32":1,"33":1,"34":1,"35":1,"36":1,"37":1,"38":2,"39":1,"40":1,"41":1,"42":1,"43":1,"44":1,"45":1,"46":1,"47":1,"48":1,"49":1,"50":1,"51":1,"52":1,"53":1,"54":1,"55":1,"56":1,"57":1,"58":1,"59":1,"60":1,"61":2,"62":0,"63":0,"64":0,"65":2,"66":1,"67":1,"68":1,"69":1,"70":1,"71":1,"72":1,"73":1,"74":2,"75":2,"76":1,"77":1,"78":1,"79":1,"80":1,"81":1,"82":1,"83":1,"84":1,"85":1,"86":1,"87":1,"88":1,"89":1},"branchMap":{"0":{"type":"branch","line":6,"loc":{"start":{"line":6,"column":19},"end":{"line":49,"column":1}},"locations":[{"start":{"line":6,"column":19},"end":{"line":49,"column":1}}]},"1":{"type":"branch","line":9,"loc":{"start":{"line":9,"column":47},"end":{"line":11,"column":10}},"locations":[{"start":{"line":9,"column":47},"end":{"line":11,"column":10}}]},"2":{"type":"branch","line":12,"loc":{"start":{"line":12,"column":106},"end":{"line":14,"column":10}},"locations":[{"start":{"line":12,"column":106},"end":{"line":14,"column":10}}]},"3":{"type":"branch","line":25,"loc":{"start":{"line":25,"column":15},"end":{"line":25,"column":55}},"locations":[{"start":{"line":25,"column":15},"end":{"line":25,"column":55}}]},"4":{"type":"branch","line":26,"loc":{"start":{"line":26,"column":15},"end":{"line":26,"column":69}},"locations":[{"start":{"line":26,"column":15},"end":{"line":26,"column":69}}]},"5":{"type":"branch","line":30,"loc":{"start":{"line":30,"column":38},"end":{"line":39,"column":5}},"locations":[{"start":{"line":30,"column":38},"end":{"line":39,"column":5}}]},"6":{"type":"branch","line":31,"loc":{"start":{"line":31,"column":16},"end":{"line":38,"column":9}},"locations":[{"start":{"line":31,"column":16},"end":{"line":38,"column":9}}]},"7":{"type":"branch","line":52,"loc":{"start":{"line":52,"column":22},"end":{"line":56,"column":5}},"locations":[{"start":{"line":52,"column":22},"end":{"line":56,"column":5}}]},"8":{"type":"branch","line":58,"loc":{"start":{"line":58,"column":22},"end":{"line":68,"column":5}},"locations":[{"start":{"line":58,"column":22},"end":{"line":68,"column":5}}]},"9":{"type":"branch","line":61,"loc":{"start":{"line":61,"column":57},"end":{"line":66,"column":9}},"locations":[{"start":{"line":61,"column":57},"end":{"line":66,"column":9}}]},"10":{"type":"branch","line":62,"loc":{"start":{"line":62,"column":31},"end":{"line":65,"column":13}},"locations":[{"start":{"line":62,"column":31},"end":{"line":65,"column":13}}]},"11":{"type":"branch","line":70,"loc":{"start":{"line":70,"column":17},"end":{"line":90,"column":5}},"locations":[{"start":{"line":70,"column":17},"end":{"line":90,"column":5}}]},"12":{"type":"branch","line":74,"loc":{"start":{"line":74,"column":39},"end":{"line":76,"column":9}},"locations":[{"start":{"line":74,"column":39},"end":{"line":76,"column":9}}]}},"b":{"0":[1],"1":[0],"2":[0],"3":[0],"4":[0],"5":[2],"6":[1],"7":[1],"8":[1],"9":[2],"10":[0],"11":[1],"12":[2]},"fnMap":{"0":{"name":"Object.<anonymous>.exports.getPoint","decl":{"start":{"line":6,"column":19},"end":{"line":49,"column":1}},"loc":{"start":{"line":6,"column":19},"end":{"line":49,"column":1}},"line":6},"1":{"name":"getDistance","decl":{"start":{"line":52,"column":22},"end":{"line":56,"column":5}},"loc":{"start":{"line":52,"column":22},"end":{"line":56,"column":5}},"line":52},"2":{"name":"getInterval","decl":{"start":{"line":58,"column":22},"end":{"line":68,"column":5}},"loc":{"start":{"line":58,"column":22},"end":{"line":68,"column":5}},"line":58},"3":{"name":"getRes","decl":{"start":{"line":70,"column":17},"end":{"line":90,"column":5}},"loc":{"start":{"line":70,"column":17},"end":{"line":90,"column":5}},"line":70}},"f":{"0":1,"1":1,"2":1,"3":1}}
,"/Users/fcasarotto/Workspace/usp_tcc/GeocodingAPI/routes/index.js": {"path":"/Users/fcasarotto/Workspace/usp_tcc/GeocodingAPI/routes/index.js","all":false,"statementMap":{"0":{"start":{"line":1,"column":0},"end":{"line":1,"column":80}},"1":{"start":{"line":2,"column":0},"end":{"line":2,"column":80}},"2":{"start":{"line":3,"column":0},"end":{"line":3,"column":80}},"3":{"start":{"line":4,"column":0},"end":{"line":4,"column":80}},"4":{"start":{"line":5,"column":0},"end":{"line":5,"column":80}},"5":{"start":{"line":6,"column":0},"end":{"line":6,"column":0}},"6":{"start":{"line":7,"column":0},"end":{"line":7,"column":53}},"7":{"start":{"line":8,"column":0},"end":{"line":8,"column":53}},"8":{"start":{"line":9,"column":0},"end":{"line":9,"column":53}},"9":{"start":{"line":10,"column":0},"end":{"line":10,"column":8}},"10":{"start":{"line":11,"column":0},"end":{"line":11,"column":111}},"11":{"start":{"line":12,"column":0},"end":{"line":12,"column":13}},"12":{"start":{"line":13,"column":0},"end":{"line":13,"column":62}},"13":{"start":{"line":14,"column":0},"end":{"line":14,"column":0}},"14":{"start":{"line":15,"column":0},"end":{"line":15,"column":18}},"15":{"start":{"line":16,"column":0},"end":{"line":16,"column":58}},"16":{"start":{"line":17,"column":0},"end":{"line":17,"column":0}},"17":{"start":{"line":18,"column":0},"end":{"line":18,"column":52}},"18":{"start":{"line":19,"column":0},"end":{"line":19,"column":43}},"19":{"start":{"line":20,"column":0},"end":{"line":20,"column":72}},"20":{"start":{"line":21,"column":0},"end":{"line":21,"column":1}},"21":{"start":{"line":22,"column":0},"end":{"line":22,"column":0}},"22":{"start":{"line":23,"column":0},"end":{"line":23,"column":53}},"23":{"start":{"line":24,"column":0},"end":{"line":24,"column":0}},"24":{"start":{"line":25,"column":0},"end":{"line":25,"column":33}},"25":{"start":{"line":26,"column":0},"end":{"line":26,"column":30}},"26":{"start":{"line":27,"column":0},"end":{"line":27,"column":51}},"27":{"start":{"line":28,"column":0},"end":{"line":28,"column":50}},"28":{"start":{"line":29,"column":0},"end":{"line":29,"column":53}},"29":{"start":{"line":30,"column":0},"end":{"line":30,"column":49}},"30":{"start":{"line":31,"column":0},"end":{"line":31,"column":57}},"31":{"start":{"line":32,"column":0},"end":{"line":32,"column":33}},"32":{"start":{"line":33,"column":0},"end":{"line":33,"column":0}},"33":{"start":{"line":34,"column":0},"end":{"line":34,"column":53}},"34":{"start":{"line":35,"column":0},"end":{"line":35,"column":53}},"35":{"start":{"line":36,"column":0},"end":{"line":36,"column":53}},"36":{"start":{"line":37,"column":0},"end":{"line":37,"column":25}},"37":{"start":{"line":38,"column":0},"end":{"line":38,"column":0}},"38":{"start":{"line":39,"column":0},"end":{"line":39,"column":56}},"39":{"start":{"line":40,"column":0},"end":{"line":40,"column":56}},"40":{"start":{"line":41,"column":0},"end":{"line":41,"column":57}},"41":{"start":{"line":42,"column":0},"end":{"line":42,"column":57}},"42":{"start":{"line":43,"column":0},"end":{"line":43,"column":0}},"43":{"start":{"line":44,"column":0},"end":{"line":44,"column":26}},"44":{"start":{"line":45,"column":0},"end":{"line":45,"column":18}},"45":{"start":{"line":46,"column":0},"end":{"line":46,"column":15}},"46":{"start":{"line":47,"column":0},"end":{"line":47,"column":18}},"47":{"start":{"line":48,"column":0},"end":{"line":48,"column":22}},"48":{"start":{"line":49,"column":0},"end":{"line":49,"column":21}},"49":{"start":{"line":50,"column":0},"end":{"line":50,"column":1}},"50":{"start":{"line":51,"column":0},"end":{"line":51,"column":0}},"51":{"start":{"line":52,"column":0},"end":{"line":52,"column":47}},"52":{"start":{"line":53,"column":0},"end":{"line":53,"column":0}},"53":{"start":{"line":54,"column":0},"end":{"line":54,"column":17}},"54":{"start":{"line":55,"column":0},"end":{"line":55,"column":0}},"55":{"start":{"line":56,"column":0},"end":{"line":56,"column":52}},"56":{"start":{"line":57,"column":0},"end":{"line":57,"column":52}},"57":{"start":{"line":58,"column":0},"end":{"line":58,"column":52}},"58":{"start":{"line":59,"column":0},"end":{"line":59,"column":24}},"59":{"start":{"line":60,"column":0},"end":{"line":60,"column":26}},"60":{"start":{"line":61,"column":0},"end":{"line":61,"column":31}},"61":{"start":{"line":62,"column":0},"end":{"line":62,"column":41}},"62":{"start":{"line":63,"column":0},"end":{"line":63,"column":32}},"63":{"start":{"line":64,"column":0},"end":{"line":64,"column":38}},"64":{"start":{"line":65,"column":0},"end":{"line":65,"column":32}},"65":{"start":{"line":66,"column":0},"end":{"line":66,"column":38}},"66":{"start":{"line":67,"column":0},"end":{"line":67,"column":34}},"67":{"start":{"line":68,"column":0},"end":{"line":68,"column":36}},"68":{"start":{"line":69,"column":0},"end":{"line":69,"column":44}},"69":{"start":{"line":70,"column":0},"end":{"line":70,"column":29}},"70":{"start":{"line":71,"column":0},"end":{"line":71,"column":38}},"71":{"start":{"line":72,"column":0},"end":{"line":72,"column":79}},"72":{"start":{"line":73,"column":0},"end":{"line":73,"column":1}},"73":{"start":{"line":74,"column":0},"end":{"line":74,"column":0}},"74":{"start":{"line":75,"column":0},"end":{"line":75,"column":31}},"75":{"start":{"line":76,"column":0},"end":{"line":76,"column":38}},"76":{"start":{"line":77,"column":0},"end":{"line":77,"column":39}},"77":{"start":{"line":78,"column":0},"end":{"line":78,"column":25}},"78":{"start":{"line":79,"column":0},"end":{"line":79,"column":29}},"79":{"start":{"line":80,"column":0},"end":{"line":80,"column":1}},"80":{"start":{"line":81,"column":0},"end":{"line":81,"column":0}},"81":{"start":{"line":82,"column":0},"end":{"line":82,"column":25}},"82":{"start":{"line":83,"column":0},"end":{"line":83,"column":31}},"83":{"start":{"line":84,"column":0},"end":{"line":84,"column":33}},"84":{"start":{"line":85,"column":0},"end":{"line":85,"column":22}},"85":{"start":{"line":86,"column":0},"end":{"line":86,"column":16}},"86":{"start":{"line":87,"column":0},"end":{"line":87,"column":1}},"87":{"start":{"line":88,"column":0},"end":{"line":88,"column":0}},"88":{"start":{"line":89,"column":0},"end":{"line":89,"column":26}},"89":{"start":{"line":90,"column":0},"end":{"line":90,"column":38}},"90":{"start":{"line":91,"column":0},"end":{"line":91,"column":29}},"91":{"start":{"line":92,"column":0},"end":{"line":92,"column":1}},"92":{"start":{"line":93,"column":0},"end":{"line":93,"column":0}},"93":{"start":{"line":94,"column":0},"end":{"line":94,"column":26}},"94":{"start":{"line":95,"column":0},"end":{"line":95,"column":63}},"95":{"start":{"line":96,"column":0},"end":{"line":96,"column":22}},"96":{"start":{"line":97,"column":0},"end":{"line":97,"column":16}},"97":{"start":{"line":98,"column":0},"end":{"line":98,"column":1}},"98":{"start":{"line":99,"column":0},"end":{"line":99,"column":0}},"99":{"start":{"line":100,"column":0},"end":{"line":100,"column":76}},"100":{"start":{"line":101,"column":0},"end":{"line":101,"column":76}},"101":{"start":{"line":102,"column":0},"end":{"line":102,"column":76}},"102":{"start":{"line":103,"column":0},"end":{"line":103,"column":76}},"103":{"start":{"line":104,"column":0},"end":{"line":104,"column":76}},"104":{"start":{"line":105,"column":0},"end":{"line":105,"column":0}},"105":{"start":{"line":106,"column":0},"end":{"line":106,"column":50}},"106":{"start":{"line":107,"column":0},"end":{"line":107,"column":50}},"107":{"start":{"line":108,"column":0},"end":{"line":108,"column":50}},"108":{"start":{"line":109,"column":0},"end":{"line":109,"column":38}},"109":{"start":{"line":110,"column":0},"end":{"line":110,"column":22}},"110":{"start":{"line":111,"column":0},"end":{"line":111,"column":23}},"111":{"start":{"line":112,"column":0},"end":{"line":112,"column":0}},"112":{"start":{"line":113,"column":0},"end":{"line":113,"column":52}},"113":{"start":{"line":114,"column":0},"end":{"line":114,"column":57}},"114":{"start":{"line":115,"column":0},"end":{"line":115,"column":0}},"115":{"start":{"line":116,"column":0},"end":{"line":116,"column":34}},"116":{"start":{"line":117,"column":0},"end":{"line":117,"column":18}},"117":{"start":{"line":118,"column":0},"end":{"line":118,"column":19}},"118":{"start":{"line":119,"column":0},"end":{"line":119,"column":29}},"119":{"start":{"line":120,"column":0},"end":{"line":120,"column":41}},"120":{"start":{"line":121,"column":0},"end":{"line":121,"column":31}},"121":{"start":{"line":122,"column":0},"end":{"line":122,"column":25}},"122":{"start":{"line":123,"column":0},"end":{"line":123,"column":15}},"123":{"start":{"line":124,"column":0},"end":{"line":124,"column":16}},"124":{"start":{"line":125,"column":0},"end":{"line":125,"column":18}},"125":{"start":{"line":126,"column":0},"end":{"line":126,"column":9}},"126":{"start":{"line":127,"column":0},"end":{"line":127,"column":7}},"127":{"start":{"line":128,"column":0},"end":{"line":128,"column":0}},"128":{"start":{"line":129,"column":0},"end":{"line":129,"column":25}},"129":{"start":{"line":130,"column":0},"end":{"line":130,"column":394}},"130":{"start":{"line":131,"column":0},"end":{"line":131,"column":305}},"131":{"start":{"line":132,"column":0},"end":{"line":132,"column":0}},"132":{"start":{"line":133,"column":0},"end":{"line":133,"column":23}},"133":{"start":{"line":134,"column":0},"end":{"line":134,"column":54}},"134":{"start":{"line":135,"column":0},"end":{"line":135,"column":0}},"135":{"start":{"line":136,"column":0},"end":{"line":136,"column":18}},"136":{"start":{"line":137,"column":0},"end":{"line":137,"column":31}},"137":{"start":{"line":138,"column":0},"end":{"line":138,"column":34}},"138":{"start":{"line":139,"column":0},"end":{"line":139,"column":0}},"139":{"start":{"line":140,"column":0},"end":{"line":140,"column":33}},"140":{"start":{"line":141,"column":0},"end":{"line":141,"column":83}},"141":{"start":{"line":142,"column":0},"end":{"line":142,"column":20}},"142":{"start":{"line":143,"column":0},"end":{"line":143,"column":84}},"143":{"start":{"line":144,"column":0},"end":{"line":144,"column":13}},"144":{"start":{"line":145,"column":0},"end":{"line":145,"column":11}},"145":{"start":{"line":146,"column":0},"end":{"line":146,"column":0}},"146":{"start":{"line":147,"column":0},"end":{"line":147,"column":73}},"147":{"start":{"line":148,"column":0},"end":{"line":148,"column":31}},"148":{"start":{"line":149,"column":0},"end":{"line":149,"column":20}},"149":{"start":{"line":150,"column":0},"end":{"line":150,"column":37}},"150":{"start":{"line":151,"column":0},"end":{"line":151,"column":0}},"151":{"start":{"line":152,"column":0},"end":{"line":152,"column":11}},"152":{"start":{"line":153,"column":0},"end":{"line":153,"column":12}},"153":{"start":{"line":154,"column":0},"end":{"line":154,"column":21}},"154":{"start":{"line":155,"column":0},"end":{"line":155,"column":5}},"155":{"start":{"line":156,"column":0},"end":{"line":156,"column":1}},"156":{"start":{"line":157,"column":0},"end":{"line":157,"column":0}},"157":{"start":{"line":158,"column":0},"end":{"line":158,"column":47}},"158":{"start":{"line":159,"column":0},"end":{"line":159,"column":39}},"159":{"start":{"line":160,"column":0},"end":{"line":160,"column":3}},"160":{"start":{"line":161,"column":0},"end":{"line":161,"column":0}},"161":{"start":{"line":162,"column":0},"end":{"line":162,"column":50}},"162":{"start":{"line":163,"column":0},"end":{"line":163,"column":50}},"163":{"start":{"line":164,"column":0},"end":{"line":164,"column":50}},"164":{"start":{"line":165,"column":0},"end":{"line":165,"column":35}},"165":{"start":{"line":166,"column":0},"end":{"line":166,"column":22}},"166":{"start":{"line":167,"column":0},"end":{"line":167,"column":23}},"167":{"start":{"line":168,"column":0},"end":{"line":168,"column":0}},"168":{"start":{"line":169,"column":0},"end":{"line":169,"column":52}},"169":{"start":{"line":170,"column":0},"end":{"line":170,"column":57}},"170":{"start":{"line":171,"column":0},"end":{"line":171,"column":0}},"171":{"start":{"line":172,"column":0},"end":{"line":172,"column":34}},"172":{"start":{"line":173,"column":0},"end":{"line":173,"column":18}},"173":{"start":{"line":174,"column":0},"end":{"line":174,"column":19}},"174":{"start":{"line":175,"column":0},"end":{"line":175,"column":29}},"175":{"start":{"line":176,"column":0},"end":{"line":176,"column":41}},"176":{"start":{"line":177,"column":0},"end":{"line":177,"column":31}},"177":{"start":{"line":178,"column":0},"end":{"line":178,"column":25}},"178":{"start":{"line":179,"column":0},"end":{"line":179,"column":15}},"179":{"start":{"line":180,"column":0},"end":{"line":180,"column":16}},"180":{"start":{"line":181,"column":0},"end":{"line":181,"column":19}},"181":{"start":{"line":182,"column":0},"end":{"line":182,"column":9}},"182":{"start":{"line":183,"column":0},"end":{"line":183,"column":7}},"183":{"start":{"line":184,"column":0},"end":{"line":184,"column":0}},"184":{"start":{"line":185,"column":0},"end":{"line":185,"column":25}},"185":{"start":{"line":186,"column":0},"end":{"line":186,"column":622}},"186":{"start":{"line":187,"column":0},"end":{"line":187,"column":317}},"187":{"start":{"line":188,"column":0},"end":{"line":188,"column":0}},"188":{"start":{"line":189,"column":0},"end":{"line":189,"column":23}},"189":{"start":{"line":190,"column":0},"end":{"line":190,"column":54}},"190":{"start":{"line":191,"column":0},"end":{"line":191,"column":0}},"191":{"start":{"line":192,"column":0},"end":{"line":192,"column":18}},"192":{"start":{"line":193,"column":0},"end":{"line":193,"column":31}},"193":{"start":{"line":194,"column":0},"end":{"line":194,"column":34}},"194":{"start":{"line":195,"column":0},"end":{"line":195,"column":31}},"195":{"start":{"line":196,"column":0},"end":{"line":196,"column":30}},"196":{"start":{"line":197,"column":0},"end":{"line":197,"column":45}},"197":{"start":{"line":198,"column":0},"end":{"line":198,"column":45}},"198":{"start":{"line":199,"column":0},"end":{"line":199,"column":44}},"199":{"start":{"line":200,"column":0},"end":{"line":200,"column":35}},"200":{"start":{"line":201,"column":0},"end":{"line":201,"column":45}},"201":{"start":{"line":202,"column":0},"end":{"line":202,"column":51}},"202":{"start":{"line":203,"column":0},"end":{"line":203,"column":41}},"203":{"start":{"line":204,"column":0},"end":{"line":204,"column":40}},"204":{"start":{"line":205,"column":0},"end":{"line":205,"column":19}},"205":{"start":{"line":206,"column":0},"end":{"line":206,"column":13}},"206":{"start":{"line":207,"column":0},"end":{"line":207,"column":18}},"207":{"start":{"line":208,"column":0},"end":{"line":208,"column":30}},"208":{"start":{"line":209,"column":0},"end":{"line":209,"column":45}},"209":{"start":{"line":210,"column":0},"end":{"line":210,"column":45}},"210":{"start":{"line":211,"column":0},"end":{"line":211,"column":44}},"211":{"start":{"line":212,"column":0},"end":{"line":212,"column":35}},"212":{"start":{"line":213,"column":0},"end":{"line":213,"column":45}},"213":{"start":{"line":214,"column":0},"end":{"line":214,"column":51}},"214":{"start":{"line":215,"column":0},"end":{"line":215,"column":49}},"215":{"start":{"line":216,"column":0},"end":{"line":216,"column":40}},"216":{"start":{"line":217,"column":0},"end":{"line":217,"column":19}},"217":{"start":{"line":218,"column":0},"end":{"line":218,"column":13}},"218":{"start":{"line":219,"column":0},"end":{"line":219,"column":11}},"219":{"start":{"line":220,"column":0},"end":{"line":220,"column":0}},"220":{"start":{"line":221,"column":0},"end":{"line":221,"column":73}},"221":{"start":{"line":222,"column":0},"end":{"line":222,"column":31}},"222":{"start":{"line":223,"column":0},"end":{"line":223,"column":0}},"223":{"start":{"line":224,"column":0},"end":{"line":224,"column":20}},"224":{"start":{"line":225,"column":0},"end":{"line":225,"column":37}},"225":{"start":{"line":226,"column":0},"end":{"line":226,"column":0}},"226":{"start":{"line":227,"column":0},"end":{"line":227,"column":11}},"227":{"start":{"line":228,"column":0},"end":{"line":228,"column":12}},"228":{"start":{"line":229,"column":0},"end":{"line":229,"column":21}},"229":{"start":{"line":230,"column":0},"end":{"line":230,"column":5}},"230":{"start":{"line":231,"column":0},"end":{"line":231,"column":1}},"231":{"start":{"line":232,"column":0},"end":{"line":232,"column":0}},"232":{"start":{"line":233,"column":0},"end":{"line":233,"column":43}},"233":{"start":{"line":234,"column":0},"end":{"line":234,"column":35}},"234":{"start":{"line":235,"column":0},"end":{"line":235,"column":3}},"235":{"start":{"line":236,"column":0},"end":{"line":236,"column":0}},"236":{"start":{"line":237,"column":0},"end":{"line":237,"column":50}},"237":{"start":{"line":238,"column":0},"end":{"line":238,"column":50}},"238":{"start":{"line":239,"column":0},"end":{"line":239,"column":50}},"239":{"start":{"line":240,"column":0},"end":{"line":240,"column":35}},"240":{"start":{"line":241,"column":0},"end":{"line":241,"column":22}},"241":{"start":{"line":242,"column":0},"end":{"line":242,"column":23}},"242":{"start":{"line":243,"column":0},"end":{"line":243,"column":0}},"243":{"start":{"line":244,"column":0},"end":{"line":244,"column":52}},"244":{"start":{"line":245,"column":0},"end":{"line":245,"column":57}},"245":{"start":{"line":246,"column":0},"end":{"line":246,"column":0}},"246":{"start":{"line":247,"column":0},"end":{"line":247,"column":34}},"247":{"start":{"line":248,"column":0},"end":{"line":248,"column":18}},"248":{"start":{"line":249,"column":0},"end":{"line":249,"column":19}},"249":{"start":{"line":250,"column":0},"end":{"line":250,"column":29}},"250":{"start":{"line":251,"column":0},"end":{"line":251,"column":41}},"251":{"start":{"line":252,"column":0},"end":{"line":252,"column":31}},"252":{"start":{"line":253,"column":0},"end":{"line":253,"column":25}},"253":{"start":{"line":254,"column":0},"end":{"line":254,"column":15}},"254":{"start":{"line":255,"column":0},"end":{"line":255,"column":16}},"255":{"start":{"line":256,"column":0},"end":{"line":256,"column":19}},"256":{"start":{"line":257,"column":0},"end":{"line":257,"column":9}},"257":{"start":{"line":258,"column":0},"end":{"line":258,"column":7}},"258":{"start":{"line":259,"column":0},"end":{"line":259,"column":0}},"259":{"start":{"line":260,"column":0},"end":{"line":260,"column":33}},"260":{"start":{"line":261,"column":0},"end":{"line":261,"column":168}},"261":{"start":{"line":262,"column":0},"end":{"line":262,"column":273}},"262":{"start":{"line":263,"column":0},"end":{"line":263,"column":0}},"263":{"start":{"line":264,"column":0},"end":{"line":264,"column":23}},"264":{"start":{"line":265,"column":0},"end":{"line":265,"column":54}},"265":{"start":{"line":266,"column":0},"end":{"line":266,"column":0}},"266":{"start":{"line":267,"column":0},"end":{"line":267,"column":18}},"267":{"start":{"line":268,"column":0},"end":{"line":268,"column":31}},"268":{"start":{"line":269,"column":0},"end":{"line":269,"column":34}},"269":{"start":{"line":270,"column":0},"end":{"line":270,"column":70}},"270":{"start":{"line":271,"column":0},"end":{"line":271,"column":26}},"271":{"start":{"line":272,"column":0},"end":{"line":272,"column":27}},"272":{"start":{"line":273,"column":0},"end":{"line":273,"column":38}},"273":{"start":{"line":274,"column":0},"end":{"line":274,"column":38}},"274":{"start":{"line":275,"column":0},"end":{"line":275,"column":48}},"275":{"start":{"line":276,"column":0},"end":{"line":276,"column":45}},"276":{"start":{"line":277,"column":0},"end":{"line":277,"column":15}},"277":{"start":{"line":278,"column":0},"end":{"line":278,"column":11}},"278":{"start":{"line":279,"column":0},"end":{"line":279,"column":0}},"279":{"start":{"line":280,"column":0},"end":{"line":280,"column":73}},"280":{"start":{"line":281,"column":0},"end":{"line":281,"column":31}},"281":{"start":{"line":282,"column":0},"end":{"line":282,"column":0}},"282":{"start":{"line":283,"column":0},"end":{"line":283,"column":20}},"283":{"start":{"line":284,"column":0},"end":{"line":284,"column":37}},"284":{"start":{"line":285,"column":0},"end":{"line":285,"column":0}},"285":{"start":{"line":286,"column":0},"end":{"line":286,"column":11}},"286":{"start":{"line":287,"column":0},"end":{"line":287,"column":12}},"287":{"start":{"line":288,"column":0},"end":{"line":288,"column":21}},"288":{"start":{"line":289,"column":0},"end":{"line":289,"column":5}},"289":{"start":{"line":290,"column":0},"end":{"line":290,"column":1}},"290":{"start":{"line":291,"column":0},"end":{"line":291,"column":0}},"291":{"start":{"line":292,"column":0},"end":{"line":292,"column":44}},"292":{"start":{"line":293,"column":0},"end":{"line":293,"column":36}},"293":{"start":{"line":294,"column":0},"end":{"line":294,"column":3}},"294":{"start":{"line":295,"column":0},"end":{"line":295,"column":0}},"295":{"start":{"line":296,"column":0},"end":{"line":296,"column":53}},"296":{"start":{"line":297,"column":0},"end":{"line":297,"column":53}},"297":{"start":{"line":298,"column":0},"end":{"line":298,"column":53}},"298":{"start":{"line":299,"column":0},"end":{"line":299,"column":0}},"299":{"start":{"line":300,"column":0},"end":{"line":300,"column":47}},"300":{"start":{"line":301,"column":0},"end":{"line":301,"column":23}},"301":{"start":{"line":302,"column":0},"end":{"line":302,"column":21}},"302":{"start":{"line":303,"column":0},"end":{"line":303,"column":18}},"303":{"start":{"line":304,"column":0},"end":{"line":304,"column":0}},"304":{"start":{"line":305,"column":0},"end":{"line":305,"column":23}},"305":{"start":{"line":306,"column":0},"end":{"line":306,"column":12}},"306":{"start":{"line":307,"column":0},"end":{"line":307,"column":18}},"307":{"start":{"line":308,"column":0},"end":{"line":308,"column":13}},"308":{"start":{"line":309,"column":0},"end":{"line":309,"column":15}},"309":{"start":{"line":310,"column":0},"end":{"line":310,"column":0}},"310":{"start":{"line":311,"column":0},"end":{"line":311,"column":24}},"311":{"start":{"line":312,"column":0},"end":{"line":312,"column":32}},"312":{"start":{"line":313,"column":0},"end":{"line":313,"column":73}},"313":{"start":{"line":314,"column":0},"end":{"line":314,"column":48}},"314":{"start":{"line":315,"column":0},"end":{"line":315,"column":52}},"315":{"start":{"line":316,"column":0},"end":{"line":316,"column":12}},"316":{"start":{"line":317,"column":0},"end":{"line":317,"column":34}},"317":{"start":{"line":318,"column":0},"end":{"line":318,"column":24}},"318":{"start":{"line":319,"column":0},"end":{"line":319,"column":28}},"319":{"start":{"line":320,"column":0},"end":{"line":320,"column":5}},"320":{"start":{"line":321,"column":0},"end":{"line":321,"column":0}},"321":{"start":{"line":322,"column":0},"end":{"line":322,"column":17}},"322":{"start":{"line":323,"column":0},"end":{"line":323,"column":54}},"323":{"start":{"line":324,"column":0},"end":{"line":324,"column":0}},"324":{"start":{"line":325,"column":0},"end":{"line":325,"column":20}},"325":{"start":{"line":326,"column":0},"end":{"line":326,"column":23}},"326":{"start":{"line":327,"column":0},"end":{"line":327,"column":21}},"327":{"start":{"line":328,"column":0},"end":{"line":328,"column":0}},"328":{"start":{"line":329,"column":0},"end":{"line":329,"column":38}},"329":{"start":{"line":330,"column":0},"end":{"line":330,"column":59}},"330":{"start":{"line":331,"column":0},"end":{"line":331,"column":54}},"331":{"start":{"line":332,"column":0},"end":{"line":332,"column":25}},"332":{"start":{"line":333,"column":0},"end":{"line":333,"column":0}},"333":{"start":{"line":334,"column":0},"end":{"line":334,"column":63}},"334":{"start":{"line":335,"column":0},"end":{"line":335,"column":44}},"335":{"start":{"line":336,"column":0},"end":{"line":336,"column":46}},"336":{"start":{"line":337,"column":0},"end":{"line":337,"column":24}},"337":{"start":{"line":338,"column":0},"end":{"line":338,"column":40}},"338":{"start":{"line":339,"column":0},"end":{"line":339,"column":17}},"339":{"start":{"line":340,"column":0},"end":{"line":340,"column":0}},"340":{"start":{"line":341,"column":0},"end":{"line":341,"column":65}},"341":{"start":{"line":342,"column":0},"end":{"line":342,"column":85}},"342":{"start":{"line":343,"column":0},"end":{"line":343,"column":0}},"343":{"start":{"line":344,"column":0},"end":{"line":344,"column":69}},"344":{"start":{"line":345,"column":0},"end":{"line":345,"column":48}},"345":{"start":{"line":346,"column":0},"end":{"line":346,"column":0}},"346":{"start":{"line":347,"column":0},"end":{"line":347,"column":28}},"347":{"start":{"line":348,"column":0},"end":{"line":348,"column":34}},"348":{"start":{"line":349,"column":0},"end":{"line":349,"column":48}},"349":{"start":{"line":350,"column":0},"end":{"line":350,"column":152}},"350":{"start":{"line":351,"column":0},"end":{"line":351,"column":33}},"351":{"start":{"line":352,"column":0},"end":{"line":352,"column":23}},"352":{"start":{"line":353,"column":0},"end":{"line":353,"column":0}},"353":{"start":{"line":354,"column":0},"end":{"line":354,"column":34}},"354":{"start":{"line":355,"column":0},"end":{"line":355,"column":31}},"355":{"start":{"line":356,"column":0},"end":{"line":356,"column":49}},"356":{"start":{"line":357,"column":0},"end":{"line":357,"column":35}},"357":{"start":{"line":358,"column":0},"end":{"line":358,"column":23}},"358":{"start":{"line":359,"column":0},"end":{"line":359,"column":0}},"359":{"start":{"line":360,"column":0},"end":{"line":360,"column":31}},"360":{"start":{"line":361,"column":0},"end":{"line":361,"column":39}},"361":{"start":{"line":362,"column":0},"end":{"line":362,"column":0}},"362":{"start":{"line":363,"column":0},"end":{"line":363,"column":50}},"363":{"start":{"line":364,"column":0},"end":{"line":364,"column":48}},"364":{"start":{"line":365,"column":0},"end":{"line":365,"column":46}},"365":{"start":{"line":366,"column":0},"end":{"line":366,"column":28}},"366":{"start":{"line":367,"column":0},"end":{"line":367,"column":36}},"367":{"start":{"line":368,"column":0},"end":{"line":368,"column":21}},"368":{"start":{"line":369,"column":0},"end":{"line":369,"column":17}},"369":{"start":{"line":370,"column":0},"end":{"line":370,"column":0}},"370":{"start":{"line":371,"column":0},"end":{"line":371,"column":59}},"371":{"start":{"line":372,"column":0},"end":{"line":372,"column":0}},"372":{"start":{"line":373,"column":0},"end":{"line":373,"column":87}},"373":{"start":{"line":374,"column":0},"end":{"line":374,"column":86}},"374":{"start":{"line":375,"column":0},"end":{"line":375,"column":86}},"375":{"start":{"line":376,"column":0},"end":{"line":376,"column":0}},"376":{"start":{"line":377,"column":0},"end":{"line":377,"column":39}},"377":{"start":{"line":378,"column":0},"end":{"line":378,"column":39}},"378":{"start":{"line":379,"column":0},"end":{"line":379,"column":39}},"379":{"start":{"line":380,"column":0},"end":{"line":380,"column":48}},"380":{"start":{"line":381,"column":0},"end":{"line":381,"column":0}},"381":{"start":{"line":382,"column":0},"end":{"line":382,"column":47}},"382":{"start":{"line":383,"column":0},"end":{"line":383,"column":34}},"383":{"start":{"line":384,"column":0},"end":{"line":384,"column":58}},"384":{"start":{"line":385,"column":0},"end":{"line":385,"column":58}},"385":{"start":{"line":386,"column":0},"end":{"line":386,"column":38}},"386":{"start":{"line":387,"column":0},"end":{"line":387,"column":33}},"387":{"start":{"line":388,"column":0},"end":{"line":388,"column":23}},"388":{"start":{"line":389,"column":0},"end":{"line":389,"column":0}},"389":{"start":{"line":390,"column":0},"end":{"line":390,"column":34}},"390":{"start":{"line":391,"column":0},"end":{"line":391,"column":31}},"391":{"start":{"line":392,"column":0},"end":{"line":392,"column":49}},"392":{"start":{"line":393,"column":0},"end":{"line":393,"column":35}},"393":{"start":{"line":394,"column":0},"end":{"line":394,"column":23}},"394":{"start":{"line":395,"column":0},"end":{"line":395,"column":0}},"395":{"start":{"line":396,"column":0},"end":{"line":396,"column":31}},"396":{"start":{"line":397,"column":0},"end":{"line":397,"column":39}},"397":{"start":{"line":398,"column":0},"end":{"line":398,"column":0}},"398":{"start":{"line":399,"column":0},"end":{"line":399,"column":50}},"399":{"start":{"line":400,"column":0},"end":{"line":400,"column":48}},"400":{"start":{"line":401,"column":0},"end":{"line":401,"column":46}},"401":{"start":{"line":402,"column":0},"end":{"line":402,"column":28}},"402":{"start":{"line":403,"column":0},"end":{"line":403,"column":44}},"403":{"start":{"line":404,"column":0},"end":{"line":404,"column":40}},"404":{"start":{"line":405,"column":0},"end":{"line":405,"column":21}},"405":{"start":{"line":406,"column":0},"end":{"line":406,"column":0}},"406":{"start":{"line":407,"column":0},"end":{"line":407,"column":17}},"407":{"start":{"line":408,"column":0},"end":{"line":408,"column":22}},"408":{"start":{"line":409,"column":0},"end":{"line":409,"column":0}},"409":{"start":{"line":410,"column":0},"end":{"line":410,"column":85}},"410":{"start":{"line":411,"column":0},"end":{"line":411,"column":0}},"411":{"start":{"line":412,"column":0},"end":{"line":412,"column":90}},"412":{"start":{"line":413,"column":0},"end":{"line":413,"column":91}},"413":{"start":{"line":414,"column":0},"end":{"line":414,"column":0}},"414":{"start":{"line":415,"column":0},"end":{"line":415,"column":50}},"415":{"start":{"line":416,"column":0},"end":{"line":416,"column":82}},"416":{"start":{"line":417,"column":0},"end":{"line":417,"column":22}},"417":{"start":{"line":418,"column":0},"end":{"line":418,"column":0}},"418":{"start":{"line":419,"column":0},"end":{"line":419,"column":46}},"419":{"start":{"line":420,"column":0},"end":{"line":420,"column":46}},"420":{"start":{"line":421,"column":0},"end":{"line":421,"column":46}},"421":{"start":{"line":422,"column":0},"end":{"line":422,"column":100}},"422":{"start":{"line":423,"column":0},"end":{"line":423,"column":89}},"423":{"start":{"line":424,"column":0},"end":{"line":424,"column":150}},"424":{"start":{"line":425,"column":0},"end":{"line":425,"column":0}},"425":{"start":{"line":426,"column":0},"end":{"line":426,"column":60}},"426":{"start":{"line":427,"column":0},"end":{"line":427,"column":93}},"427":{"start":{"line":428,"column":0},"end":{"line":428,"column":0}},"428":{"start":{"line":429,"column":0},"end":{"line":429,"column":55}},"429":{"start":{"line":430,"column":0},"end":{"line":430,"column":42}},"430":{"start":{"line":431,"column":0},"end":{"line":431,"column":67}},"431":{"start":{"line":432,"column":0},"end":{"line":432,"column":66}},"432":{"start":{"line":433,"column":0},"end":{"line":433,"column":46}},"433":{"start":{"line":434,"column":0},"end":{"line":434,"column":41}},"434":{"start":{"line":435,"column":0},"end":{"line":435,"column":31}},"435":{"start":{"line":436,"column":0},"end":{"line":436,"column":0}},"436":{"start":{"line":437,"column":0},"end":{"line":437,"column":42}},"437":{"start":{"line":438,"column":0},"end":{"line":438,"column":39}},"438":{"start":{"line":439,"column":0},"end":{"line":439,"column":57}},"439":{"start":{"line":440,"column":0},"end":{"line":440,"column":43}},"440":{"start":{"line":441,"column":0},"end":{"line":441,"column":31}},"441":{"start":{"line":442,"column":0},"end":{"line":442,"column":0}},"442":{"start":{"line":443,"column":0},"end":{"line":443,"column":39}},"443":{"start":{"line":444,"column":0},"end":{"line":444,"column":47}},"444":{"start":{"line":445,"column":0},"end":{"line":445,"column":0}},"445":{"start":{"line":446,"column":0},"end":{"line":446,"column":58}},"446":{"start":{"line":447,"column":0},"end":{"line":447,"column":56}},"447":{"start":{"line":448,"column":0},"end":{"line":448,"column":54}},"448":{"start":{"line":449,"column":0},"end":{"line":449,"column":36}},"449":{"start":{"line":450,"column":0},"end":{"line":450,"column":52}},"450":{"start":{"line":451,"column":0},"end":{"line":451,"column":48}},"451":{"start":{"line":452,"column":0},"end":{"line":452,"column":29}},"452":{"start":{"line":453,"column":0},"end":{"line":453,"column":25}},"453":{"start":{"line":454,"column":0},"end":{"line":454,"column":21}},"454":{"start":{"line":455,"column":0},"end":{"line":455,"column":0}},"455":{"start":{"line":456,"column":0},"end":{"line":456,"column":46}},"456":{"start":{"line":457,"column":0},"end":{"line":457,"column":46}},"457":{"start":{"line":458,"column":0},"end":{"line":458,"column":46}},"458":{"start":{"line":459,"column":0},"end":{"line":459,"column":38}},"459":{"start":{"line":460,"column":0},"end":{"line":460,"column":0}},"460":{"start":{"line":461,"column":0},"end":{"line":461,"column":53}},"461":{"start":{"line":462,"column":0},"end":{"line":462,"column":41}},"462":{"start":{"line":463,"column":0},"end":{"line":463,"column":52}},"463":{"start":{"line":464,"column":0},"end":{"line":464,"column":96}},"464":{"start":{"line":465,"column":0},"end":{"line":465,"column":32}},"465":{"start":{"line":466,"column":0},"end":{"line":466,"column":114}},"466":{"start":{"line":467,"column":0},"end":{"line":467,"column":25}},"467":{"start":{"line":468,"column":0},"end":{"line":468,"column":84}},"468":{"start":{"line":469,"column":0},"end":{"line":469,"column":0}},"469":{"start":{"line":470,"column":0},"end":{"line":470,"column":38}},"470":{"start":{"line":471,"column":0},"end":{"line":471,"column":55}},"471":{"start":{"line":472,"column":0},"end":{"line":472,"column":58}},"472":{"start":{"line":473,"column":0},"end":{"line":473,"column":0}},"473":{"start":{"line":474,"column":0},"end":{"line":474,"column":59}},"474":{"start":{"line":475,"column":0},"end":{"line":475,"column":46}},"475":{"start":{"line":476,"column":0},"end":{"line":476,"column":63}},"476":{"start":{"line":477,"column":0},"end":{"line":477,"column":62}},"477":{"start":{"line":478,"column":0},"end":{"line":478,"column":52}},"478":{"start":{"line":479,"column":0},"end":{"line":479,"column":45}},"479":{"start":{"line":480,"column":0},"end":{"line":480,"column":35}},"480":{"start":{"line":481,"column":0},"end":{"line":481,"column":0}},"481":{"start":{"line":482,"column":0},"end":{"line":482,"column":46}},"482":{"start":{"line":483,"column":0},"end":{"line":483,"column":43}},"483":{"start":{"line":484,"column":0},"end":{"line":484,"column":61}},"484":{"start":{"line":485,"column":0},"end":{"line":485,"column":47}},"485":{"start":{"line":486,"column":0},"end":{"line":486,"column":35}},"486":{"start":{"line":487,"column":0},"end":{"line":487,"column":0}},"487":{"start":{"line":488,"column":0},"end":{"line":488,"column":43}},"488":{"start":{"line":489,"column":0},"end":{"line":489,"column":51}},"489":{"start":{"line":490,"column":0},"end":{"line":490,"column":0}},"490":{"start":{"line":491,"column":0},"end":{"line":491,"column":62}},"491":{"start":{"line":492,"column":0},"end":{"line":492,"column":54}},"492":{"start":{"line":493,"column":0},"end":{"line":493,"column":0}},"493":{"start":{"line":494,"column":0},"end":{"line":494,"column":31}},"494":{"start":{"line":495,"column":0},"end":{"line":495,"column":32}},"495":{"start":{"line":496,"column":0},"end":{"line":496,"column":71}},"496":{"start":{"line":497,"column":0},"end":{"line":497,"column":46}},"497":{"start":{"line":498,"column":0},"end":{"line":498,"column":63}},"498":{"start":{"line":499,"column":0},"end":{"line":499,"column":71}},"499":{"start":{"line":500,"column":0},"end":{"line":500,"column":52}},"500":{"start":{"line":501,"column":0},"end":{"line":501,"column":45}},"501":{"start":{"line":502,"column":0},"end":{"line":502,"column":35}},"502":{"start":{"line":503,"column":0},"end":{"line":503,"column":43}},"503":{"start":{"line":504,"column":0},"end":{"line":504,"column":61}},"504":{"start":{"line":505,"column":0},"end":{"line":505,"column":47}},"505":{"start":{"line":506,"column":0},"end":{"line":506,"column":35}},"506":{"start":{"line":507,"column":0},"end":{"line":507,"column":51}},"507":{"start":{"line":508,"column":0},"end":{"line":508,"column":29}},"508":{"start":{"line":509,"column":0},"end":{"line":509,"column":42}},"509":{"start":{"line":510,"column":0},"end":{"line":510,"column":25}},"510":{"start":{"line":511,"column":0},"end":{"line":511,"column":0}},"511":{"start":{"line":512,"column":0},"end":{"line":512,"column":44}},"512":{"start":{"line":513,"column":0},"end":{"line":513,"column":28}},"513":{"start":{"line":514,"column":0},"end":{"line":514,"column":0}},"514":{"start":{"line":515,"column":0},"end":{"line":515,"column":50}},"515":{"start":{"line":516,"column":0},"end":{"line":516,"column":51}},"516":{"start":{"line":517,"column":0},"end":{"line":517,"column":50}},"517":{"start":{"line":518,"column":0},"end":{"line":518,"column":75}},"518":{"start":{"line":519,"column":0},"end":{"line":519,"column":0}},"519":{"start":{"line":520,"column":0},"end":{"line":520,"column":59}},"520":{"start":{"line":521,"column":0},"end":{"line":521,"column":53}},"521":{"start":{"line":522,"column":0},"end":{"line":522,"column":74}},"522":{"start":{"line":523,"column":0},"end":{"line":523,"column":44}},"523":{"start":{"line":524,"column":0},"end":{"line":524,"column":83}},"524":{"start":{"line":525,"column":0},"end":{"line":525,"column":63}},"525":{"start":{"line":526,"column":0},"end":{"line":526,"column":123}},"526":{"start":{"line":527,"column":0},"end":{"line":527,"column":40}},"527":{"start":{"line":528,"column":0},"end":{"line":528,"column":50}},"528":{"start":{"line":529,"column":0},"end":{"line":529,"column":33}},"529":{"start":{"line":530,"column":0},"end":{"line":530,"column":31}},"530":{"start":{"line":531,"column":0},"end":{"line":531,"column":32}},"531":{"start":{"line":532,"column":0},"end":{"line":532,"column":50}},"532":{"start":{"line":533,"column":0},"end":{"line":533,"column":117}},"533":{"start":{"line":534,"column":0},"end":{"line":534,"column":25}},"534":{"start":{"line":535,"column":0},"end":{"line":535,"column":21}},"535":{"start":{"line":536,"column":0},"end":{"line":536,"column":17}},"536":{"start":{"line":537,"column":0},"end":{"line":537,"column":13}},"537":{"start":{"line":538,"column":0},"end":{"line":538,"column":18}},"538":{"start":{"line":539,"column":0},"end":{"line":539,"column":30}},"539":{"start":{"line":540,"column":0},"end":{"line":540,"column":13}},"540":{"start":{"line":541,"column":0},"end":{"line":541,"column":10}},"541":{"start":{"line":542,"column":0},"end":{"line":542,"column":7}},"542":{"start":{"line":543,"column":0},"end":{"line":543,"column":18}},"543":{"start":{"line":544,"column":0},"end":{"line":544,"column":1}},"544":{"start":{"line":545,"column":0},"end":{"line":545,"column":0}},"545":{"start":{"line":546,"column":0},"end":{"line":546,"column":89}},"546":{"start":{"line":547,"column":0},"end":{"line":547,"column":42}},"547":{"start":{"line":548,"column":0},"end":{"line":548,"column":3}},"548":{"start":{"line":549,"column":0},"end":{"line":549,"column":0}},"549":{"start":{"line":550,"column":0},"end":{"line":550,"column":90}},"550":{"start":{"line":551,"column":0},"end":{"line":551,"column":54}},"551":{"start":{"line":552,"column":0},"end":{"line":552,"column":75}},"552":{"start":{"line":553,"column":0},"end":{"line":553,"column":0}},"553":{"start":{"line":554,"column":0},"end":{"line":554,"column":49}},"554":{"start":{"line":555,"column":0},"end":{"line":555,"column":52}},"555":{"start":{"line":556,"column":0},"end":{"line":556,"column":0}},"556":{"start":{"line":557,"column":0},"end":{"line":557,"column":53}},"557":{"start":{"line":558,"column":0},"end":{"line":558,"column":69}},"558":{"start":{"line":559,"column":0},"end":{"line":559,"column":0}},"559":{"start":{"line":560,"column":0},"end":{"line":560,"column":53}},"560":{"start":{"line":561,"column":0},"end":{"line":561,"column":74}},"561":{"start":{"line":562,"column":0},"end":{"line":562,"column":0}},"562":{"start":{"line":563,"column":0},"end":{"line":563,"column":53}},"563":{"start":{"line":564,"column":0},"end":{"line":564,"column":75}},"564":{"start":{"line":565,"column":0},"end":{"line":565,"column":0}},"565":{"start":{"line":566,"column":0},"end":{"line":566,"column":32}},"566":{"start":{"line":567,"column":0},"end":{"line":567,"column":23}},"567":{"start":{"line":568,"column":0},"end":{"line":568,"column":0}},"568":{"start":{"line":569,"column":0},"end":{"line":569,"column":36}},"569":{"start":{"line":570,"column":0},"end":{"line":570,"column":52}},"570":{"start":{"line":571,"column":0},"end":{"line":571,"column":51}},"571":{"start":{"line":572,"column":0},"end":{"line":572,"column":5}},"572":{"start":{"line":573,"column":0},"end":{"line":573,"column":0}},"573":{"start":{"line":574,"column":0},"end":{"line":574,"column":42}},"574":{"start":{"line":575,"column":0},"end":{"line":575,"column":66}},"575":{"start":{"line":576,"column":0},"end":{"line":576,"column":0}},"576":{"start":{"line":577,"column":0},"end":{"line":577,"column":28}},"577":{"start":{"line":578,"column":0},"end":{"line":578,"column":24}},"578":{"start":{"line":579,"column":0},"end":{"line":579,"column":14}},"579":{"start":{"line":580,"column":0},"end":{"line":580,"column":0}},"580":{"start":{"line":581,"column":0},"end":{"line":581,"column":36}},"581":{"start":{"line":582,"column":0},"end":{"line":582,"column":41}},"582":{"start":{"line":583,"column":0},"end":{"line":583,"column":0}},"583":{"start":{"line":584,"column":0},"end":{"line":584,"column":79}},"584":{"start":{"line":585,"column":0},"end":{"line":585,"column":30}},"585":{"start":{"line":586,"column":0},"end":{"line":586,"column":0}},"586":{"start":{"line":587,"column":0},"end":{"line":587,"column":46}},"587":{"start":{"line":588,"column":0},"end":{"line":588,"column":45}},"588":{"start":{"line":589,"column":0},"end":{"line":589,"column":0}},"589":{"start":{"line":590,"column":0},"end":{"line":590,"column":34}},"590":{"start":{"line":591,"column":0},"end":{"line":591,"column":51}},"591":{"start":{"line":592,"column":0},"end":{"line":592,"column":20}},"592":{"start":{"line":593,"column":0},"end":{"line":593,"column":13}},"593":{"start":{"line":594,"column":0},"end":{"line":594,"column":0}},"594":{"start":{"line":595,"column":0},"end":{"line":595,"column":82}},"595":{"start":{"line":596,"
[...]
,"534":7,"535":17,"536":22,"537":0,"538":0,"539":0,"540":22,"541":22,"542":13,"543":13,"544":1,"545":1,"546":0,"547":1,"548":1,"549":7,"550":7,"551":7,"552":7,"553":7,"554":7,"555":7,"556":7,"557":7,"558":7,"559":7,"560":7,"561":7,"562":7,"563":7,"564":7,"565":7,"566":7,"567":7,"568":7,"569":7,"570":203,"571":203,"572":7,"573":7,"574":7,"575":7,"576":7,"577":7,"578":7,"579":7,"580":7,"581":7,"582":87,"583":87,"584":87,"585":58,"586":58,"587":58,"588":58,"589":58,"590":29,"591":29,"592":29,"593":58,"594":58,"595":87,"596":29,"597":29,"598":29,"599":29,"600":29,"601":14,"602":14,"603":14,"604":29,"605":87,"606":7,"607":7,"608":7,"609":7,"610":7,"611":7,"612":7,"613":7,"614":7,"615":7,"616":7,"617":7,"618":7,"619":85,"620":85,"621":85,"622":85,"623":85,"624":85,"625":56,"626":56,"627":56,"628":56,"629":56,"630":31,"631":31,"632":31,"633":56,"634":56,"635":85,"636":29,"637":29,"638":29,"639":29,"640":29,"641":13,"642":13,"643":13,"644":29,"645":85,"646":7,"647":7,"648":7,"649":7,"650":7,"651":7,"652":7,"653":7,"654":7,"655":7,"656":7,"657":7,"658":7,"659":7,"660":7,"661":7,"662":6,"663":6,"664":6,"665":6,"666":6,"667":6,"668":6,"669":6,"670":6,"671":6,"672":6,"673":6,"674":6,"675":6,"676":6,"677":6,"678":6,"679":6,"680":6,"681":0,"682":6,"683":6,"684":6,"685":6,"686":6,"687":1,"688":1,"689":1,"690":1,"691":7,"692":0,"693":0,"694":0,"695":0,"696":0,"697":0,"698":0,"699":0,"700":0,"701":0,"702":0,"703":0,"704":0,"705":0,"706":0,"707":0,"708":0,"709":0,"710":0,"711":0,"712":0,"713":0,"714":0,"715":0,"716":0,"717":0,"718":0,"719":0,"720":0,"721":0,"722":0,"723":0,"724":0,"725":0,"726":0,"727":0,"728":0,"729":0,"730":0,"731":0,"732":0,"733":0,"734":0,"735":0,"736":0,"737":0,"738":1,"739":1,"740":1,"741":1,"742":1,"743":1,"744":1,"745":1,"746":1,"747":1,"748":1,"749":1,"750":7,"751":0,"752":0,"753":0,"754":0,"755":0,"756":7,"757":1,"758":1,"759":1,"760":1,"761":1,"762":1,"763":1,"764":1,"765":1,"766":1,"767":1,"768":1,"769":1,"770":1,"771":1,"772":1,"773":1,"774":1,"775":1,"776":1,"777":1,"778":1,"779":7,"780":0,"781":0,"782":0,"783":0,"784":0,"785":0,"786":0,"787":0,"788":0,"789":0,"790":0,"791":0,"792":1,"793":1,"794":1,"795":1,"796":1,"797":1,"798":1,"799":1,"800":1,"801":1,"802":1,"803":1,"804":1,"805":1,"806":1,"807":1,"808":1,"809":1,"810":1,"811":1,"812":1,"813":1,"814":1,"815":1,"816":7,"817":0,"818":7,"819":1,"820":1,"821":7,"822":1,"823":1,"824":1,"825":1,"826":1,"827":1},"branchMap":{"0":{"type":"branch","line":19,"loc":{"start":{"line":19,"column":20},"end":{"line":19,"column":40}},"locations":[{"start":{"line":19,"column":20},"end":{"line":19,"column":40}}]},"1":{"type":"branch","line":19,"loc":{"start":{"line":19,"column":42},"end":{"line":21,"column":1}},"locations":[{"start":{"line":19,"column":42},"end":{"line":21,"column":1}}]},"2":{"type":"branch","line":827,"loc":{"start":{"line":827,"column":28},"end":{"line":827,"column":70}},"locations":[{"start":{"line":827,"column":28},"end":{"line":827,"column":70}}]},"3":{"type":"branch","line":59,"loc":{"start":{"line":59,"column":0},"end":{"line":73,"column":1}},"locations":[{"start":{"line":59,"column":0},"end":{"line":73,"column":1}}]},"4":{"type":"branch","line":62,"loc":{"start":{"line":62,"column":21},"end":{"line":62,"column":27}},"locations":[{"start":{"line":62,"column":21},"end":{"line":62,"column":27}}]},"5":{"type":"branch","line":64,"loc":{"start":{"line":64,"column":19},"end":{"line":64,"column":25}},"locations":[{"start":{"line":64,"column":19},"end":{"line":64,"column":25}}]},"6":{"type":"branch","line":66,"loc":{"start":{"line":66,"column":19},"end":{"line":66,"column":25}},"locations":[{"start":{"line":66,"column":19},"end":{"line":66,"column":25}}]},"7":{"type":"branch","line":66,"loc":{"start":{"line":66,"column":25},"end":{"line":66,"column":30}},"locations":[{"start":{"line":66,"column":25},"end":{"line":66,"column":30}}]},"8":{"type":"branch","line":69,"loc":{"start":{"line":69,"column":23},"end":{"line":69,"column":29}},"locations":[{"start":{"line":69,"column":23},"end":{"line":69,"column":29}}]},"9":{"type":"branch","line":71,"loc":{"start":{"line":71,"column":19},"end":{"line":71,"column":25}},"locations":[{"start":{"line":71,"column":19},"end":{"line":71,"column":25}}]},"10":{"type":"branch","line":109,"loc":{"start":{"line":109,"column":0},"end":{"line":156,"column":1}},"locations":[{"start":{"line":109,"column":0},"end":{"line":156,"column":1}}]},"11":{"type":"branch","line":137,"loc":{"start":{"line":137,"column":30},"end":{"line":153,"column":5}},"locations":[{"start":{"line":137,"column":30},"end":{"line":153,"column":5}}]},"12":{"type":"branch","line":165,"loc":{"start":{"line":165,"column":0},"end":{"line":231,"column":1}},"locations":[{"start":{"line":165,"column":0},"end":{"line":231,"column":1}}]},"13":{"type":"branch","line":193,"loc":{"start":{"line":193,"column":30},"end":{"line":228,"column":5}},"locations":[{"start":{"line":193,"column":30},"end":{"line":228,"column":5}}]},"14":{"type":"branch","line":240,"loc":{"start":{"line":240,"column":0},"end":{"line":290,"column":1}},"locations":[{"start":{"line":240,"column":0},"end":{"line":290,"column":1}}]},"15":{"type":"branch","line":268,"loc":{"start":{"line":268,"column":30},"end":{"line":287,"column":5}},"locations":[{"start":{"line":268,"column":30},"end":{"line":287,"column":5}}]},"16":{"type":"branch","line":300,"loc":{"start":{"line":300,"column":0},"end":{"line":544,"column":1}},"locations":[{"start":{"line":300,"column":0},"end":{"line":544,"column":1}}]},"17":{"type":"branch","line":312,"loc":{"start":{"line":312,"column":31},"end":{"line":316,"column":5}},"locations":[{"start":{"line":312,"column":31},"end":{"line":316,"column":5}}]},"18":{"type":"branch","line":542,"loc":{"start":{"line":542,"column":6},"end":{"line":544,"column":1}},"locations":[{"start":{"line":542,"column":6},"end":{"line":544,"column":1}}]},"19":{"type":"branch","line":330,"loc":{"start":{"line":330,"column":37},"end":{"line":542,"column":5}},"locations":[{"start":{"line":330,"column":37},"end":{"line":542,"column":5}}]},"20":{"type":"branch","line":331,"loc":{"start":{"line":331,"column":21},"end":{"line":541,"column":9}},"locations":[{"start":{"line":331,"column":21},"end":{"line":541,"column":9}}]},"21":{"type":"branch","line":335,"loc":{"start":{"line":335,"column":43},"end":{"line":337,"column":17}},"locations":[{"start":{"line":335,"column":43},"end":{"line":337,"column":17}}]},"22":{"type":"branch","line":345,"loc":{"start":{"line":345,"column":47},"end":{"line":369,"column":17}},"locations":[{"start":{"line":345,"column":47},"end":{"line":369,"column":17}}]},"23":{"type":"branch","line":364,"loc":{"start":{"line":364,"column":47},"end":{"line":366,"column":21}},"locations":[{"start":{"line":364,"column":47},"end":{"line":366,"column":21}}]},"24":{"type":"branch","line":369,"loc":{"start":{"line":369,"column":16},"end":{"line":380,"column":47}},"locations":[{"start":{"line":369,"column":16},"end":{"line":380,"column":47}}]},"25":{"type":"branch","line":380,"loc":{"start":{"line":380,"column":47},"end":{"line":407,"column":17}},"locations":[{"start":{"line":380,"column":47},"end":{"line":407,"column":17}}]},"26":{"type":"branch","line":400,"loc":{"start":{"line":400,"column":47},"end":{"line":402,"column":21}},"locations":[{"start":{"line":400,"column":47},"end":{"line":402,"column":21}}]},"27":{"type":"branch","line":408,"loc":{"start":{"line":408,"column":-1},"end":{"line":536,"column":17}},"locations":[{"start":{"line":408,"column":-1},"end":{"line":536,"column":17}}]},"28":{"type":"branch","line":422,"loc":{"start":{"line":422,"column":99},"end":{"line":454,"column":21}},"locations":[{"start":{"line":422,"column":99},"end":{"line":454,"column":21}}]},"29":{"type":"branch","line":427,"loc":{"start":{"line":427,"column":92},"end":{"line":453,"column":25}},"locations":[{"start":{"line":427,"column":92},"end":{"line":453,"column":25}}]},"30":{"type":"branch","line":454,"loc":{"start":{"line":454,"column":20},"end":{"line":459,"column":37}},"locations":[{"start":{"line":454,"column":20},"end":{"line":459,"column":37}}]},"31":{"type":"branch","line":459,"loc":{"start":{"line":459,"column":37},"end":{"line":513,"column":21}},"locations":[{"start":{"line":459,"column":37},"end":{"line":513,"column":21}}]},"32":{"type":"branch","line":463,"loc":{"start":{"line":463,"column":51},"end":{"line":465,"column":25}},"locations":[{"start":{"line":463,"column":51},"end":{"line":465,"column":25}}]},"33":{"type":"branch","line":471,"loc":{"start":{"line":471,"column":54},"end":{"line":495,"column":25}},"locations":[{"start":{"line":471,"column":54},"end":{"line":495,"column":25}}]},"34":{"type":"branch","line":496,"loc":{"start":{"line":496,"column":70},"end":{"line":508,"column":29}},"locations":[{"start":{"line":496,"column":70},"end":{"line":508,"column":29}}]},"35":{"type":"branch","line":513,"loc":{"start":{"line":513,"column":21},"end":{"line":535,"column":21}},"locations":[{"start":{"line":513,"column":21},"end":{"line":535,"column":21}}]},"36":{"type":"branch","line":521,"loc":{"start":{"line":521,"column":52},"end":{"line":531,"column":25}},"locations":[{"start":{"line":521,"column":52},"end":{"line":531,"column":25}}]},"37":{"type":"branch","line":538,"loc":{"start":{"line":538,"column":-1},"end":{"line":540,"column":13}},"locations":[{"start":{"line":538,"column":-1},"end":{"line":540,"column":13}}]},"38":{"type":"branch","line":342,"loc":{"start":{"line":342,"column":50},"end":{"line":342,"column":83}},"locations":[{"start":{"line":342,"column":50},"end":{"line":342,"column":83}}]},"39":{"type":"branch","line":373,"loc":{"start":{"line":373,"column":53},"end":{"line":373,"column":85}},"locations":[{"start":{"line":373,"column":53},"end":{"line":373,"column":85}}]},"40":{"type":"branch","line":374,"loc":{"start":{"line":374,"column":53},"end":{"line":374,"column":84}},"locations":[{"start":{"line":374,"column":53},"end":{"line":374,"column":84}}]},"41":{"type":"branch","line":375,"loc":{"start":{"line":375,"column":53},"end":{"line":375,"column":84}},"locations":[{"start":{"line":375,"column":53},"end":{"line":375,"column":84}}]},"42":{"type":"branch","line":410,"loc":{"start":{"line":410,"column":50},"end":{"line":410,"column":83}},"locations":[{"start":{"line":410,"column":50},"end":{"line":410,"column":83}}]},"43":{"type":"branch","line":412,"loc":{"start":{"line":412,"column":57},"end":{"line":412,"column":88}},"locations":[{"start":{"line":412,"column":57},"end":{"line":412,"column":88}}]},"44":{"type":"branch","line":413,"loc":{"start":{"line":413,"column":57},"end":{"line":413,"column":89}},"locations":[{"start":{"line":413,"column":57},"end":{"line":413,"column":89}}]},"45":{"type":"branch","line":415,"loc":{"start":{"line":415,"column":39},"end":{"line":417,"column":21}},"locations":[{"start":{"line":415,"column":39},"end":{"line":417,"column":21}}]},"46":{"type":"branch","line":423,"loc":{"start":{"line":423,"column":54},"end":{"line":423,"column":87}},"locations":[{"start":{"line":423,"column":54},"end":{"line":423,"column":87}}]},"47":{"type":"branch","line":424,"loc":{"start":{"line":424,"column":61},"end":{"line":424,"column":148}},"locations":[{"start":{"line":424,"column":61},"end":{"line":424,"column":148}}]},"48":{"type":"branch","line":550,"loc":{"start":{"line":550,"column":0},"end":{"line":822,"column":1}},"locations":[{"start":{"line":550,"column":0},"end":{"line":822,"column":1}}]},"49":{"type":"branch","line":570,"loc":{"start":{"line":570,"column":51},"end":{"line":572,"column":5}},"locations":[{"start":{"line":570,"column":51},"end":{"line":572,"column":5}}]},"50":{"type":"branch","line":582,"loc":{"start":{"line":582,"column":40},"end":{"line":606,"column":5}},"locations":[{"start":{"line":582,"column":40},"end":{"line":606,"column":5}}]},"51":{"type":"branch","line":585,"loc":{"start":{"line":585,"column":29},"end":{"line":596,"column":9}},"locations":[{"start":{"line":585,"column":29},"end":{"line":596,"column":9}}]},"52":{"type":"branch","line":590,"loc":{"start":{"line":590,"column":33},"end":{"line":593,"column":13}},"locations":[{"start":{"line":590,"column":33},"end":{"line":593,"column":13}}]},"53":{"type":"branch","line":596,"loc":{"start":{"line":596,"column":9},"end":{"line":605,"column":9}},"locations":[{"start":{"line":596,"column":9},"end":{"line":605,"column":9}}]},"54":{"type":"branch","line":601,"loc":{"start":{"line":601,"column":33},"end":{"line":604,"column":13}},"locations":[{"start":{"line":601,"column":33},"end":{"line":604,"column":13}}]},"55":{"type":"branch","line":619,"loc":{"start":{"line":619,"column":40},"end":{"line":646,"column":5}},"locations":[{"start":{"line":619,"column":40},"end":{"line":646,"column":5}}]},"56":{"type":"branch","line":625,"loc":{"start":{"line":625,"column":29},"end":{"line":636,"column":9}},"locations":[{"start":{"line":625,"column":29},"end":{"line":636,"column":9}}]},"57":{"type":"branch","line":630,"loc":{"start":{"line":630,"column":45},"end":{"line":633,"column":13}},"locations":[{"start":{"line":630,"column":45},"end":{"line":633,"column":13}}]},"58":{"type":"branch","line":636,"loc":{"start":{"line":636,"column":9},"end":{"line":645,"column":9}},"locations":[{"start":{"line":636,"column":9},"end":{"line":645,"column":9}}]},"59":{"type":"branch","line":641,"loc":{"start":{"line":641,"column":45},"end":{"line":644,"column":13}},"locations":[{"start":{"line":641,"column":45},"end":{"line":644,"column":13}}]},"60":{"type":"branch","line":662,"loc":{"start":{"line":662,"column":22},"end":{"line":662,"column":40}},"locations":[{"start":{"line":662,"column":22},"end":{"line":662,"column":40}}]},"61":{"type":"branch","line":662,"loc":{"start":{"line":662,"column":42},"end":{"line":687,"column":5}},"locations":[{"start":{"line":662,"column":42},"end":{"line":687,"column":5}}]},"62":{"type":"branch","line":681,"loc":{"start":{"line":681,"column":35},"end":{"line":683,"column":9}},"locations":[{"start":{"line":681,"column":35},"end":{"line":683,"column":9}}]},"63":{"type":"branch","line":687,"loc":{"start":{"line":687,"column":4},"end":{"line":692,"column":46}},"locations":[{"start":{"line":687,"column":4},"end":{"line":692,"column":46}}]},"64":{"type":"branch","line":692,"loc":{"start":{"line":692,"column":46},"end":{"line":738,"column":5}},"locations":[{"start":{"line":692,"column":46},"end":{"line":738,"column":5}}]},"65":{"type":"branch","line":738,"loc":{"start":{"line":738,"column":4},"end":{"line":751,"column":37}},"locations":[{"start":{"line":738,"column":4},"end":{"line":751,"column":37}}]},"66":{"type":"branch","line":751,"loc":{"start":{"line":751,"column":37},"end":{"line":757,"column":5}},"locations":[{"start":{"line":751,"column":37},"end":{"line":757,"column":5}}]},"67":{"type":"branch","line":757,"loc":{"start":{"line":757,"column":5},"end":{"line":780,"column":5}},"locations":[{"start":{"line":757,"column":5},"end":{"line":780,"column":5}}]},"68":{"type":"branch","line":780,"loc":{"start":{"line":780,"column":5},"end":{"line":792,"column":5}},"locations":[{"start":{"line":780,"column":5},"end":{"line":792,"column":5}}]},"69":{"type":"branch","line":792,"loc":{"start":{"line":792,"column":4},"end":{"line":817,"column":31}},"locations":[{"start":{"line":792,"column":4},"end":{"line":817,"column":31}}]},"70":{"type":"branch","line":817,"loc":{"start":{"line":817,"column":31},"end":{"line":819,"column":5}},"locations":[{"start":{"line":817,"column":31},"end":{"line":819,"column":5}}]},"71":{"type":"branch","line":819,"loc":{"start":{"line":819,"column":5},"end":{"line":821,"column":5}},"locations":[{"start":{"line":819,"column":5},"end":{"line":821,"column":5}}]},"72":{"type":"branch","line":552,"loc":{"start":{"line":552,"column":40},"end":{"line":552,"column":73}},"locations":[{"start":{"line":552,"column":40},"end":{"line":552,"column":73}}]},"73":{"type":"branch","line":558,"loc":{"start":{"line":558,"column":34},"end":{"line":558,"column":67}},"locations":[{"start":{"line":558,"column":34},"end":{"line":558,"column":67}}]},"74":{"type":"branch","line":561,"loc":{"start":{"line":561,"column":41},"end":{"line":561,"column":72}},"locations":[{"start":{"line":561,"column":41},"end":{"line":561,"column":72}}]},"75":{"type":"branch","line":564,"loc":{"start":{"line":564,"column":41},"end":{"line":564,"column":73}},"locations":[{"start":{"line":564,"column":41},"end":{"line":564,"column":73}}]},"76":{"type":"branch","line":575,"loc":{"start":{"line":575,"column":34},"end":{"line":575,"column":64}},"locations":[{"start":{"line":575,"column":34},"end":{"line":575,"column":64}}]},"77":{"type":"branch","line":609,"loc":{"start":{"line":609,"column":19},"end":{"line":609,"column":76}},"locations":[{"start":{"line":609,"column":19},"end":{"line":609,"column":76}}]},"78":{"type":"branch","line":612,"loc":{"start":{"line":612,"column":34},"end":{"line":612,"column":64}},"locations":[{"start":{"line":612,"column":34},"end":{"line":612,"column":64}}]},"79":{"type":"branch","line":649,"loc":{"start":{"line":649,"column":19},"end":{"line":649,"column":76}},"locations":[{"start":{"line":649,"column":19},"end":{"line":649,"column":76}}]}},"b":{"0":[0],"1":[0],"2":[0],"3":[22],"4":[0],"5":[0],"6":[4],"7":[18],"8":[0],"9":[0],"10":[1],"11":[0],"12":[1],"13":[0],"14":[1],"15":[0],"16":[22],"17":[0],"18":[13],"19":[22],"20":[22],"21":[0],"22":[4],"23":[0],"24":[18],"25":[1],"26":[0],"27":[17],"28":[4],"29":[0],"30":[12],"31":[5],"32":[0],"33":[0],"34":[10],"35":[7],"36":[0],"37":[0],"38":[1232],"39":[972],"40":[502],"41":[317],"42":[952],"43":[918],"44":[679],"45":[948],"46":[224],"47":[216],"48":[7],"49":[203],"50":[87],"51":[58],"52":[29],"53":[29],"54":[14],"55":[85],"56":[56],"57":[31],"58":[29],"59":[13],"60":[4],"61":[6],"62":[0],"63":[1],"64":[0],"65":[1],"66":[0],"67":[1],"68":[0],"69":[1],"70":[0],"71":[1],"72":[21],"73":[392],"74":[378],"75":[378],"76":[203],"77":[87],"78":[203],"79":[85]},"fnMap":{"0":{"name":"getDateTime","decl":{"start":{"line":59,"column":0},"end":{"line":73,"column":1}},"loc":{"start":{"line":59,"column":0},"end":{"line":73,"column":1}},"line":59},"1":{"name":"validateConnection","decl":{"start":{"line":75,"column":0},"end":{"line":80,"column":1}},"loc":{"start":{"line":75,"column":0},"end":{"line":80,"column":1}},"line":75},"2":{"name":"validatePool","decl":{"start":{"line":82,"column":0},"end":{"line":87,"column":1}},"loc":{"start":{"line":82,"column":0},"end":{"line":87,"column":1}},"line":82},"3":{"name":"validateQuery","decl":{"start":{"line":89,"column":0},"end":{"line":92,"column":1}},"loc":{"start":{"line":89,"column":0},"end":{"line":92,"column":1}},"line":89},"4":{"name":"test","decl":{"start":{"line":94,"column":0},"end":{"line":98,"column":1}},"loc":{"start":{"line":94,"column":0},"end":{"line":98,"column":1}},"line":94},"5":{"name":"handlerPlaceslist","decl":{"start":{"line":109,"column":0},"end":{"line":156,"column":1}},"loc":{"start":{"line":109,"column":0},"end":{"line":156,"column":1}},"line":109},"6":{"name":"handlerPlaces","decl":{"start":{"line":165,"column":0},"end":{"line":231,"column":1}},"loc":{"start":{"line":165,"column":0},"end":{"line":231,"column":1}},"line":165},"7":{"name":"handlerStreets","decl":{"start":{"line":240,"column":0},"end":{"line":290,"column":1}},"loc":{"start":{"line":240,"column":0},"end":{"line":290,"column":1}},"line":240},"8":{"name":"handlerGeocolocation","decl":{"start":{"line":300,"column":0},"end":{"line":544,"column":1}},"loc":{"start":{"line":300,"column":0},"end":{"line":544,"column":1}},"line":300},"9":{"name":"trying","decl":{"start":{"line":330,"column":37},"end":{"line":542,"column":5}},"loc":{"start":{"line":330,"column":37},"end":{"line":542,"column":5}},"line":330},"10":{"name":"ifEarlierThan1931","decl":{"start":{"line":550,"column":0},"end":{"line":822,"column":1}},"loc":{"start":{"line":550,"column":0},"end":{"line":822,"column":1}},"line":550}},"f":{"0":22,"1":0,"2":0,"3":0,"4":0,"5":1,"6":1,"7":1,"8":22,"9":22,"10":7}}
}
