{"total": {"lines":{"total":1206,"covered":820,"skipped":0,"pct":67.99},"statements":{"total":1206,"covered":820,"skipped":0,"pct":67.99},"functions":{"total":24,"covered":17,"skipped":0,"pct":70.83},"branches":{"total":112,"covered":80,"skipped":0,"pct":71.42},"branchesTrue":{"total":0,"covered":0,"skipped":0,"pct":100}}
,"/Users/fcasarotto/Workspace/usp_tcc/GeocodingAPI/controllers/confidenceRate.js": {"lines":{"total":37,"covered":32,"skipped":0,"pct":86.48},"functions":{"total":3,"covered":2,"skipped":0,"pct":66.66},"statements":{"total":37,"covered":32,"skipped":0,"pct":86.48},"branches":{"total":2,"covered":2,"skipped":0,"pct":100}}
,"/Users/fcasarotto/Workspace/usp_tcc/GeocodingAPI/controllers/dictionary.js": {"lines":{"total":25,"covered":2,"skipped":0,"pct":8},"functions":{"total":1,"covered":0,"skipped":0,"pct":0},"statements":{"total":25,"covered":2,"skipped":0,"pct":8},"branches":{"total":0,"covered":0,"skipped":0,"pct":100}}
,"/Users/fcasarotto/Workspace/usp_tcc/GeocodingAPI/controllers/lineLocate.js": {"lines":{"total":144,"covered":64,"skipped":0,"pct":44.44},"functions":{"total":3,"covered":2,"skipped":0,"pct":66.66},"statements":{"total":144,"covered":64,"skipped":0,"pct":44.44},"branches":{"total":6,"covered":5,"skipped":0,"pct":83.33}}
,"/Users/fcasarotto/Workspace/usp_tcc/GeocodingAPI/controllers/lineSubstring.js": {"lines":{"total":82,"covered":74,"skipped":0,"pct":90.24},"functions":{"total":2,"covered":2,"skipped":0,"pct":100},"statements":{"total":82,"covered":74,"skipped":0,"pct":90.24},"branches":{"total":11,"covered":9,"skipped":0,"pct":81.81}}
,"/Users/fcasarotto/Workspace/usp_tcc/GeocodingAPI/controllers/searchPoint.js": {"lines":{"total":90,"covered":83,"skipped":0,"pct":92.22},"functions":{"total":4,"covered":4,"skipped":0,"pct":100},"statements":{"total":90,"covered":83,"skipped":0,"pct":92.22},"branches":{"total":13,"covered":8,"skipped":0,"pct":61.53}}
,"/Users/fcasarotto/Workspace/usp_tcc/GeocodingAPI/routes/index.js": {"lines":{"total":828,"covered":565,"skipped":0,"pct":68.23},"functions":{"total":11,"covered":7,"skipped":0,"pct":63.63},"statements":{"total":828,"covered":565,"skipped":0,"pct":68.23},"branches":{"total":80,"covered":56,"skipped":0,"pct":70}}
}
