TN:
SF:controllers/confidenceRate.js
FN:4,Object.<anonymous>.exports.confidenceRateCode
FN:27,Object.<anonymous>.exports.confidenceRateLocate
FN:35,getDistance
FNF:3
FNH:2
FNDA:1,Object.<anonymous>.exports.confidenceRateCode
FNDA:0,Object.<anonymous>.exports.confidenceRateLocate
FNDA:4,getDistance
DA:1,1
DA:2,1
DA:3,1
DA:4,1
DA:5,1
DA:6,1
DA:7,1
DA:8,1
DA:9,1
DA:10,1
DA:11,1
DA:12,1
DA:13,1
DA:14,1
DA:15,1
DA:16,1
DA:17,1
DA:18,1
DA:19,1
DA:20,1
DA:21,1
DA:22,1
DA:23,1
DA:24,1
DA:25,1
DA:26,1
DA:27,1
DA:28,0
DA:29,0
DA:30,0
DA:31,0
DA:32,0
DA:33,1
DA:34,1
DA:35,1
DA:36,4
DA:37,4
LF:37
LH:32
BRDA:4,0,0,1
BRDA:35,1,0,4
BRF:2
BRH:2
end_of_record
TN:
SF:controllers/dictionary.js
FN:2,Object.<anonymous>.exports.dictionary
FNF:1
FNH:0
FNDA:0,Object.<anonymous>.exports.dictionary
DA:1,1
DA:2,1
DA:3,0
DA:4,0
DA:5,0
DA:6,0
DA:7,0
DA:8,0
DA:9,0
DA:10,0
DA:11,0
DA:12,0
DA:13,0
DA:14,0
DA:15,0
DA:16,0
DA:17,0
DA:18,0
DA:19,0
DA:20,0
DA:21,0
DA:22,0
DA:23,0
DA:24,0
DA:25,0
LF:25
LH:2
BRF:0
BRH:0
end_of_record
TN:
SF:controllers/lineLocate.js
FN:4,Object.<anonymous>.exports.lineLocate
FN:67,getDistance
FN:71,closestPoint
FNF:3
FNH:2
FNDA:2,Object.<anonymous>.exports.lineLocate
FNDA:134,getDistance
FNDA:0,closestPoint
DA:1,1
DA:2,1
DA:3,1
DA:4,1
DA:5,2
DA:6,2
DA:7,2
DA:8,2
DA:9,2
DA:10,2
DA:11,2
DA:12,2
DA:13,2
DA:14,2
DA:15,2
DA:16,2
DA:17,2
DA:18,2
DA:19,2
DA:20,2
DA:21,2
DA:22,2
DA:23,2
DA:24,2
DA:25,2
DA:26,36
DA:27,36
DA:28,36
DA:29,36
DA:30,36
DA:31,36
DA:32,36
DA:33,31
DA:34,31
DA:35,31
DA:36,36
DA:37,2
DA:38,2
DA:39,2
DA:40,0
DA:41,0
DA:42,0
DA:43,0
DA:44,0
DA:45,0
DA:46,0
DA:47,2
DA:48,2
DA:49,2
DA:50,2
DA:51,29
DA:52,29
DA:53,29
DA:54,29
DA:55,29
DA:56,2
DA:57,2
DA:58,2
DA:59,2
DA:60,2
DA:61,2
DA:62,2
DA:63,2
DA:64,2
DA:65,1
DA:66,1
DA:67,1
DA:68,134
DA:69,134
DA:70,1
DA:71,1
DA:72,0
DA:73,0
DA:74,0
DA:75,0
DA:76,0
DA:77,0
DA:78,0
DA:79,0
DA:80,0
DA:81,0
DA:82,0
DA:83,0
DA:84,0
DA:85,0
DA:86,0
DA:87,0
DA:88,0
DA:89,0
DA:90,0
DA:91,0
DA:92,0
DA:93,0
DA:94,0
DA:95,0
DA:96,0
DA:97,0
DA:98,0
DA:99,0
DA:100,0
DA:101,0
DA:102,0
DA:103,0
DA:104,0
DA:105,0
DA:106,0
DA:107,0
DA:108,0
DA:109,0
DA:110,0
DA:111,0
DA:112,0
DA:113,0
DA:114,0
DA:115,0
DA:116,0
DA:117,0
DA:118,0
DA:119,0
DA:120,0
DA:121,0
DA:122,0
DA:123,0
DA:124,0
DA:125,0
DA:126,0
DA:127,0
DA:128,0
DA:129,0
DA:130,0
DA:131,0
DA:132,0
DA:133,0
DA:134,0
DA:135,0
DA:136,0
DA:137,0
DA:138,0
DA:139,0
DA:140,0
DA:141,0
DA:142,0
DA:143,0
DA:144,0
LF:144
LH:64
BRDA:4,0,0,2
BRDA:25,1,0,36
BRDA:32,2,0,31
BRDA:39,3,0,0
BRDA:50,4,0,29
BRDA:67,5,0,134
BRF:6
BRH:5
end_of_record
TN:
SF:controllers/lineSubstring.js
FN:5,Object.<anonymous>.exports.lineSubstring
FN:80,getDistance
FNF:2
FNH:2
FNDA:1,Object.<anonymous>.exports.lineSubstring
FNDA:36,getDistance
DA:1,1
DA:2,1
DA:3,1
DA:4,1
DA:5,1
DA:6,1
DA:7,1
DA:8,1
DA:9,1
DA:10,1
DA:11,1
DA:12,1
DA:13,1
DA:14,1
DA:15,1
DA:16,1
DA:17,1
DA:18,1
DA:19,1
DA:20,1
DA:21,1
DA:22,1
DA:23,1
DA:24,1
DA:25,18
DA:26,18
DA:27,18
DA:28,18
DA:29,18
DA:30,18
DA:31,18
DA:32,18
DA:33,1
DA:34,1
DA:35,1
DA:36,1
DA:37,1
DA:38,19
DA:39,19
DA:40,19
DA:41,19
DA:42,19
DA:43,19
DA:44,171
DA:45,171
DA:46,171
DA:47,171
DA:48,19
DA:49,19
DA:50,19
DA:51,19
DA:52,1
DA:53,1
DA:54,1
DA:55,17
DA:56,17
DA:57,17
DA:58,1
DA:59,1
DA:60,1
DA:61,1
DA:62,16
DA:63,16
DA:64,17
DA:65,0
DA:66,0
DA:67,0
DA:68,0
DA:69,16
DA:70,16
DA:71,17
DA:72,0
DA:73,0
DA:74,0
DA:75,0
DA:76,17
DA:77,1
DA:78,1
DA:79,1
DA:80,1
DA:81,36
DA:82,36
LF:82
LH:74
BRDA:5,0,0,1
BRDA:24,1,0,18
BRDA:37,2,0,19
BRDA:43,3,0,171
BRDA:54,4,0,17
BRDA:57,5,0,1
BRDA:61,6,0,16
BRDA:64,7,0,0
BRDA:68,8,0,16
BRDA:71,9,0,0
BRDA:80,10,0,36
BRF:11
BRH:9
end_of_record
TN:
SF:controllers/searchPoint.js
FN:6,Object.<anonymous>.exports.getPoint
FN:52,getDistance
FN:58,getInterval
FN:70,getRes
FNF:4
FNH:4
FNDA:1,Object.<anonymous>.exports.getPoint
FNDA:1,getDistance
FNDA:1,getInterval
FNDA:1,getRes
DA:1,1
DA:2,1
DA:3,1
DA:4,1
DA:5,1
DA:6,1
DA:7,1
DA:8,1
DA:9,1
DA:10,0
DA:11,0
DA:12,1
DA:13,0
DA:14,0
DA:15,1
DA:16,1
DA:17,1
DA:18,1
DA:19,1
DA:20,1
DA:21,1
DA:22,1
DA:23,1
DA:24,1
DA:25,1
DA:26,1
DA:27,1
DA:28,1
DA:29,1
DA:30,1
DA:31,2
DA:32,1
DA:33,1
DA:34,1
DA:35,1
DA:36,1
DA:37,1
DA:38,1
DA:39,2
DA:40,1
DA:41,1
DA:42,1
DA:43,1
DA:44,1
DA:45,1
DA:46,1
DA:47,1
DA:48,1
DA:49,1
DA:50,1
DA:51,1
DA:52,1
DA:53,1
DA:54,1
DA:55,1
DA:56,1
DA:57,1
DA:58,1
DA:59,1
DA:60,1
DA:61,1
DA:62,2
DA:63,0
DA:64,0
DA:65,0
DA:66,2
DA:67,1
DA:68,1
DA:69,1
DA:70,1
DA:71,1
DA:72,1
DA:73,1
DA:74,1
DA:75,2
DA:76,2
DA:77,1
DA:78,1
DA:79,1
DA:80,1
DA:81,1
DA:82,1
DA:83,1
DA:84,1
DA:85,1
DA:86,1
DA:87,1
DA:88,1
DA:89,1
DA:90,1
LF:90
LH:83
BRDA:6,0,0,1
BRDA:9,1,0,0
BRDA:12,2,0,0
BRDA:25,3,0,0
BRDA:26,4,0,0
BRDA:30,5,0,2
BRDA:31,6,0,1
BRDA:52,7,0,1
BRDA:58,8,0,1
BRDA:61,9,0,2
BRDA:62,10,0,0
BRDA:70,11,0,1
BRDA:74,12,0,2
BRF:13
BRH:8
end_of_record
TN:
SF:routes/index.js
FN:59,getDateTime
FN:75,validateConnection
FN:82,validatePool
FN:89,validateQuery
FN:103,handlerPlaceslist
FN:159,handlerPlaces
FN:234,handlerStreets
FN:293,test
FN:299,ifEarlierThan1931
FN:573,handlerGeocolocation
FN:603,trying
FNF:11
FNH:7
FNDA:22,getDateTime
FNDA:0,validateConnection
FNDA:0,validatePool
FNDA:0,validateQuery
FNDA:1,handlerPlaceslist
FNDA:1,handlerPlaces
FNDA:1,handlerStreets
FNDA:0,test
FNDA:7,ifEarlierThan1931
FNDA:22,handlerGeocolocation
FNDA:22,trying
DA:1,1
DA:2,1
DA:3,1
DA:4,1
DA:5,1
DA:6,1
DA:7,1
DA:8,1
DA:9,1
DA:10,1
DA:11,1
DA:12,1
DA:13,1
DA:14,1
DA:15,1
DA:16,1
DA:17,1
DA:18,1
DA:19,1
DA:20,0
DA:21,0
DA:22,1
DA:23,1
DA:24,1
DA:25,1
DA:26,1
DA:27,1
DA:28,1
DA:29,1
DA:30,1
DA:31,1
DA:32,1
DA:33,1
DA:34,1
DA:35,1
DA:36,1
DA:37,1
DA:38,1
DA:39,1
DA:40,1
DA:41,1
DA:42,1
DA:43,1
DA:44,1
DA:45,1
DA:46,1
DA:47,1
DA:48,1
DA:49,1
DA:50,1
DA:51,1
DA:52,1
DA:53,1
DA:54,1
DA:55,1
DA:56,1
DA:57,1
DA:58,1
DA:59,22
DA:60,22
DA:61,22
DA:62,22
DA:63,22
DA:64,22
DA:65,22
DA:66,22
DA:67,22
DA:68,22
DA:69,22
DA:70,22
DA:71,22
DA:72,22
DA:73,22
DA:74,1
DA:75,0
DA:76,0
DA:77,0
DA:78,0
DA:79,0
DA:80,0
DA:81,1
DA:82,0
DA:83,0
DA:84,0
DA:85,0
DA:86,0
DA:87,0
DA:88,1
DA:89,0
DA:90,0
DA:91,0
DA:92,0
DA:93,1
DA:94,1
DA:95,1
DA:96,1
DA:97,1
DA:98,1
DA:99,1
DA:100,1
DA:101,1
DA:102,1
DA:103,1
DA:104,1
DA:105,1
DA:106,1
DA:107,1
DA:108,1
DA:109,0
DA:110,0
DA:111,0
DA:112,0
DA:113,0
DA:114,0
DA:115,0
DA:116,0
DA:117,0
DA:118,0
DA:119,0
DA:120,0
DA:121,1
DA:122,1
DA:123,1
DA:124,1
DA:125,1
DA:126,1
DA:127,1
DA:128,1
DA:129,1
DA:130,1
DA:131,1
DA:132,0
DA:133,0
DA:134,0
DA:135,0
DA:136,0
DA:137,0
DA:138,0
DA:139,0
DA:140,0
DA:141,0
DA:142,0
DA:143,0
DA:144,0
DA:145,0
DA:146,0
DA:147,1
DA:148,1
DA:149,1
DA:150,1
DA:151,1
DA:152,1
DA:153,0
DA:154,1
DA:155,1
DA:156,1
DA:157,1
DA:158,1
DA:159,1
DA:160,1
DA:161,1
DA:162,1
DA:163,1
DA:164,1
DA:165,0
DA:166,0
DA:167,0
DA:168,0
DA:169,0
DA:170,0
DA:171,0
DA:172,0
DA:173,0
DA:174,0
DA:175,0
DA:176,0
DA:177,1
DA:178,1
DA:179,1
DA:180,1
DA:181,1
DA:182,1
DA:183,1
DA:184,1
DA:185,1
DA:186,1
DA:187,1
DA:188,0
DA:189,0
DA:190,0
DA:191,0
DA:192,0
DA:193,0
DA:194,0
DA:195,0
DA:196,0
DA:197,0
DA:198,0
DA:199,0
DA:200,0
DA:201,0
DA:202,0
DA:203,0
DA:204,0
DA:205,0
DA:206,0
DA:207,0
DA:208,0
DA:209,0
DA:210,0
DA:211,0
DA:212,0
DA:213,0
DA:214,0
DA:215,0
DA:216,0
DA:217,0
DA:218,0
DA:219,0
DA:220,0
DA:221,0
DA:222,1
DA:223,1
DA:224,1
DA:225,1
DA:226,1
DA:227,1
DA:228,0
DA:229,1
DA:230,1
DA:231,1
DA:232,1
DA:233,1
DA:234,1
DA:235,1
DA:236,1
DA:237,1
DA:238,1
DA:239,1
DA:240,0
DA:241,0
DA:242,0
DA:243,0
DA:244,0
DA:245,0
DA:246,0
DA:247,0
DA:248,0
DA:249,0
DA:250,0
DA:251,0
DA:252,1
DA:253,1
DA:254,1
DA:255,1
DA:256,1
DA:257,1
DA:258,1
DA:259,1
DA:260,1
DA:261,1
DA:262,1
DA:263,0
DA:264,0
DA:265,0
DA:266,0
DA:267,0
DA:268,0
DA:269,0
DA:270,0
DA:271,0
DA:272,0
DA:273,0
DA:274,0
DA:275,0
DA:276,0
DA:277,0
DA:278,0
DA:279,0
DA:280,0
DA:281,1
DA:282,1
DA:283,1
DA:284,1
DA:285,1
DA:286,1
DA:287,0
DA:288,1
DA:289,1
DA:290,1
DA:291,1
DA:292,1
DA:293,0
DA:294,0
DA:295,0
DA:296,0
DA:297,0
DA:298,1
DA:299,7
DA:300,7
DA:301,7
DA:302,7
DA:303,7
DA:304,7
DA:305,7
DA:306,7
DA:307,7
DA:308,7
DA:309,7
DA:310,7
DA:311,7
DA:312,7
DA:313,7
DA:314,7
DA:315,7
DA:316,7
DA:317,7
DA:318,7
DA:319,7
DA:320,203
DA:321,203
DA:322,7
DA:323,7
DA:324,7
DA:325,7
DA:326,7
DA:327,7
DA:328,7
DA:329,7
DA:330,7
DA:331,7
DA:332,87
DA:333,87
DA:334,87
DA:335,58
DA:336,58
DA:337,58
DA:338,58
DA:339,58
DA:340,29
DA:341,29
DA:342,29
DA:343,58
DA:344,58
DA:345,87
DA:346,29
DA:347,29
DA:348,29
DA:349,29
DA:350,29
DA:351,14
DA:352,14
DA:353,14
DA:354,29
DA:355,87
DA:356,7
DA:357,7
DA:358,7
DA:359,7
DA:360,7
DA:361,7
DA:362,7
DA:363,7
DA:364,7
DA:365,7
DA:366,7
DA:367,7
DA:368,7
DA:369,85
DA:370,85
DA:371,85
DA:372,85
DA:373,85
DA:374,85
DA:375,56
DA:376,56
DA:377,56
DA:378,56
DA:379,56
DA:380,31
DA:381,31
DA:382,31
DA:383,56
DA:384,56
DA:385,85
DA:386,29
DA:387,29
DA:388,29
DA:389,29
DA:390,29
DA:391,13
DA:392,13
DA:393,13
DA:394,29
DA:395,85
DA:396,7
DA:397,7
DA:398,7
DA:399,7
DA:400,7
DA:401,7
DA:402,7
DA:403,7
DA:404,7
DA:405,7
DA:406,7
DA:407,7
DA:408,7
DA:409,7
DA:410,7
DA:411,7
DA:412,6
DA:413,6
DA:414,6
DA:415,6
DA:416,6
DA:417,6
DA:418,6
DA:419,6
DA:420,6
DA:421,6
DA:422,6
DA:423,6
DA:424,6
DA:425,6
DA:426,6
DA:427,6
DA:428,6
DA:429,6
DA:430,6
DA:431,0
DA:432,6
DA:433,6
DA:434,6
DA:435,6
DA:436,6
DA:437,1
DA:438,1
DA:439,1
DA:440,1
DA:441,7
DA:442,0
DA:443,0
DA:444,0
DA:445,0
DA:446,0
DA:447,0
DA:448,0
DA:449,0
DA:450,0
DA:451,0
DA:452,0
DA:453,0
DA:454,0
DA:455,0
DA:456,0
DA:457,0
DA:458,0
DA:459,0
DA:460,0
DA:461,0
DA:462,0
DA:463,0
DA:464,0
DA:465,0
DA:466,0
DA:467,0
DA:468,0
DA:469,0
DA:470,0
DA:471,0
DA:472,0
DA:473,0
DA:474,0
DA:475,0
DA:476,0
DA:477,0
DA:478,0
DA:479,0
DA:480,0
DA:481,0
DA:482,0
DA:483,0
DA:484,0
DA:485,0
DA:486,0
DA:487,0
DA:488,1
DA:489,1
DA:490,1
DA:491,1
DA:492,1
DA:493,1
DA:494,1
DA:495,1
DA:496,1
DA:497,1
DA:498,1
DA:499,1
DA:500,7
DA:501,0
DA:502,0
DA:503,0
DA:504,0
DA:505,0
DA:506,7
DA:507,1
DA:508,1
DA:509,1
DA:510,1
DA:511,1
DA:512,1
DA:513,1
DA:514,1
DA:515,1
DA:516,1
DA:517,1
DA:518,1
DA:519,1
DA:520,1
DA:521,1
DA:522,1
DA:523,1
DA:524,1
DA:525,1
DA:526,1
DA:527,1
DA:528,1
DA:529,7
DA:530,0
DA:531,0
DA:532,0
DA:533,0
DA:534,0
DA:535,0
DA:536,0
DA:537,0
DA:538,0
DA:539,0
DA:540,0
DA:541,0
DA:542,1
DA:543,1
DA:544,1
DA:545,1
DA:546,1
DA:547,1
DA:548,1
DA:549,1
DA:550,1
DA:551,1
DA:552,1
DA:553,1
DA:554,1
DA:555,1
DA:556,1
DA:557,1
DA:558,1
DA:559,1
DA:560,1
DA:561,1
DA:562,1
DA:563,1
DA:564,1
DA:565,1
DA:566,7
DA:567,0
DA:568,7
DA:569,1
DA:570,1
DA:571,7
DA:572,1
DA:573,22
DA:574,22
DA:575,22
DA:576,22
DA:577,22
DA:578,22
DA:579,22
DA:580,22
DA:581,22
DA:582,22
DA:583,22
DA:584,22
DA:585,22
DA:586,0
DA:587,0
DA:588,0
DA:589,22
DA:590,22
DA:591,22
DA:592,22
DA:593,22
DA:594,22
DA:595,22
DA:596,22
DA:597,22
DA:598,22
DA:599,22
DA:600,22
DA:601,22
DA:602,22
DA:603,22
DA:604,22
DA:605,22
DA:606,22
DA:607,22
DA:608,22
DA:609,0
DA:610,22
DA:611,22
DA:612,22
DA:613,22
DA:614,22
DA:615,22
DA:616,22
DA:617,22
DA:618,22
DA:619,4
DA:620,4
DA:621,4
DA:622,4
DA:623,4
DA:624,4
DA:625,4
DA:626,4
DA:627,4
DA:628,4
DA:629,4
DA:630,4
DA:631,4
DA:632,4
DA:633,4
DA:634,4
DA:635,4
DA:636,4
DA:637,4
DA:638,0
DA:639,4
DA:640,4
DA:641,4
DA:642,4
DA:643,18
DA:644,18
DA:645,18
DA:646,18
DA:647,18
DA:648,18
DA:649,18
DA:650,18
DA:651,18
DA:652,18
DA:653,22
DA:654,1
DA:655,1
DA:656,1
DA:657,1
DA:658,1
DA:659,1
DA:660,1
DA:661,1
DA:662,1
DA:663,1
DA:664,1
DA:665,1
DA:666,1
DA:667,1
DA:668,1
DA:669,1
DA:670,1
DA:671,1
DA:672,1
DA:673,1
DA:674,0
DA:675,1
DA:676,1
DA:677,1
DA:678,1
DA:679,1
DA:680,1
DA:681,17
DA:682,17
DA:683,17
DA:684,17
DA:685,17
DA:686,17
DA:687,17
DA:688,17
DA:689,948
DA:690,17
DA:691,17
DA:692,17
DA:693,17
DA:694,17
DA:695,17
DA:696,4
DA:697,4
DA:698,4
DA:699,4
DA:700,4
DA:701,0
DA:702,0
DA:703,0
DA:704,0
DA:705,0
DA:706,0
DA:707,0
DA:708,0
DA:709,0
DA:710,0
DA:711,0
DA:712,0
DA:713,0
DA:714,0
DA:715,0
DA:716,0
DA:717,0
DA:718,0
DA:719,0
DA:720,0
DA:721,0
DA:722,0
DA:723,0
DA:724,0
DA:725,0
DA:726,0
DA:727,4
DA:728,12
DA:729,12
DA:730,12
DA:731,12
DA:732,17
DA:733,5
DA:734,5
DA:735,5
DA:736,5
DA:737,0
DA:738,5
DA:739,5
DA:740,5
DA:741,5
DA:742,5
DA:743,5
DA:744,5
DA:745,0
DA:746,0
DA:747,0
DA:748,0
DA:749,0
DA:750,0
DA:751,0
DA:752,0
DA:753,0
DA:754,0
DA:755,0
DA:756,0
DA:757,0
DA:758,0
DA:759,0
DA:760,0
DA:761,0
DA:762,0
DA:763,0
DA:764,0
DA:765,0
DA:766,0
DA:767,0
DA:768,5
DA:769,5
DA:770,10
DA:771,10
DA:772,10
DA:773,10
DA:774,10
DA:775,10
DA:776,10
DA:777,10
DA:778,10
DA:779,10
DA:780,10
DA:781,10
DA:782,5
DA:783,5
DA:784,5
DA:785,5
DA:786,17
DA:787,7
DA:788,7
DA:789,7
DA:790,7
DA:791,7
DA:792,7
DA:793,7
DA:794,7
DA:795,0
DA:796,0
DA:797,0
DA:798,0
DA:799,0
DA:800,0
DA:801,0
DA:802,0
DA:803,0
DA:804,7
DA:805,7
DA:806,7
DA:807,7
DA:808,7
DA:809,17
DA:810,22
DA:811,0
DA:812,0
DA:813,0
DA:814,22
DA:815,22
DA:816,13
DA:817,13
DA:818,1
DA:819,1
DA:820,0
DA:821,1
DA:822,1
DA:823,1
DA:824,1
DA:825,1
DA:826,1
DA:827,1
LF:827
LH:564
BRDA:19,0,0,0
BRDA:19,1,0,0
BRDA:826,2,0,0
BRDA:59,3,0,22
BRDA:62,4,0,0
BRDA:64,5,0,0
BRDA:66,6,0,3
BRDA:66,7,0,19
BRDA:69,8,0,0
BRDA:71,9,0,0
BRDA:103,10,0,1
BRDA:131,11,0,0
BRDA:159,12,0,1
BRDA:187,13,0,0
BRDA:234,14,0,1
BRDA:262,15,0,0
BRDA:299,16,0,7
BRDA:319,17,0,203
BRDA:331,18,0,87
BRDA:334,19,0,58
BRDA:339,20,0,29
BRDA:345,21,0,29
BRDA:350,22,0,14
BRDA:368,23,0,85
BRDA:374,24,0,56
BRDA:379,25,0,31
BRDA:385,26,0,29
BRDA:390,27,0,13
BRDA:411,28,0,4
BRDA:411,29,0,6
BRDA:430,30,0,0
BRDA:436,31,0,1
BRDA:441,32,0,0
BRDA:487,33,0,1
BRDA:500,34,0,0
BRDA:506,35,0,1
BRDA:529,36,0,0
BRDA:541,37,0,1
BRDA:566,38,0,0
BRDA:568,39,0,1
BRDA:301,40,0,21
BRDA:307,41,0,392
BRDA:310,42,0,378
BRDA:313,43,0,378
BRDA:324,44,0,203
BRDA:358,45,0,87
BRDA:361,46,0,203
BRDA:398,47,0,85
BRDA:573,48,0,22
BRDA:585,49,0,0
BRDA:815,50,0,13
BRDA:603,51,0,22
BRDA:604,52,0,22
BRDA:608,53,0,0
BRDA:618,54,0,4
BRDA:637,55,0,0
BRDA:642,56,0,18
BRDA:653,57,0,1
BRDA:673,58,0,0
BRDA:681,59,0,17
BRDA:695,60,0,4
BRDA:700,61,0,0
BRDA:727,62,0,12
BRDA:732,63,0,5
BRDA:736,64,0,0
BRDA:744,65,0,0
BRDA:769,66,0,10
BRDA:786,67,0,7
BRDA:794,68,0,0
BRDA:811,69,0,0
BRDA:615,70,0,1232
BRDA:646,71,0,972
BRDA:647,72,0,502
BRDA:648,73,0,317
BRDA:683,74,0,952
BRDA:685,75,0,918
BRDA:686,76,0,679
BRDA:688,77,0,948
BRDA:696,78,0,224
BRDA:697,79,0,216
BRF:80
BRH:56
end_of_record
