TN:
SF:controllers/confidenceRate.js
FN:4,Object.<anonymous>.exports.confidenceRateCode
FN:27,Object.<anonymous>.exports.confidenceRateLocate
FN:35,getDistance
FNF:3
FNH:2
FNDA:1,Object.<anonymous>.exports.confidenceRateCode
FNDA:0,Object.<anonymous>.exports.confidenceRateLocate
FNDA:4,getDistance
DA:1,1
DA:2,1
DA:3,1
DA:4,1
DA:5,1
DA:6,1
DA:7,1
DA:8,1
DA:9,1
DA:10,1
DA:11,1
DA:12,1
DA:13,1
DA:14,1
DA:15,1
DA:16,1
DA:17,1
DA:18,1
DA:19,1
DA:20,1
DA:21,1
DA:22,1
DA:23,1
DA:24,1
DA:25,1
DA:26,1
DA:27,1
DA:28,0
DA:29,0
DA:30,0
DA:31,0
DA:32,0
DA:33,1
DA:34,1
DA:35,1
DA:36,4
DA:37,4
LF:37
LH:32
BRDA:4,0,0,1
BRDA:35,1,0,4
BRF:2
BRH:2
end_of_record
TN:
SF:controllers/dictionary.js
FN:2,Object.<anonymous>.exports.dictionary
FNF:1
FNH:0
FNDA:0,Object.<anonymous>.exports.dictionary
DA:1,1
DA:2,1
DA:3,0
DA:4,0
DA:5,0
DA:6,0
DA:7,0
DA:8,0
DA:9,0
DA:10,0
DA:11,0
DA:12,0
DA:13,0
DA:14,0
DA:15,0
DA:16,0
DA:17,0
DA:18,0
DA:19,0
DA:20,0
DA:21,0
DA:22,0
DA:23,0
DA:24,0
DA:25,0
LF:25
LH:2
BRF:0
BRH:0
end_of_record
TN:
SF:controllers/lineLocate.js
FN:4,Object.<anonymous>.exports.lineLocate
FN:67,getDistance
FN:71,closestPoint
FNF:3
FNH:2
FNDA:2,Object.<anonymous>.exports.lineLocate
FNDA:134,getDistance
FNDA:0,closestPoint
DA:1,1
DA:2,1
DA:3,1
DA:4,1
DA:5,2
DA:6,2
DA:7,2
DA:8,2
DA:9,2
DA:10,2
DA:11,2
DA:12,2
DA:13,2
DA:14,2
DA:15,2
DA:16,2
DA:17,2
DA:18,2
DA:19,2
DA:20,2
DA:21,2
DA:22,2
DA:23,2
DA:24,2
DA:25,2
DA:26,36
DA:27,36
DA:28,36
DA:29,36
DA:30,36
DA:31,36
DA:32,36
DA:33,31
DA:34,31
DA:35,31
DA:36,36
DA:37,2
DA:38,2
DA:39,2
DA:40,0
DA:41,0
DA:42,0
DA:43,0
DA:44,0
DA:45,0
DA:46,0
DA:47,2
DA:48,2
DA:49,2
DA:50,2
DA:51,29
DA:52,29
DA:53,29
DA:54,29
DA:55,29
DA:56,2
DA:57,2
DA:58,2
DA:59,2
DA:60,2
DA:61,2
DA:62,2
DA:63,2
DA:64,2
DA:65,1
DA:66,1
DA:67,1
DA:68,134
DA:69,134
DA:70,1
DA:71,1
DA:72,0
DA:73,0
DA:74,0
DA:75,0
DA:76,0
DA:77,0
DA:78,0
DA:79,0
DA:80,0
DA:81,0
DA:82,0
DA:83,0
DA:84,0
DA:85,0
DA:86,0
DA:87,0
DA:88,0
DA:89,0
DA:90,0
DA:91,0
DA:92,0
DA:93,0
DA:94,0
DA:95,0
DA:96,0
DA:97,0
DA:98,0
DA:99,0
DA:100,0
DA:101,0
DA:102,0
DA:103,0
DA:104,0
DA:105,0
DA:106,0
DA:107,0
DA:108,0
DA:109,0
DA:110,0
DA:111,0
DA:112,0
DA:113,0
DA:114,0
DA:115,0
DA:116,0
DA:117,0
DA:118,0
DA:119,0
DA:120,0
DA:121,0
DA:122,0
DA:123,0
DA:124,0
DA:125,0
DA:126,0
DA:127,0
DA:128,0
DA:129,0
DA:130,0
DA:131,0
DA:132,0
DA:133,0
DA:134,0
DA:135,0
DA:136,0
DA:137,0
DA:138,0
DA:139,0
DA:140,0
DA:141,0
DA:142,0
DA:143,0
DA:144,0
LF:144
LH:64
BRDA:4,0,0,2
BRDA:25,1,0,36
BRDA:32,2,0,31
BRDA:39,3,0,0
BRDA:50,4,0,29
BRDA:67,5,0,134
BRF:6
BRH:5
end_of_record
TN:
SF:controllers/lineSubstring.js
FN:5,Object.<anonymous>.exports.lineSubstring
FN:80,getDistance
FNF:2
FNH:2
FNDA:1,Object.<anonymous>.exports.lineSubstring
FNDA:36,getDistance
DA:1,1
DA:2,1
DA:3,1
DA:4,1
DA:5,1
DA:6,1
DA:7,1
DA:8,1
DA:9,1
DA:10,1
DA:11,1
DA:12,1
DA:13,1
DA:14,1
DA:15,1
DA:16,1
DA:17,1
DA:18,1
DA:19,1
DA:20,1
DA:21,1
DA:22,1
DA:23,1
DA:24,1
DA:25,18
DA:26,18
DA:27,18
DA:28,18
DA:29,18
DA:30,18
DA:31,18
DA:32,18
DA:33,1
DA:34,1
DA:35,1
DA:36,1
DA:37,1
DA:38,19
DA:39,19
DA:40,19
DA:41,19
DA:42,19
DA:43,19
DA:44,171
DA:45,171
DA:46,171
DA:47,171
DA:48,19
DA:49,19
DA:50,19
DA:51,19
DA:52,1
DA:53,1
DA:54,1
DA:55,17
DA:56,17
DA:57,17
DA:58,1
DA:59,1
DA:60,1
DA:61,1
DA:62,16
DA:63,16
DA:64,17
DA:65,0
DA:66,0
DA:67,0
DA:68,0
DA:69,16
DA:70,16
DA:71,17
DA:72,0
DA:73,0
DA:74,0
DA:75,0
DA:76,17
DA:77,1
DA:78,1
DA:79,1
DA:80,1
DA:81,36
DA:82,36
LF:82
LH:74
BRDA:5,0,0,1
BRDA:24,1,0,18
BRDA:37,2,0,19
BRDA:43,3,0,171
BRDA:54,4,0,17
BRDA:57,5,0,1
BRDA:61,6,0,16
BRDA:64,7,0,0
BRDA:68,8,0,16
BRDA:71,9,0,0
BRDA:80,10,0,36
BRF:11
BRH:9
end_of_record
TN:
SF:controllers/searchPoint.js
FN:6,Object.<anonymous>.exports.getPoint
FN:52,getDistance
FN:58,getInterval
FN:70,getRes
FNF:4
FNH:4
FNDA:1,Object.<anonymous>.exports.getPoint
FNDA:1,getDistance
FNDA:1,getInterval
FNDA:1,getRes
DA:1,1
DA:2,1
DA:3,1
DA:4,1
DA:5,1
DA:6,1
DA:7,1
DA:8,1
DA:9,1
DA:10,0
DA:11,0
DA:12,1
DA:13,0
DA:14,0
DA:15,1
DA:16,1
DA:17,1
DA:18,1
DA:19,1
DA:20,1
DA:21,1
DA:22,1
DA:23,1
DA:24,1
DA:25,1
DA:26,1
DA:27,1
DA:28,1
DA:29,1
DA:30,1
DA:31,2
DA:32,1
DA:33,1
DA:34,1
DA:35,1
DA:36,1
DA:37,1
DA:38,1
DA:39,2
DA:40,1
DA:41,1
DA:42,1
DA:43,1
DA:44,1
DA:45,1
DA:46,1
DA:47,1
DA:48,1
DA:49,1
DA:50,1
DA:51,1
DA:52,1
DA:53,1
DA:54,1
DA:55,1
DA:56,1
DA:57,1
DA:58,1
DA:59,1
DA:60,1
DA:61,1
DA:62,2
DA:63,0
DA:64,0
DA:65,0
DA:66,2
DA:67,1
DA:68,1
DA:69,1
DA:70,1
DA:71,1
DA:72,1
DA:73,1
DA:74,1
DA:75,2
DA:76,2
DA:77,1
DA:78,1
DA:79,1
DA:80,1
DA:81,1
DA:82,1
DA:83,1
DA:84,1
DA:85,1
DA:86,1
DA:87,1
DA:88,1
DA:89,1
DA:90,1
LF:90
LH:83
BRDA:6,0,0,1
BRDA:9,1,0,0
BRDA:12,2,0,0
BRDA:25,3,0,0
BRDA:26,4,0,0
BRDA:30,5,0,2
BRDA:31,6,0,1
BRDA:52,7,0,1
BRDA:58,8,0,1
BRDA:61,9,0,2
BRDA:62,10,0,0
BRDA:70,11,0,1
BRDA:74,12,0,2
BRF:13
BRH:8
end_of_record
TN:
SF:routes/index.js
FN:59,getDateTime
FN:75,validateConnection
FN:82,validatePool
FN:89,validateQuery
FN:94,test
FN:109,handlerPlaceslist
FN:165,handlerPlaces
FN:240,handlerStreets
FN:300,handlerGeocolocation
FN:330,trying
FN:550,ifEarlierThan1931
FNF:11
FNH:7
FNDA:22,getDateTime
FNDA:0,validateConnection
FNDA:0,validatePool
FNDA:0,validateQuery
FNDA:0,test
FNDA:1,handlerPlaceslist
FNDA:1,handlerPlaces
FNDA:1,handlerStreets
FNDA:22,handlerGeocolocation
FNDA:22,trying
FNDA:7,ifEarlierThan1931
DA:1,1
DA:2,1
DA:3,1
DA:4,1
DA:5,1
DA:6,1
DA:7,1
DA:8,1
DA:9,1
DA:10,1
DA:11,1
DA:12,1
DA:13,1
DA:14,1
DA:15,1
DA:16,1
DA:17,1
DA:18,1
DA:19,1
DA:20,0
DA:21,0
DA:22,1
DA:23,1
DA:24,1
DA:25,1
DA:26,1
DA:27,1
DA:28,1
DA:29,1
DA:30,1
DA:31,1
DA:32,1
DA:33,1
DA:34,1
DA:35,1
DA:36,1
DA:37,1
DA:38,1
DA:39,1
DA:40,1
DA:41,1
DA:42,1
DA:43,1
DA:44,1
DA:45,1
DA:46,1
DA:47,1
DA:48,1
DA:49,1
DA:50,1
DA:51,1
DA:52,1
DA:53,1
DA:54,1
DA:55,1
DA:56,1
DA:57,1
DA:58,1
DA:59,22
DA:60,22
DA:61,22
DA:62,22
DA:63,22
DA:64,22
DA:65,22
DA:66,22
DA:67,22
DA:68,22
DA:69,22
DA:70,22
DA:71,22
DA:72,22
DA:73,22
DA:74,1
DA:75,0
DA:76,0
DA:77,0
DA:78,0
DA:79,0
DA:80,0
DA:81,1
DA:82,0
DA:83,0
DA:84,0
DA:85,0
DA:86,0
DA:87,0
DA:88,1
DA:89,0
DA:90,0
DA:91,0
DA:92,0
DA:93,1
DA:94,0
DA:95,0
DA:96,0
DA:97,0
DA:98,0
DA:99,1
DA:100,1
DA:101,1
DA:102,1
DA:103,1
DA:104,1
DA:105,1
DA:106,1
DA:107,1
DA:108,1
DA:109,1
DA:110,1
DA:111,1
DA:112,1
DA:113,1
DA:114,1
DA:115,0
DA:116,0
DA:117,0
DA:118,0
DA:119,0
DA:120,0
DA:121,0
DA:122,0
DA:123,0
DA:124,0
DA:125,0
DA:126,0
DA:127,1
DA:128,1
DA:129,1
DA:130,1
DA:131,1
DA:132,1
DA:133,1
DA:134,1
DA:135,1
DA:136,1
DA:137,1
DA:138,0
DA:139,0
DA:140,0
DA:141,0
DA:142,0
DA:143,0
DA:144,0
DA:145,0
DA:146,0
DA:147,0
DA:148,0
DA:149,0
DA:150,0
DA:151,0
DA:152,0
DA:153,1
DA:154,1
DA:155,1
DA:156,1
DA:157,1
DA:158,1
DA:159,0
DA:160,1
DA:161,1
DA:162,1
DA:163,1
DA:164,1
DA:165,1
DA:166,1
DA:167,1
DA:168,1
DA:169,1
DA:170,1
DA:171,0
DA:172,0
DA:173,0
DA:174,0
DA:175,0
DA:176,0
DA:177,0
DA:178,0
DA:179,0
DA:180,0
DA:181,0
DA:182,0
DA:183,1
DA:184,1
DA:185,1
DA:186,1
DA:187,1
DA:188,1
DA:189,1
DA:190,1
DA:191,1
DA:192,1
DA:193,1
DA:194,0
DA:195,0
DA:196,0
DA:197,0
DA:198,0
DA:199,0
DA:200,0
DA:201,0
DA:202,0
DA:203,0
DA:204,0
DA:205,0
DA:206,0
DA:207,0
DA:208,0
DA:209,0
DA:210,0
DA:211,0
DA:212,0
DA:213,0
DA:214,0
DA:215,0
DA:216,0
DA:217,0
DA:218,0
DA:219,0
DA:220,0
DA:221,0
DA:222,0
DA:223,0
DA:224,0
DA:225,0
DA:226,0
DA:227,0
DA:228,1
DA:229,1
DA:230,1
DA:231,1
DA:232,1
DA:233,1
DA:234,0
DA:235,1
DA:236,1
DA:237,1
DA:238,1
DA:239,1
DA:240,1
DA:241,1
DA:242,1
DA:243,1
DA:244,1
DA:245,1
DA:246,0
DA:247,0
DA:248,0
DA:249,0
DA:250,0
DA:251,0
DA:252,0
DA:253,0
DA:254,0
DA:255,0
DA:256,0
DA:257,0
DA:258,1
DA:259,1
DA:260,1
DA:261,1
DA:262,1
DA:263,1
DA:264,1
DA:265,1
DA:266,1
DA:267,1
DA:268,1
DA:269,0
DA:270,0
DA:271,0
DA:272,0
DA:273,0
DA:274,0
DA:275,0
DA:276,0
DA:277,0
DA:278,0
DA:279,0
DA:280,0
DA:281,0
DA:282,0
DA:283,0
DA:284,0
DA:285,0
DA:286,0
DA:287,1
DA:288,1
DA:289,1
DA:290,1
DA:291,1
DA:292,1
DA:293,0
DA:294,1
DA:295,1
DA:296,1
DA:297,1
DA:298,1
DA:299,1
DA:300,22
DA:301,22
DA:302,22
DA:303,22
DA:304,22
DA:305,22
DA:306,22
DA:307,22
DA:308,22
DA:309,22
DA:310,22
DA:311,22
DA:312,22
DA:313,0
DA:314,0
DA:315,0
DA:316,22
DA:317,22
DA:318,22
DA:319,22
DA:320,22
DA:321,22
DA:322,22
DA:323,22
DA:324,22
DA:325,22
DA:326,22
DA:327,22
DA:328,22
DA:329,22
DA:330,22
DA:331,22
DA:332,22
DA:333,22
DA:334,22
DA:335,22
DA:336,0
DA:337,22
DA:338,22
DA:339,22
DA:340,22
DA:341,22
DA:342,22
DA:343,22
DA:344,22
DA:345,22
DA:346,4
DA:347,4
DA:348,4
DA:349,4
DA:350,4
DA:351,4
DA:352,4
DA:353,4
DA:354,4
DA:355,4
DA:356,4
DA:357,4
DA:358,4
DA:359,4
DA:360,4
DA:361,4
DA:362,4
DA:363,4
DA:364,4
DA:365,0
DA:366,4
DA:367,4
DA:368,4
DA:369,4
DA:370,18
DA:371,18
DA:372,18
DA:373,18
DA:374,18
DA:375,18
DA:376,18
DA:377,18
DA:378,18
DA:379,18
DA:380,22
DA:381,1
DA:382,1
DA:383,1
DA:384,1
DA:385,1
DA:386,1
DA:387,1
DA:388,1
DA:389,1
DA:390,1
DA:391,1
DA:392,1
DA:393,1
DA:394,1
DA:395,1
DA:396,1
DA:397,1
DA:398,1
DA:399,1
DA:400,1
DA:401,0
DA:402,1
DA:403,1
DA:404,1
DA:405,1
DA:406,1
DA:407,1
DA:408,17
DA:409,17
DA:410,17
DA:411,17
DA:412,17
DA:413,17
DA:414,17
DA:415,17
DA:416,948
DA:417,17
DA:418,17
DA:419,17
DA:420,17
DA:421,17
DA:422,17
DA:423,4
DA:424,4
DA:425,4
DA:426,4
DA:427,4
DA:428,0
DA:429,0
DA:430,0
DA:431,0
DA:432,0
DA:433,0
DA:434,0
DA:435,0
DA:436,0
DA:437,0
DA:438,0
DA:439,0
DA:440,0
DA:441,0
DA:442,0
DA:443,0
DA:444,0
DA:445,0
DA:446,0
DA:447,0
DA:448,0
DA:449,0
DA:450,0
DA:451,0
DA:452,0
DA:453,0
DA:454,4
DA:455,12
DA:456,12
DA:457,12
DA:458,12
DA:459,17
DA:460,5
DA:461,5
DA:462,5
DA:463,5
DA:464,0
DA:465,5
DA:466,5
DA:467,5
DA:468,5
DA:469,5
DA:470,5
DA:471,5
DA:472,0
DA:473,0
DA:474,0
DA:475,0
DA:476,0
DA:477,0
DA:478,0
DA:479,0
DA:480,0
DA:481,0
DA:482,0
DA:483,0
DA:484,0
DA:485,0
DA:486,0
DA:487,0
DA:488,0
DA:489,0
DA:490,0
DA:491,0
DA:492,0
DA:493,0
DA:494,0
DA:495,5
DA:496,5
DA:497,10
DA:498,10
DA:499,10
DA:500,10
DA:501,10
DA:502,10
DA:503,10
DA:504,10
DA:505,10
DA:506,10
DA:507,10
DA:508,10
DA:509,5
DA:510,5
DA:511,5
DA:512,5
DA:513,17
DA:514,7
DA:515,7
DA:516,7
DA:517,7
DA:518,7
DA:519,7
DA:520,7
DA:521,7
DA:522,0
DA:523,0
DA:524,0
DA:525,0
DA:526,0
DA:527,0
DA:528,0
DA:529,0
DA:530,0
DA:531,7
DA:532,7
DA:533,7
DA:534,7
DA:535,7
DA:536,17
DA:537,22
DA:538,0
DA:539,0
DA:540,0
DA:541,22
DA:542,22
DA:543,13
DA:544,13
DA:545,1
DA:546,1
DA:547,0
DA:548,1
DA:549,1
DA:550,7
DA:551,7
DA:552,7
DA:553,7
DA:554,7
DA:555,7
DA:556,7
DA:557,7
DA:558,7
DA:559,7
DA:560,7
DA:561,7
DA:562,7
DA:563,7
DA:564,7
DA:565,7
DA:566,7
DA:567,7
DA:568,7
DA:569,7
DA:570,7
DA:571,203
DA:572,203
DA:573,7
DA:574,7
DA:575,7
DA:576,7
DA:577,7
DA:578,7
DA:579,7
DA:580,7
DA:581,7
DA:582,7
DA:583,87
DA:584,87
DA:585,87
DA:586,58
DA:587,58
DA:588,58
DA:589,58
DA:590,58
DA:591,29
DA:592,29
DA:593,29
DA:594,58
DA:595,58
DA:596,87
DA:597,29
DA:598,29
DA:599,29
DA:600,29
DA:601,29
DA:602,14
DA:603,14
DA:604,14
DA:605,29
DA:606,87
DA:607,7
DA:608,7
DA:609,7
DA:610,7
DA:611,7
DA:612,7
DA:613,7
DA:614,7
DA:615,7
DA:616,7
DA:617,7
DA:618,7
DA:619,7
DA:620,85
DA:621,85
DA:622,85
DA:623,85
DA:624,85
DA:625,85
DA:626,56
DA:627,56
DA:628,56
DA:629,56
DA:630,56
DA:631,31
DA:632,31
DA:633,31
DA:634,56
DA:635,56
DA:636,85
DA:637,29
DA:638,29
DA:639,29
DA:640,29
DA:641,29
DA:642,13
DA:643,13
DA:644,13
DA:645,29
DA:646,85
DA:647,7
DA:648,7
DA:649,7
DA:650,7
DA:651,7
DA:652,7
DA:653,7
DA:654,7
DA:655,7
DA:656,7
DA:657,7
DA:658,7
DA:659,7
DA:660,7
DA:661,7
DA:662,7
DA:663,6
DA:664,6
DA:665,6
DA:666,6
DA:667,6
DA:668,6
DA:669,6
DA:670,6
DA:671,6
DA:672,6
DA:673,6
DA:674,6
DA:675,6
DA:676,6
DA:677,6
DA:678,6
DA:679,6
DA:680,6
DA:681,6
DA:682,0
DA:683,6
DA:684,6
DA:685,6
DA:686,6
DA:687,6
DA:688,1
DA:689,1
DA:690,1
DA:691,1
DA:692,7
DA:693,0
DA:694,0
DA:695,0
DA:696,0
DA:697,0
DA:698,0
DA:699,0
DA:700,0
DA:701,0
DA:702,0
DA:703,0
DA:704,0
DA:705,0
DA:706,0
DA:707,0
DA:708,0
DA:709,0
DA:710,0
DA:711,0
DA:712,0
DA:713,0
DA:714,0
DA:715,0
DA:716,0
DA:717,0
DA:718,0
DA:719,0
DA:720,0
DA:721,0
DA:722,0
DA:723,0
DA:724,0
DA:725,0
DA:726,0
DA:727,0
DA:728,0
DA:729,0
DA:730,0
DA:731,0
DA:732,0
DA:733,0
DA:734,0
DA:735,0
DA:736,0
DA:737,0
DA:738,0
DA:739,1
DA:740,1
DA:741,1
DA:742,1
DA:743,1
DA:744,1
DA:745,1
DA:746,1
DA:747,1
DA:748,1
DA:749,1
DA:750,1
DA:751,7
DA:752,0
DA:753,0
DA:754,0
DA:755,0
DA:756,0
DA:757,7
DA:758,1
DA:759,1
DA:760,1
DA:761,1
DA:762,1
DA:763,1
DA:764,1
DA:765,1
DA:766,1
DA:767,1
DA:768,1
DA:769,1
DA:770,1
DA:771,1
DA:772,1
DA:773,1
DA:774,1
DA:775,1
DA:776,1
DA:777,1
DA:778,1
DA:779,1
DA:780,7
DA:781,0
DA:782,0
DA:783,0
DA:784,0
DA:785,0
DA:786,0
DA:787,0
DA:788,0
DA:789,0
DA:790,0
DA:791,0
DA:792,0
DA:793,1
DA:794,1
DA:795,1
DA:796,1
DA:797,1
DA:798,1
DA:799,1
DA:800,1
DA:801,1
DA:802,1
DA:803,1
DA:804,1
DA:805,1
DA:806,1
DA:807,1
DA:808,1
DA:809,1
DA:810,1
DA:811,1
DA:812,1
DA:813,1
DA:814,1
DA:815,1
DA:816,1
DA:817,7
DA:818,0
DA:819,7
DA:820,1
DA:821,1
DA:822,7
DA:823,1
DA:824,1
DA:825,1
DA:826,1
DA:827,1
DA:828,1
LF:828
LH:565
BRDA:19,0,0,0
BRDA:19,1,0,0
BRDA:827,2,0,0
BRDA:59,3,0,22
BRDA:62,4,0,0
BRDA:64,5,0,0
BRDA:66,6,0,4
BRDA:66,7,0,18
BRDA:69,8,0,0
BRDA:71,9,0,0
BRDA:109,10,0,1
BRDA:137,11,0,0
BRDA:165,12,0,1
BRDA:193,13,0,0
BRDA:240,14,0,1
BRDA:268,15,0,0
BRDA:300,16,0,22
BRDA:312,17,0,0
BRDA:542,18,0,13
BRDA:330,19,0,22
BRDA:331,20,0,22
BRDA:335,21,0,0
BRDA:345,22,0,4
BRDA:364,23,0,0
BRDA:369,24,0,18
BRDA:380,25,0,1
BRDA:400,26,0,0
BRDA:408,27,0,17
BRDA:422,28,0,4
BRDA:427,29,0,0
BRDA:454,30,0,12
BRDA:459,31,0,5
BRDA:463,32,0,0
BRDA:471,33,0,0
BRDA:496,34,0,10
BRDA:513,35,0,7
BRDA:521,36,0,0
BRDA:538,37,0,0
BRDA:342,38,0,1232
BRDA:373,39,0,972
BRDA:374,40,0,502
BRDA:375,41,0,317
BRDA:410,42,0,952
BRDA:412,43,0,918
BRDA:413,44,0,679
BRDA:415,45,0,948
BRDA:423,46,0,224
BRDA:424,47,0,216
BRDA:550,48,0,7
BRDA:570,49,0,203
BRDA:582,50,0,87
BRDA:585,51,0,58
BRDA:590,52,0,29
BRDA:596,53,0,29
BRDA:601,54,0,14
BRDA:619,55,0,85
BRDA:625,56,0,56
BRDA:630,57,0,31
BRDA:636,58,0,29
BRDA:641,59,0,13
BRDA:662,60,0,4
BRDA:662,61,0,6
BRDA:681,62,0,0
BRDA:687,63,0,1
BRDA:692,64,0,0
BRDA:738,65,0,1
BRDA:751,66,0,0
BRDA:757,67,0,1
BRDA:780,68,0,0
BRDA:792,69,0,1
BRDA:817,70,0,0
BRDA:819,71,0,1
BRDA:552,72,0,21
BRDA:558,73,0,392
BRDA:561,74,0,378
BRDA:564,75,0,378
BRDA:575,76,0,203
BRDA:609,77,0,87
BRDA:612,78,0,203
BRDA:649,79,0,85
BRF:80
BRH:56
end_of_record
